/home/ggx/software/anaconda3/lib/python3.10/site-packages/xgboost/core.py:265: FutureWarning: Your system has an old version of glibc (< 2.28). We will stop supporting Linux distros with glibc older than 2.28 after **May 31, 2025**. Please upgrade to a recent Linux distro (with glibc 2.28+) to use future versions of XGBoost.
Note: You have installed the 'manylinux2014' variant of XGBoost. Certain features such as GPU algorithms or federated learning are not available. To use these features, please upgrade to a recent Linux distro with glibc 2.28+, and install the 'manylinux_2_28' variant.
  warnings.warn(
符号回归特征转换系统 - 智能并行版本
--------------------------------------------------
开始时间: 2026-01-04 00:08:11
Python版本: 3.10.14 (main, May  6 2024, 19:42:50) [GCC 11.2.0]
工作目录: /home/ggx/wls/DAC-code/CR-X/HCOOH-C/oupat-ST1
CPU核心数: 64

======================================================================
         符号回归特征转换与模型训练系统 - 智能并行版本
======================================================================

📊 启动系统监控...
🖥️  总CPU核心数: 64

🎯 将处理以下维度: [1, 2, 3, 4, 5, 6, 7, 8, 9, 10]

🎯 将要处理的维度: [1, 2, 3, 4, 5, 6, 7, 8, 9, 10]

🔧 智能分配CPU核心...
📊 分配策略: 每个维度 2 个核心
  维度 1D 分配到核心: [4, 7]
📊 系统监控 - 负载: (19.87, 49.43, 65.97), 内存使用率: 12.0%  维度 2D 分配到核心: [14, 15]
  维度 3D 分配到核心: [16, 17]
  维度 4D 分配到核心: [12, 18]
  维度 5D 分配到核心: [19, 20]
  维度 6D 分配到核心: [5, 21]
  维度 7D 分配到核心: [22, 23]
📊 系统监控 - 负载: (19.87, 49.43, 65.97), 内存使用率: 12.0%  维度 8D 分配到核心: [24, 25]
  维度 9D 分配到核心: [26, 27]
  维度 10D 分配到核心: [10, 28]

🚀 启动 10 个并行进程
[I 2026-01-04 00:08:17,008] A new study created in memory with name: st_10D
[进程 36016] 🔧 绑定到CPU核心: [10, 28]

============================================================
[进程 36016] 开始处理 10D 特征
============================================================
[进程 36016] 🔍 步骤1: 使用Optuna优化 10D 符号转换器
[I 2026-01-04 00:08:17,041] A new study created in memory with name: st_2D
[I 2026-01-04 00:08:17,041] A new study created in memory with name: st_9D
[I 2026-01-04 00:08:17,041] A new study created in memory with name: st_6D
[I 2026-01-04 00:08:17,041] A new study created in memory with name: st_3D
[I 2026-01-04 00:08:17,041] A new study created in memory with name: st_7D
[I 2026-01-04 00:08:17,053] A new study created in memory with name: st_8D
[I 2026-01-04 00:08:17,053] A new study created in memory with name: st_5D
[进程 36013] 🔧 绑定到CPU核心: [22, 23]

============================================================
[进程 36013] 开始处理 7D 特征
============================================================
[进程 36013] 🔍 步骤1: 使用Optuna优化 7D 符号转换器
[进程 36015] 🔧 绑定到CPU核心: [26, 27]

============================================================
[进程 36015] 开始处理 9D 特征
============================================================
[进程 36015] 🔍 步骤1: 使用Optuna优化 9D 符号转换器
[进程 36009] 🔧 绑定到CPU核心: [16, 17]

============================================================
[进程 36009] 开始处理 3D 特征
============================================================
[进程 36009] 🔍 步骤1: 使用Optuna优化 3D 符号转换器
[进程 36008] 🔧 绑定到CPU核心: [14, 15]

============================================================
[进程 36008] 开始处理 2D 特征
============================================================
[进程 36008] 🔍 步骤1: 使用Optuna优化 2D 符号转换器
[进程 36012] 🔧 绑定到CPU核心: [5, 21]

============================================================
[进程 36012] 开始处理 6D 特征
============================================================
[进程 36012] 🔍 步骤1: 使用Optuna优化 6D 符号转换器
[I 2026-01-04 00:08:17,063] A new study created in memory with name: st_4D
[进程 36011] 🔧 绑定到CPU核心: [19, 20]

============================================================
[进程 36011] 开始处理 5D 特征
============================================================
[进程 36011] 🔍 步骤1: 使用Optuna优化 5D 符号转换器
[进程 36014] 🔧 绑定到CPU核心: [24, 25]

============================================================
[进程 36014] 开始处理 8D 特征
============================================================
[进程 36014] 🔍 步骤1: 使用Optuna优化 8D 符号转换器
[I 2026-01-04 00:08:17,077] A new study created in memory with name: st_1D
[进程 36010] 🔧 绑定到CPU核心: [12, 18]

============================================================
[进程 36010] 开始处理 4D 特征
============================================================
[进程 36010] 🔍 步骤1: 使用Optuna优化 4D 符号转换器
[进程 36007] 🔧 绑定到CPU核心: [4, 7]

============================================================
[进程 36007] 开始处理 1D 特征
============================================================
[进程 36007] 🔍 步骤1: 使用Optuna优化 1D 符号转换器
[I 2026-01-04 00:08:38,684] Trial 0 finished with value: 0.1782810342323169 and parameters: {'p_crossover': 0.5123620356542088, 'p_subtree_mutation': 0.2901428612819832, 'p_hoist_mutation': 0.07496267007194922, 'p_point_mutation': 0.09342215639002932, 'population_size': 5000, 'generations': 10, 'function_set': ['add', 'sub', 'mul', 'div', 'abs', 'sqrt', 'log', 'inv', 'sin', 'cos'], 'parsimony_coefficient': 0.0015930522616241021, 'tournament_size': 15}. Best is trial 0 with value: 0.1782810342323169.
[I 2026-01-04 00:08:38,755] Trial 0 finished with value: 0.4181032667007268 and parameters: {'p_crossover': 0.5123620356542088, 'p_subtree_mutation': 0.2901428612819832, 'p_hoist_mutation': 0.07496267007194922, 'p_point_mutation': 0.09342215639002932, 'population_size': 5000, 'generations': 10, 'function_set': ['add', 'sub', 'mul', 'div', 'abs', 'sqrt', 'log', 'inv', 'sin', 'cos'], 'parsimony_coefficient': 0.0015930522616241021, 'tournament_size': 15}. Best is trial 0 with value: 0.4181032667007268.
[I 2026-01-04 00:08:38,755] Trial 0 finished with value: 0.39087031093206004 and parameters: {'p_crossover': 0.5123620356542088, 'p_subtree_mutation': 0.2901428612819832, 'p_hoist_mutation': 0.07496267007194922, 'p_point_mutation': 0.09342215639002932, 'population_size': 5000, 'generations': 10, 'function_set': ['add', 'sub', 'mul', 'div', 'abs', 'sqrt', 'log', 'inv', 'sin', 'cos'], 'parsimony_coefficient': 0.0015930522616241021, 'tournament_size': 15}. Best is trial 0 with value: 0.39087031093206004.
[I 2026-01-04 00:08:38,792] Trial 0 finished with value: 0.42759042543433157 and parameters: {'p_crossover': 0.5123620356542088, 'p_subtree_mutation': 0.2901428612819832, 'p_hoist_mutation': 0.07496267007194922, 'p_point_mutation': 0.09342215639002932, 'population_size': 5000, 'generations': 10, 'function_set': ['add', 'sub', 'mul', 'div', 'abs', 'sqrt', 'log', 'inv', 'sin', 'cos'], 'parsimony_coefficient': 0.0015930522616241021, 'tournament_size': 15}. Best is trial 0 with value: 0.42759042543433157.
[I 2026-01-04 00:08:38,796] Trial 0 finished with value: 0.1706857106972963 and parameters: {'p_crossover': 0.5123620356542088, 'p_subtree_mutation': 0.2901428612819832, 'p_hoist_mutation': 0.07496267007194922, 'p_point_mutation': 0.09342215639002932, 'population_size': 5000, 'generations': 10, 'function_set': ['add', 'sub', 'mul', 'div', 'abs', 'sqrt', 'log', 'inv', 'sin', 'cos'], 'parsimony_coefficient': 0.0015930522616241021, 'tournament_size': 15}. Best is trial 0 with value: 0.1706857106972963.
[I 2026-01-04 00:08:38,945] Trial 0 finished with value: 0.2059574760657221 and parameters: {'p_crossover': 0.5123620356542088, 'p_subtree_mutation': 0.2901428612819832, 'p_hoist_mutation': 0.07496267007194922, 'p_point_mutation': 0.09342215639002932, 'population_size': 5000, 'generations': 10, 'function_set': ['add', 'sub', 'mul', 'div', 'abs', 'sqrt', 'log', 'inv', 'sin', 'cos'], 'parsimony_coefficient': 0.0015930522616241021, 'tournament_size': 15}. Best is trial 0 with value: 0.2059574760657221.
[I 2026-01-04 00:08:47,282] Trial 0 finished with value: 0.35613287015938766 and parameters: {'p_crossover': 0.5123620356542088, 'p_subtree_mutation': 0.2901428612819832, 'p_hoist_mutation': 0.07496267007194922, 'p_point_mutation': 0.09342215639002932, 'population_size': 5000, 'generations': 10, 'function_set': ['add', 'sub', 'mul', 'div', 'abs', 'sqrt', 'log', 'inv', 'sin', 'cos'], 'parsimony_coefficient': 0.0015930522616241021, 'tournament_size': 15}. Best is trial 0 with value: 0.35613287015938766.
[I 2026-01-04 00:08:48,586] Trial 0 finished with value: 0.3240580445578124 and parameters: {'p_crossover': 0.5123620356542088, 'p_subtree_mutation': 0.2901428612819832, 'p_hoist_mutation': 0.07496267007194922, 'p_point_mutation': 0.09342215639002932, 'population_size': 5000, 'generations': 10, 'function_set': ['add', 'sub', 'mul', 'div', 'abs', 'sqrt', 'log', 'inv', 'sin', 'cos'], 'parsimony_coefficient': 0.0015930522616241021, 'tournament_size': 15}. Best is trial 0 with value: 0.3240580445578124.
[I 2026-01-04 00:08:50,087] Trial 0 finished with value: 0.411253623417844 and parameters: {'p_crossover': 0.5123620356542088, 'p_subtree_mutation': 0.2901428612819832, 'p_hoist_mutation': 0.07496267007194922, 'p_point_mutation': 0.09342215639002932, 'population_size': 5000, 'generations': 10, 'function_set': ['add', 'sub', 'mul', 'div', 'abs', 'sqrt', 'log', 'inv', 'sin', 'cos'], 'parsimony_coefficient': 0.0015930522616241021, 'tournament_size': 15}. Best is trial 0 with value: 0.411253623417844.
[I 2026-01-04 00:08:55,237] Trial 0 finished with value: 0.25778343623681854 and parameters: {'p_crossover': 0.5123620356542088, 'p_subtree_mutation': 0.2901428612819832, 'p_hoist_mutation': 0.07496267007194922, 'p_point_mutation': 0.09342215639002932, 'population_size': 5000, 'generations': 10, 'function_set': ['add', 'sub', 'mul', 'div', 'abs', 'sqrt', 'log', 'inv', 'sin', 'cos'], 'parsimony_coefficient': 0.0015930522616241021, 'tournament_size': 15}. Best is trial 0 with value: 0.25778343623681854.
[I 2026-01-04 00:09:18,098] Trial 1 finished with value: 0.4159496425982116 and parameters: {'p_crossover': 0.40617534828874075, 'p_subtree_mutation': 0.2939819704323988, 'p_hoist_mutation': 0.08491983767203796, 'p_point_mutation': 0.08501956994200512, 'population_size': 10000, 'generations': 10, 'function_set': ['add', 'sub', 'mul', 'div', 'abs', 'sqrt', 'log', 'inv', 'sin', 'cos'], 'parsimony_coefficient': 0.0007309539835912913, 'tournament_size': 5}. Best is trial 1 with value: 0.4159496425982116.
[I 2026-01-04 00:09:18,259] Trial 1 finished with value: 0.1747143966714043 and parameters: {'p_crossover': 0.40617534828874075, 'p_subtree_mutation': 0.2939819704323988, 'p_hoist_mutation': 0.08491983767203796, 'p_point_mutation': 0.08501956994200512, 'population_size': 10000, 'generations': 10, 'function_set': ['add', 'sub', 'mul', 'div', 'abs', 'sqrt', 'log', 'inv', 'sin', 'cos'], 'parsimony_coefficient': 0.0007309539835912913, 'tournament_size': 5}. Best is trial 0 with value: 0.4181032667007268.
[I 2026-01-04 00:09:18,464] Trial 1 finished with value: 0.2129161999601293 and parameters: {'p_crossover': 0.40617534828874075, 'p_subtree_mutation': 0.2939819704323988, 'p_hoist_mutation': 0.08491983767203796, 'p_point_mutation': 0.08501956994200512, 'population_size': 10000, 'generations': 10, 'function_set': ['add', 'sub', 'mul', 'div', 'abs', 'sqrt', 'log', 'inv', 'sin', 'cos'], 'parsimony_coefficient': 0.0007309539835912913, 'tournament_size': 5}. Best is trial 0 with value: 0.42759042543433157.
[I 2026-01-04 00:09:18,474] Trial 1 finished with value: 0.46448525211017355 and parameters: {'p_crossover': 0.40617534828874075, 'p_subtree_mutation': 0.2939819704323988, 'p_hoist_mutation': 0.08491983767203796, 'p_point_mutation': 0.08501956994200512, 'population_size': 10000, 'generations': 10, 'function_set': ['add', 'sub', 'mul', 'div', 'abs', 'sqrt', 'log', 'inv', 'sin', 'cos'], 'parsimony_coefficient': 0.0007309539835912913, 'tournament_size': 5}. Best is trial 1 with value: 0.46448525211017355.
[I 2026-01-04 00:09:18,480] Trial 1 finished with value: 0.4146849535913575 and parameters: {'p_crossover': 0.40617534828874075, 'p_subtree_mutation': 0.2939819704323988, 'p_hoist_mutation': 0.08491983767203796, 'p_point_mutation': 0.08501956994200512, 'population_size': 10000, 'generations': 10, 'function_set': ['add', 'sub', 'mul', 'div', 'abs', 'sqrt', 'log', 'inv', 'sin', 'cos'], 'parsimony_coefficient': 0.0007309539835912913, 'tournament_size': 5}. Best is trial 1 with value: 0.4146849535913575.
[I 2026-01-04 00:09:20,160] Trial 1 finished with value: 0.3601669758972901 and parameters: {'p_crossover': 0.40617534828874075, 'p_subtree_mutation': 0.2939819704323988, 'p_hoist_mutation': 0.08491983767203796, 'p_point_mutation': 0.08501956994200512, 'population_size': 10000, 'generations': 10, 'function_set': ['add', 'sub', 'mul', 'div', 'abs', 'sqrt', 'log', 'inv', 'sin', 'cos'], 'parsimony_coefficient': 0.0007309539835912913, 'tournament_size': 5}. Best is trial 1 with value: 0.3601669758972901.
[I 2026-01-04 00:09:44,912] Trial 1 finished with value: 0.3807419151770766 and parameters: {'p_crossover': 0.40617534828874075, 'p_subtree_mutation': 0.2939819704323988, 'p_hoist_mutation': 0.08491983767203796, 'p_point_mutation': 0.08501956994200512, 'population_size': 10000, 'generations': 10, 'function_set': ['add', 'sub', 'mul', 'div', 'abs', 'sqrt', 'log', 'inv', 'sin', 'cos'], 'parsimony_coefficient': 0.0007309539835912913, 'tournament_size': 5}. Best is trial 1 with value: 0.3807419151770766.
[I 2026-01-04 00:09:46,475] Trial 1 finished with value: 0.3187741750135163 and parameters: {'p_crossover': 0.40617534828874075, 'p_subtree_mutation': 0.2939819704323988, 'p_hoist_mutation': 0.08491983767203796, 'p_point_mutation': 0.08501956994200512, 'population_size': 10000, 'generations': 10, 'function_set': ['add', 'sub', 'mul', 'div', 'abs', 'sqrt', 'log', 'inv', 'sin', 'cos'], 'parsimony_coefficient': 0.0007309539835912913, 'tournament_size': 5}. Best is trial 0 with value: 0.411253623417844.
[I 2026-01-04 00:09:53,186] Trial 1 finished with value: 0.4087095822992459 and parameters: {'p_crossover': 0.40617534828874075, 'p_subtree_mutation': 0.2939819704323988, 'p_hoist_mutation': 0.08491983767203796, 'p_point_mutation': 0.08501956994200512, 'population_size': 10000, 'generations': 10, 'function_set': ['add', 'sub', 'mul', 'div', 'abs', 'sqrt', 'log', 'inv', 'sin', 'cos'], 'parsimony_coefficient': 0.0007309539835912913, 'tournament_size': 5}. Best is trial 1 with value: 0.4087095822992459.
[I 2026-01-04 00:10:04,647] Trial 1 finished with value: -0.019371771145067163 and parameters: {'p_crossover': 0.40617534828874075, 'p_subtree_mutation': 0.2939819704323988, 'p_hoist_mutation': 0.08491983767203796, 'p_point_mutation': 0.08501956994200512, 'population_size': 10000, 'generations': 10, 'function_set': ['add', 'sub', 'mul', 'div', 'abs', 'sqrt', 'log', 'inv', 'sin', 'cos'], 'parsimony_coefficient': 0.0007309539835912913, 'tournament_size': 5}. Best is trial 0 with value: 0.25778343623681854.
📊 系统监控 - 负载: (19.64, 48.89, 65.7), 内存使用率: 12.7%📊 系统监控 - 负载: (19.64, 48.89, 65.7), 内存使用率: 13.4%📊 系统监控 - 负载: (20.23, 48.53, 65.5), 内存使用率: 13.5%📊 系统监控 - 负载: (21.01, 48.22, 65.31), 内存使用率: 13.7%📊 系统监控 - 负载: (21.01, 48.22, 65.31), 内存使用率: 13.7%📊 系统监控 - 负载: (22.21, 48.02, 65.15), 内存使用率: 13.8%📊 系统监控 - 负载: (22.21, 48.02, 65.15), 内存使用率: 13.9%📊 系统监控 - 负载: (23.08, 47.77, 64.98), 内存使用率: 13.9%📊 系统监控 - 负载: (24.03, 47.56, 64.81), 内存使用率: 14.0%📊 系统监控 - 负载: (24.03, 47.56, 64.81), 内存使用率: 14.3%📊 系统监控 - 负载: (24.99, 47.37, 64.66), 内存使用率: 14.3%📊 系统监控 - 负载: (24.99, 47.37, 64.66), 内存使用率: 14.3%📊 系统监控 - 负载: (25.79, 47.16, 64.5), 内存使用率: 14.7%📊 系统监控 - 负载: (26.69, 46.99, 64.35), 内存使用率: 14.6%📊 系统监控 - 负载: (26.69, 46.99, 64.35), 内存使用率: 14.8%📊 系统监控 - 负载: (27.35, 46.79, 64.19), 内存使用率: 14.8%📊 系统监控 - 负载: (27.35, 46.79, 64.19), 内存使用率: 14.9%📊 系统监控 - 负载: (27.89, 46.58, 64.03), 内存使用率: 14.9%📊 系统监控 - 负载: (28.54, 46.41, 63.88), 内存使用率: 15.0%📊 系统监控 - 负载: (28.54, 46.41, 63.88), 内存使用率: 15.0%📊 系统监控 - 负载: (28.89, 46.18, 63.72), 内存使用率: 15.1%📊 系统监控 - 负载: (28.89, 46.18, 63.72), 内存使用率: 15.1%📊 系统监控 - 负载: (29.3, 45.98, 63.56), 内存使用率: 15.0%📊 系统监控 - 负载: (29.84, 45.82, 63.41), 内存使用率: 15.1%📊 系统监控 - 负载: (29.84, 45.82, 63.41), 内存使用率: 15.1%📊 系统监控 - 负载: (30.25, 45.64, 63.26), 内存使用率: 15.2%📊 系统监控 - 负载: (30.25, 45.64, 63.26), 内存使用率: 15.2%📊 系统监控 - 负载: (30.79, 45.49, 63.12), 内存使用率: 15.2%📊 系统监控 - 负载: (31.29, 45.35, 62.97), 内存使用率: 15.3%📊 系统监控 - 负载: (31.29, 45.35, 62.97), 内存使用率: 15.3%📊 系统监控 - 负载: (31.27, 45.11, 62.8), 内存使用率: 15.4%📊 系统监控 - 负载: (31.27, 45.11, 62.8), 内存使用率: 15.5%📊 系统监控 - 负载: (31.49, 44.93, 62.65), 内存使用率: 15.3%📊 系统监控 - 负载: (32.09, 44.83, 62.52), 内存使用率: 15.3%📊 系统监控 - 负载: (32.09, 44.83, 62.52), 内存使用率: 15.4%📊 系统监控 - 负载: (32.08, 44.62, 62.36), 内存使用率: 15.5%📊 系统监控 - 负载: (32.08, 44.62, 62.36), 内存使用率: 15.5%📊 系统监控 - 负载: (32.31, 44.46, 62.21), 内存使用率: 15.6%📊 系统监控 - 负载: (32.29, 44.25, 62.05), 内存使用率: 15.6%📊 系统监控 - 负载: (32.29, 44.25, 62.05), 内存使用率: 15.8%📊 系统监控 - 负载: (32.67, 44.13, 61.91), 内存使用率: 15.9%📊 系统监控 - 负载: (32.67, 44.13, 61.91), 内存使用率: 16.0%📊 系统监控 - 负载: (32.45, 43.9, 61.74), 内存使用率: 15.9%📊 系统监控 - 负载: (32.74, 43.76, 61.6), 内存使用率: 16.1%📊 系统监控 - 负载: (32.74, 43.76, 61.6), 内存使用率: 15.9%📊 系统监控 - 负载: (33.24, 43.69, 61.48), 内存使用率: 15.9%📊 系统监控 - 负载: (33.24, 43.69, 61.48), 内存使用率: 15.8%📊 系统监控 - 负载: (33.3, 43.52, 61.33), 内存使用率: 16.0%📊 系统监控 - 负载: (33.28, 43.35, 61.18), 内存使用率: 15.7%📊 系统监控 - 负载: (33.28, 43.35, 61.18), 内存使用率: 16.0%📊 系统监控 - 负载: (33.73, 43.28, 61.06), 内存使用率: 16.1%📊 系统监控 - 负载: (33.73, 43.28, 61.06), 内存使用率: 16.0%📊 系统监控 - 负载: (33.68, 43.11, 60.91), 内存使用率: 16.1%📊 系统监控 - 负载: (33.7, 42.96, 60.77), 内存使用率: 16.0%📊 系统监控 - 负载: (33.7, 42.96, 60.77), 内存使用率: 16.1%📊 系统监控 - 负载: (33.89, 42.84, 60.64), 内存使用率: 16.2%📊 系统监控 - 负载: (34.14, 42.74, 60.51), 内存使用率: 16.1%📊 系统监控 - 负载: (34.14, 42.74, 60.51), 内存使用率: 16.1%📊 系统监控 - 负载: (33.8, 42.53, 60.34), 内存使用率: 16.2%📊 系统监控 - 负载: (33.8, 42.53, 60.34), 内存使用率: 16.2%📊 系统监控 - 负载: (33.74, 42.37, 60.2), 内存使用率: 16.1%📊 系统监控 - 负载: (33.92, 42.27, 60.07), 内存使用率: 16.4%📊 系统监控 - 负载: (33.92, 42.27, 60.07), 内存使用率: 16.4%📊 系统监控 - 负载: (34.01, 42.15, 59.93), 内存使用率: 16.3%📊 系统监控 - 负载: (34.01, 42.15, 59.93), 内存使用率: 16.3%📊 系统监控 - 负载: (34.09, 42.03, 59.8), 内存使用率: 16.6%📊 系统监控 - 负载: (34.0, 41.88, 59.65), 内存使用率: 16.4%📊 系统监控 - 负载: (34.0, 41.88, 59.65), 内存使用率: 16.6%📊 系统监控 - 负载: (33.6, 41.66, 59.49), 内存使用率: 16.7%📊 系统监控 - 负载: (33.6, 41.66, 59.49), 内存使用率: 16.7%📊 系统监控 - 负载: (33.79, 41.57, 59.36), 内存使用率: 16.6%📊 系统监控 - 负载: (33.49, 41.38, 59.21), 内存使用率: 16.7%📊 系统监控 - 负载: (33.49, 41.38, 59.21), 内存使用率: 16.6%📊 系统监控 - 负载: (33.37, 41.22, 59.06), 内存使用率: 16.8%📊 系统监控 - 负载: (33.37, 41.22, 59.06), 内存使用率: 16.9%📊 系统监控 - 负载: (33.5, 41.12, 58.93), 内存使用率: 16.9%📊 系统监控 - 负载: (33.54, 41.0, 58.8), 内存使用率: 16.7%📊 系统监控 - 负载: (33.54, 41.0, 58.8), 内存使用率: 16.8%📊 系统监控 - 负载: (33.5, 40.87, 58.66), 内存使用率: 16.8%📊 系统监控 - 负载: (33.5, 40.87, 58.66), 内存使用率: 17.0%📊 系统监控 - 负载: (33.38, 40.72, 58.52), 内存使用率: 16.9%📊 系统监控 - 负载: (33.51, 40.63, 58.39), 内存使用率: 16.9%📊 系统监控 - 负载: (33.51, 40.63, 58.39), 内存使用率: 16.9%📊 系统监控 - 负载: (33.63, 40.53, 58.26), 内存使用率: 16.9%📊 系统监控 - 负载: (33.63, 40.53, 58.26), 内存使用率: 16.8%📊 系统监控 - 负载: (33.66, 40.42, 58.13), 内存使用率: 16.9%📊 系统监控 - 负载: (34.0, 40.38, 58.03), 内存使用率: 17.0%📊 系统监控 - 负载: (34.0, 40.38, 58.03), 内存使用率: 16.9%📊 系统监控 - 负载: (33.68, 40.21, 57.87), 内存使用率: 17.0%📊 系统监控 - 负载: (33.68, 40.21, 57.87), 内存使用率: 17.0%📊 系统监控 - 负载: (33.71, 40.11, 57.75), 内存使用率: 16.8%📊 系统监控 - 负载: (33.49, 39.96, 57.6), 内存使用率: 16.8%📊 系统监控 - 负载: (33.49, 39.96, 57.6), 内存使用率: 16.7%📊 系统监控 - 负载: (33.37, 39.82, 57.47), 内存使用率: 16.9%📊 系统监控 - 负载: (33.37, 39.82, 57.47), 内存使用率: 16.7%📊 系统监控 - 负载: (32.94, 39.63, 57.31), 内存使用率: 16.7%📊 系统监控 - 负载: (33.03, 39.54, 57.18), 内存使用率: 16.8%📊 系统监控 - 负载: (33.03, 39.54, 57.18), 内存使用率: 17.0%📊 系统监控 - 负载: (33.35, 39.49, 57.07), 内存使用率: 16.7%📊 系统监控 - 负载: (33.35, 39.49, 57.07), 内存使用率: 16.9%📊 系统监控 - 负载: (33.32, 39.39, 56.94), 内存使用率: 17.0%📊 系统监控 - 负载: (33.37, 39.3, 56.82), 内存使用率: 17.2%📊 系统监控 - 负载: (33.37, 39.3, 56.82), 内存使用率: 17.0%📊 系统监控 - 负载: (33.18, 39.16, 56.68), 内存使用率: 17.0%📊 系统监控 - 负载: (33.18, 39.16, 56.68), 内存使用率: 17.0%📊 系统监控 - 负载: (33.01, 39.02, 56.54), 内存使用率: 17.0%📊 系统监控 - 负载: (32.61, 38.84, 56.39), 内存使用率: 17.2%📊 系统监控 - 负载: (32.61, 38.84, 56.39), 内存使用率: 17.1%📊 系统监控 - 负载: (32.88, 38.79, 56.28), 内存使用率: 17.1%📊 系统监控 - 负载: (32.88, 38.79, 56.28), 内存使用率: 17.1%📊 系统监控 - 负载: (32.89, 38.7, 56.16), 内存使用率: 17.2%[I 2026-01-04 00:14:31,928] Trial 2 finished with value: 0.7136517365627509 and parameters: {'p_crossover': 0.5835558684167138, 'p_subtree_mutation': 0.12789877213040837, 'p_hoist_mutation': 0.03629301836816964, 'p_point_mutation': 0.12409754049025817, 'population_size': 15000, 'generations': 40, 'function_set': ['add', 'sub', 'mul', 'div', 'abs', 'sqrt', 'log', 'inv', 'sin', 'cos'], 'parsimony_coefficient': 0.0015304852121831463, 'tournament_size': 5}. Best is trial 2 with value: 0.7136517365627509.
[I 2026-01-04 00:14:32,026] Trial 2 finished with value: 0.6450385612477955 and parameters: {'p_crossover': 0.5835558684167138, 'p_subtree_mutation': 0.12789877213040837, 'p_hoist_mutation': 0.03629301836816964, 'p_point_mutation': 0.12409754049025817, 'population_size': 15000, 'generations': 40, 'function_set': ['add', 'sub', 'mul', 'div', 'abs', 'sqrt', 'log', 'inv', 'sin', 'cos'], 'parsimony_coefficient': 0.0015304852121831463, 'tournament_size': 5}. Best is trial 2 with value: 0.6450385612477955.
[I 2026-01-04 00:14:32,222] Trial 2 finished with value: 0.6878179423142134 and parameters: {'p_crossover': 0.5835558684167138, 'p_subtree_mutation': 0.12789877213040837, 'p_hoist_mutation': 0.03629301836816964, 'p_point_mutation': 0.12409754049025817, 'population_size': 15000, 'generations': 40, 'function_set': ['add', 'sub', 'mul', 'div', 'abs', 'sqrt', 'log', 'inv', 'sin', 'cos'], 'parsimony_coefficient': 0.0015304852121831463, 'tournament_size': 5}. Best is trial 2 with value: 0.6878179423142134.
[I 2026-01-04 00:14:32,320] Trial 2 finished with value: 0.6891420874712471 and parameters: {'p_crossover': 0.5835558684167138, 'p_subtree_mutation': 0.12789877213040837, 'p_hoist_mutation': 0.03629301836816964, 'p_point_mutation': 0.12409754049025817, 'population_size': 15000, 'generations': 40, 'function_set': ['add', 'sub', 'mul', 'div', 'abs', 'sqrt', 'log', 'inv', 'sin', 'cos'], 'parsimony_coefficient': 0.0015304852121831463, 'tournament_size': 5}. Best is trial 2 with value: 0.6891420874712471.
