📊 系统监控 - 负载: (7.89, 9.49, 15.14), 内存使用率: 11.5%📊 系统监控 - 负载: (7.9, 9.46, 15.1), 内存使用率: 11.5%📊 系统监控 - 负载: (7.9, 9.46, 15.1), 内存使用率: 11.5%📊 系统监控 - 负载: (7.91, 9.44, 15.06), 内存使用率: 11.5%📊 系统监控 - 负载: (7.92, 9.41, 15.02), 内存使用率: 11.5%📊 系统监控 - 负载: (7.92, 9.41, 15.02), 内存使用率: 11.5%📊 系统监控 - 负载: (7.92, 9.39, 14.98), 内存使用率: 11.5%📊 系统监控 - 负载: (7.92, 9.39, 14.98), 内存使用率: 11.5%📊 系统监控 - 负载: (7.77, 9.33, 14.94), 内存使用率: 11.6%📊 系统监控 - 负载: (7.79, 9.31, 14.9), 内存使用率: 11.5%📊 系统监控 - 负载: (7.79, 9.31, 14.9), 内存使用率: 11.5%📊 系统监控 - 负载: (7.72, 9.27, 14.86), 内存使用率: 11.5%📊 系统监控 - 负载: (7.72, 9.27, 14.86), 内存使用率: 11.6%📊 系统监控 - 负载: (7.67, 9.23, 14.81), 内存使用率: 11.6%📊 系统监控 - 负载: (7.69, 9.21, 14.78), 内存使用率: 11.5%📊 系统监控 - 负载: (7.69, 9.21, 14.78), 内存使用率: 11.5%📊 系统监控 - 负载: (7.64, 9.18, 14.74), 内存使用率: 11.5%📊 系统监控 - 负载: (7.64, 9.18, 14.74), 内存使用率: 11.5%📊 系统监控 - 负载: (7.59, 9.14, 14.69), 内存使用率: 11.6%📊 系统监控 - 负载: (7.46, 9.09, 14.65), 内存使用率: 11.6%📊 系统监控 - 负载: (7.46, 9.09, 14.65), 内存使用率: 11.5%📊 系统监控 - 负载: (7.5, 9.07, 14.61), 内存使用率: 11.6%📊 系统监控 - 负载: (7.5, 9.07, 14.61), 内存使用率: 11.5%📊 系统监控 - 负载: (7.3, 9.0, 14.56), 内存使用率: 11.6%📊 系统监控 - 负载: (7.36, 8.99, 14.53), 内存使用率: 11.5%📊 系统监控 - 负载: (7.36, 8.99, 14.53), 内存使用率: 11.5%📊 系统监控 - 负载: (7.33, 8.95, 14.48), 内存使用率: 11.6%📊 系统监控 - 负载: (7.33, 8.95, 14.48), 内存使用率: 11.5%📊 系统监控 - 负载: (7.22, 8.91, 14.44), 内存使用率: 11.6%📊 系统监控 - 负载: (7.2, 8.87, 14.4), 内存使用率: 11.6%📊 系统监控 - 负载: (7.2, 8.87, 14.4), 内存使用率: 11.6%📊 系统监控 - 负载: (7.27, 8.86, 14.37), 内存使用率: 11.6%📊 系统监控 - 负载: (7.27, 8.86, 14.37), 内存使用率: 11.5%📊 系统监控 - 负载: (7.17, 8.81, 14.32), 内存使用率: 11.6%📊 系统监控 - 负载: (7.23, 8.8, 14.29), 内存使用率: 11.5%📊 系统监控 - 负载: (7.23, 8.8, 14.29), 内存使用率: 11.5%📊 系统监控 - 负载: (7.3, 8.78, 14.25), 内存使用率: 11.6%📊 系统监控 - 负载: (7.27, 8.75, 14.21), 内存使用率: 11.6%📊 系统监控 - 负载: (7.27, 8.75, 14.21), 内存使用率: 11.7%📊 系统监控 - 负载: (7.25, 8.73, 14.17), 内存使用率: 11.6%📊 系统监控 - 负载: (7.25, 8.73, 14.17), 内存使用率: 11.6%📊 系统监控 - 负载: (7.31, 8.71, 14.14), 内存使用率: 11.6%📊 系统监控 - 负载: (7.37, 8.7, 14.11), 内存使用率: 11.6%📊 系统监控 - 负载: (7.37, 8.7, 14.11), 内存使用率: 11.7%📊 系统监控 - 负载: (7.42, 8.69, 14.08), 内存使用率: 11.6%📊 系统监控 - 负载: (7.42, 8.69, 14.08), 内存使用率: 11.6%📊 系统监控 - 负载: (7.38, 8.66, 14.04), 内存使用率: 11.6%📊 系统监控 - 负载: (7.35, 8.63, 14.0), 内存使用率: 11.6%📊 系统监控 - 负载: (7.35, 8.63, 14.0), 内存使用率: 11.6%📊 系统监控 - 负载: (7.24, 8.59, 13.96), 内存使用率: 11.6%📊 系统监控 - 负载: (7.24, 8.59, 13.96), 内存使用率: 11.6%📊 系统监控 - 负载: (7.38, 8.6, 13.93), 内存使用率: 11.6%📊 系统监控 - 负载: (7.35, 8.57, 13.89), 内存使用率: 11.6%📊 系统监控 - 负载: (7.35, 8.57, 13.89), 内存使用率: 11.6%📊 系统监控 - 负载: (7.08, 8.5, 13.84), 内存使用率: 11.7%📊 系统监控 - 负载: (7.08, 8.5, 13.84), 内存使用率: 11.6%📊 系统监控 - 负载: (7.16, 8.49, 13.81), 内存使用率: 11.6%📊 系统监控 - 负载: (7.23, 8.48, 13.78), 内存使用率: 11.6%📊 系统监控 - 负载: (7.23, 8.48, 13.78), 内存使用率: 11.6%📊 系统监控 - 负载: (7.05, 8.42, 13.73), 内存使用率: 11.7%📊 系统监控 - 负载: (7.05, 8.42, 13.73), 内存使用率: 11.6%📊 系统监控 - 负载: (7.04, 8.4, 13.69), 内存使用率: 11.6%📊 系统监控 - 负载: (7.12, 8.39, 13.66), 内存使用率: 11.6%📊 系统监控 - 负载: (7.12, 8.39, 13.66), 内存使用率: 11.6%📊 系统监控 - 负载: (6.95, 8.33, 13.62), 内存使用率: 11.6%📊 系统监控 - 负载: (6.95, 8.33, 13.62), 内存使用率: 11.6%📊 系统监控 - 负载: (7.03, 8.33, 13.59), 内存使用率: 11.6%📊 系统监控 - 负载: (7.11, 8.32, 13.56), 内存使用率: 11.6%📊 系统监控 - 负载: (7.11, 8.32, 13.56), 内存使用率: 11.7%📊 系统监控 - 负载: (7.18, 8.32, 13.53), 内存使用率: 11.6%📊 系统监控 - 负载: (7.18, 8.32, 13.53), 内存使用率: 11.7%📊 系统监控 - 负载: (7.25, 8.31, 13.5), 内存使用率: 11.6%📊 系统监控 - 负载: (7.31, 8.31, 13.47), 内存使用率: 11.6%📊 系统监控 - 负载: (7.31, 8.31, 13.47), 内存使用率: 11.6%📊 系统监控 - 负载: (7.28, 8.29, 13.43), 内存使用率: 11.7%📊 系统监控 - 负载: (7.28, 8.29, 13.43), 内存使用率: 11.4%📊 系统监控 - 负载: (7.1, 8.23, 13.39), 内存使用率: 11.4%📊 系统监控 - 负载: (7.09, 8.21, 13.35), 内存使用率: 11.4%📊 系统监控 - 负载: (7.09, 8.21, 13.35), 内存使用率: 11.3%📊 系统监控 - 负载: (7.17, 8.21, 13.32), 内存使用率: 11.3%📊 系统监控 - 负载: (7.17, 8.21, 13.32), 内存使用率: 11.4%📊 系统监控 - 负载: (7.07, 8.17, 13.29), 内存使用率: 11.4%📊 系统监控 - 负载: (7.07, 8.15, 13.25), 内存使用率: 11.3%📊 系统监控 - 负载: (7.07, 8.15, 13.25), 内存使用率: 11.4%📊 系统监控 - 负载: (7.14, 8.15, 13.22), 内存使用率: 11.4%📊 系统监控 - 负载: (7.14, 8.15, 13.22), 内存使用率: 11.4%📊 系统监控 - 负载: (7.13, 8.13, 13.19), 内存使用率: 11.4%📊 系统监控 - 负载: (7.2, 8.13, 13.16), 内存使用率: 11.5%📊 系统监控 - 负载: (7.2, 8.13, 13.16), 内存使用率: 11.4%📊 系统监控 - 负载: (7.26, 8.13, 13.13), 内存使用率: 11.4%📊 系统监控 - 负载: (7.26, 8.13, 13.13), 内存使用率: 11.4%📊 系统监控 - 负载: (7.32, 8.12, 13.11), 内存使用率: 11.3%📊 系统监控 - 负载: (7.14, 8.07, 13.06), 内存使用率: 11.4%📊 系统监控 - 负载: (7.14, 8.07, 13.06), 内存使用率: 11.4%📊 系统监控 - 负载: (7.21, 8.07, 13.04), 内存使用率: 11.3%📊 系统监控 - 负载: (7.21, 8.07, 13.04), 内存使用率: 11.4%📊 系统监控 - 负载: (7.27, 8.07, 13.01), 内存使用率: 11.4%📊 系统监控 - 负载: (7.41, 8.09, 12.99), 内存使用率: 11.4%📊 系统监控 - 负载: (7.41, 8.09, 12.99), 内存使用率: 11.4%📊 系统监控 - 负载: (7.46, 8.08, 12.96), 内存使用率: 11.4%📊 系统监控 - 负载: (7.46, 8.08, 12.96), 内存使用率: 11.4%📊 系统监控 - 负载: (7.5, 8.08, 12.93), 内存使用率: 11.4%📊 系统监控 - 负载: (7.54, 8.08, 12.91), 内存使用率: 11.4%📊 系统监控 - 负载: (7.54, 8.08, 12.91), 内存使用率: 11.3%📊 系统监控 - 负载: (7.26, 8.01, 12.86), 内存使用率: 11.4%📊 系统监控 - 负载: (7.26, 8.01, 12.86), 内存使用率: 11.3%📊 系统监控 - 负载: (7.16, 7.98, 12.82), 内存使用率: 11.4%📊 系统监控 - 负载: (6.9, 7.91, 12.78), 内存使用率: 11.4%📊 系统监控 - 负载: (6.9, 7.91, 12.78), 内存使用率: 11.4%📊 系统监控 - 负载: (6.83, 7.88, 12.74), 内存使用率: 11.5%📊 系统监控 - 负载: (6.83, 7.88, 12.74), 内存使用率: 11.5%📊 系统监控 - 负载: (6.76, 7.85, 12.7), 内存使用率: 11.5%📊 系统监控 - 负载: (6.7, 7.82, 12.67), 内存使用率: 11.5%📊 系统监控 - 负载: (6.7, 7.82, 12.67), 内存使用率: 11.5%[I 2026-01-04 02:11:46,024] Trial 19 finished with value: 0.5782230876148409 and parameters: {'p_crossover': 0.5416565677046363, 'p_subtree_mutation': 0.2664439283829232, 'p_hoist_mutation': 0.02004717007900434, 'p_point_mutation': 0.13026217312275426, 'population_size': 25000, 'generations': 20, 'function_set': ['add', 'sub', 'mul', 'div', 'abs', 'sqrt', 'log', 'inv', 'sin', 'cos'], 'parsimony_coefficient': 0.0009240538757372135, 'tournament_size': 5}. Best is trial 4 with value: 0.8314899623994423.
📊 系统监控 - 负载: (6.65, 7.79, 12.63), 内存使用率: 11.6%📊 系统监控 - 负载: (6.65, 7.79, 12.63), 内存使用率: 11.6%📊 系统监控 - 负载: (6.52, 7.74, 12.59), 内存使用率: 11.6%
✅ 维度 7D 处理成功 (已完成: 7/10)

✅ 维度 8D 处理成功 (已完成: 8/10)
📊 系统监控 - 负载: (6.39, 7.7, 12.55), 内存使用率: 11.3%📊 系统监控 - 负载: (6.39, 7.7, 12.55), 内存使用率: 11.3%📊 系统监控 - 负载: (6.2, 7.64, 12.5), 内存使用率: 11.3%📊 系统监控 - 负载: (6.2, 7.64, 12.5), 内存使用率: 11.3%📊 系统监控 - 负载: (6.03, 7.58, 12.46), 内存使用率: 11.3%📊 系统监控 - 负载: (5.78, 7.5, 12.41), 内存使用率: 11.3%📊 系统监控 - 负载: (5.78, 7.5, 12.41), 内存使用率: 11.3%📊 系统监控 - 负载: (5.56, 7.43, 12.36), 内存使用率: 11.4%📊 系统监控 - 负载: (5.56, 7.43, 12.36), 内存使用率: 11.3%📊 系统监控 - 负载: (5.44, 7.37, 12.31), 内存使用率: 11.3%📊 系统监控 - 负载: (5.24, 7.3, 12.26), 内存使用率: 11.3%📊 系统监控 - 负载: (5.24, 7.3, 12.26), 内存使用率: 11.3%📊 系统监控 - 负载: (5.14, 7.24, 12.22), 内存使用率: 11.4%📊 系统监控 - 负载: (5.14, 7.24, 12.22), 内存使用率: 11.3%📊 系统监控 - 负载: (5.05, 7.19, 12.17), 内存使用率: 11.3%📊 系统监控 - 负载: (4.89, 7.12, 12.12), 内存使用率: 11.4%📊 系统监控 - 负载: (4.89, 7.12, 12.12), 内存使用率: 11.4%📊 系统监控 - 负载: (4.9, 7.08, 12.09), 内存使用率: 11.4%📊 系统监控 - 负载: (4.9, 7.08, 12.09), 内存使用率: 11.4%📊 系统监控 - 负载: (4.82, 7.03, 12.04), 内存使用率: 11.3%📊 系统监控 - 负载: (4.76, 6.98, 12.0), 内存使用率: 11.3%📊 系统监控 - 负载: (4.76, 6.98, 12.0), 内存使用率: 11.3%📊 系统监控 - 负载: (4.7, 6.93, 11.96), 内存使用率: 11.3%📊 系统监控 - 负载: (4.7, 6.93, 11.96), 内存使用率: 11.3%📊 系统监控 - 负载: (4.64, 6.88, 11.91), 内存使用率: 11.3%📊 系统监控 - 负载: (4.51, 6.82, 11.87), 内存使用率: 11.3%📊 系统监控 - 负载: (4.51, 6.82, 11.87), 内存使用率: 11.3%📊 系统监控 - 负载: (4.47, 6.77, 11.82), 内存使用率: 11.3%📊 系统监控 - 负载: (4.47, 6.77, 11.82), 内存使用率: 11.3%📊 系统监控 - 负载: (4.35, 6.71, 11.78), 内存使用率: 11.3%📊 系统监控 - 负载: (4.24, 6.65, 11.73), 内存使用率: 11.4%📊 系统监控 - 负载: (4.24, 6.65, 11.73), 内存使用率: 11.3%📊 系统监控 - 负载: (4.22, 6.6, 11.69), 内存使用率: 11.3%📊 系统监控 - 负载: (4.22, 6.6, 11.69), 内存使用率: 11.3%📊 系统监控 - 负载: (4.21, 6.56, 11.65), 内存使用率: 11.3%📊 系统监控 - 负载: (4.11, 6.5, 11.6), 内存使用率: 11.3%📊 系统监控 - 负载: (4.11, 6.5, 11.6), 内存使用率: 11.3%📊 系统监控 - 负载: (4.02, 6.44, 11.55), 内存使用率: 11.3%📊 系统监控 - 负载: (4.02, 6.44, 11.55), 内存使用率: 11.3%📊 系统监控 - 负载: (4.02, 6.4, 11.51), 内存使用率: 11.3%📊 系统监控 - 负载: (3.94, 6.35, 11.47), 内存使用率: 11.3%📊 系统监控 - 负载: (3.94, 6.35, 11.47), 内存使用率: 11.3%📊 系统监控 - 负载: (3.86, 6.29, 11.42), 内存使用率: 11.3%📊 系统监控 - 负载: (3.86, 6.29, 11.42), 内存使用率: 11.3%📊 系统监控 - 负载: (3.87, 6.25, 11.38), 内存使用率: 11.3%📊 系统监控 - 负载: (3.8, 6.2, 11.34), 内存使用率: 11.4%📊 系统监控 - 负载: (3.8, 6.2, 11.34), 内存使用率: 11.4%📊 系统监控 - 负载: (3.82, 6.16, 11.3), 内存使用率: 11.4%📊 系统监控 - 负载: (3.82, 6.16, 11.3), 内存使用率: 11.4%📊 系统监控 - 负载: (3.83, 6.13, 11.26), 内存使用率: 11.3%📊 系统监控 - 负载: (3.77, 6.07, 11.21), 内存使用率: 11.3%📊 系统监控 - 负载: (3.77, 6.07, 11.21), 内存使用率: 11.3%📊 系统监控 - 负载: (3.79, 6.04, 11.17), 内存使用率: 11.3%📊 系统监控 - 负载: (3.79, 6.04, 11.17), 内存使用率: 11.3%📊 系统监控 - 负载: (3.72, 5.99, 11.13), 内存使用率: 11.3%📊 系统监控 - 负载: (3.74, 5.96, 11.09), 内存使用率: 11.3%📊 系统监控 - 负载: (3.74, 5.96, 11.09), 内存使用率: 11.3%📊 系统监控 - 负载: (3.85, 5.94, 11.06), 内存使用率: 11.3%📊 系统监控 - 负载: (3.85, 5.94, 11.06), 内存使用率: 11.3%📊 系统监控 - 负载: (3.86, 5.91, 11.02), 内存使用率: 11.4%📊 系统监控 - 负载: (3.87, 5.88, 10.98), 内存使用率: 11.4%📊 系统监控 - 负载: (3.87, 5.88, 10.98), 内存使用率: 11.3%📊 系统监控 - 负载: (3.8, 5.83, 10.94), 内存使用率: 11.4%📊 系统监控 - 负载: (3.8, 5.83, 10.94), 内存使用率: 11.3%📊 系统监控 - 负载: (3.74, 5.78, 10.9), 内存使用率: 11.3%📊 系统监控 - 负载: (3.68, 5.73, 10.86), 内存使用率: 11.3%📊 系统监控 - 负载: (3.68, 5.73, 10.86), 内存使用率: 11.3%📊 系统监控 - 负载: (3.62, 5.69, 10.81), 内存使用率: 11.3%📊 系统监控 - 负载: (3.62, 5.69, 10.81), 内存使用率: 11.3%📊 系统监控 - 负载: (3.57, 5.64, 10.77), 内存使用率: 11.3%📊 系统监控 - 负载: (3.45, 5.58, 10.73), 内存使用率: 11.3%📊 系统监控 - 负载: (3.45, 5.58, 10.73), 内存使用率: 11.3%📊 系统监控 - 负载: (3.41, 5.54, 10.68), 内存使用率: 11.3%📊 系统监控 - 负载: (3.41, 5.54, 10.68), 内存使用率: 11.4%📊 系统监控 - 负载: (3.3, 5.48, 10.64), 内存使用率: 11.3%📊 系统监控 - 负载: (3.27, 5.44, 10.6), 内存使用率: 11.4%📊 系统监控 - 负载: (3.27, 5.44, 10.6), 内存使用率: 11.4%📊 系统监控 - 负载: (3.25, 5.4, 10.56), 内存使用率: 11.4%📊 系统监控 - 负载: (3.25, 5.4, 10.56), 内存使用率: 11.4%📊 系统监控 - 负载: (3.15, 5.34, 10.51), 内存使用率: 11.4%📊 系统监控 - 负载: (3.14, 5.31, 10.47), 内存使用率: 11.4%📊 系统监控 - 负载: (3.14, 5.31, 10.47), 内存使用率: 11.4%📊 系统监控 - 负载: (3.13, 5.27, 10.43), 内存使用率: 11.5%📊 系统监控 - 负载: (3.13, 5.27, 10.43), 内存使用率: 11.5%
✅ 维度 1D 处理成功 (已完成: 9/10)
📊 系统监控 - 负载: (3.2, 5.25, 10.39), 内存使用率: 11.4%📊 系统监控 - 负载: (3.1, 5.19, 10.35), 内存使用率: 11.4%📊 系统监控 - 负载: (3.1, 5.19, 10.35), 内存使用率: 11.4%📊 系统监控 - 负载: (2.93, 5.12, 10.3), 内存使用率: 11.4%📊 系统监控 - 负载: (2.93, 5.12, 10.3), 内存使用率: 11.4%📊 系统监控 - 负载: (2.86, 5.07, 10.25), 内存使用率: 11.4%📊 系统监控 - 负载: (2.79, 5.02, 10.21), 内存使用率: 11.4%📊 系统监控 - 负载: (2.79, 5.02, 10.21), 内存使用率: 11.4%📊 系统监控 - 负载: (2.65, 4.95, 10.16), 内存使用率: 11.4%📊 系统监控 - 负载: (2.65, 4.95, 10.16), 内存使用率: 11.3%📊 系统监控 - 负载: (2.67, 4.92, 10.12), 内存使用率: 11.3%📊 系统监控 - 负载: (2.54, 4.86, 10.07), 内存使用率: 11.3%📊 系统监控 - 负载: (2.54, 4.86, 10.07), 内存使用率: 11.3%📊 系统监控 - 负载: (2.42, 4.79, 10.02), 内存使用率: 11.3%📊 系统监控 - 负载: (2.42, 4.79, 10.02), 内存使用率: 11.3%📊 系统监控 - 负载: (2.38, 4.75, 9.98), 内存使用率: 11.3%📊 系统监控 - 负载: (2.35, 4.7, 9.94), 内存使用率: 10.7%📊 系统监控 - 负载: (2.35, 4.7, 9.94), 内存使用率: 10.7%📊 系统监控 - 负载: (2.32, 4.66, 9.9), 内存使用率: 10.7%📊 系统监控 - 负载: (2.22, 4.6, 9.85), 内存使用率: 10.7%📊 系统监控 - 负载: (2.22, 4.6, 9.85), 内存使用率: 10.7%📊 系统监控 - 负载: (2.2, 4.55, 9.81), 内存使用率: 10.7%📊 系统监控 - 负载: (2.2, 4.55, 9.81), 内存使用率: 10.7%📊 系统监控 - 负载: (2.18, 4.51, 9.76), 内存使用率: 10.7%📊 系统监控 - 负载: (2.09, 4.45, 9.72), 内存使用率: 10.7%[进程 36011] ✅ 优化完成 - 最佳得分: 0.7540
[进程 36011] ⚙️  步骤2: 训练最终符号转换器
[进程 36011] 💾 符号转换器已保存: symbolic_transformer_5D.pkl
[进程 36011] 📈 步骤3: 计算特征相关性
[进程 36011]   特征 1: 相关性 = -0.8559, p值 = 0.0000
[进程 36011]   特征 2: 相关性 = -0.8557, p值 = 0.0000
[进程 36011]   特征 3: 相关性 = -0.8557, p值 = 0.0000
[进程 36011]   特征 4: 相关性 = -0.8557, p值 = 0.0000
[进程 36011]   特征 5: 相关性 = -0.8557, p值 = 0.0000
[进程 36011] 🤖 步骤4: 模型训练与评估
[进程 36011]   训练模型: RandomForestRegressor
[进程 36011]     ✓ 训练集 - R2: 0.9337, RMSE: 0.1219, MAE: 0.0997
[进程 36011]     ✓ 测试集 - R2: 0.6920, RMSE: 0.2437, MAE: 0.2023
[进程 36011]   训练模型: AdaBoostRegressor
[进程 36011]     ✓ 训练集 - R2: 0.9565, RMSE: 0.0987, MAE: 0.0793
[进程 36011]     ✓ 测试集 - R2: 0.5405, RMSE: 0.2977, MAE: 0.2380
[进程 36011]   训练模型: GradientBoostingRegressor
[进程 36011]     ✓ 训练集 - R2: 0.9991, RMSE: 0.0140, MAE: 0.0121
[进程 36011]     ✓ 测试集 - R2: 0.5092, RMSE: 0.3076, MAE: 0.2545
[进程 36011]   训练模型: XGBRegressor
[进程 36011]     ✓ 训练集 - R2: 1.0000, RMSE: 0.0016, MAE: 0.0014
[进程 36011]     ✓ 测试集 - R2: 0.8060, RMSE: 0.1934, MAE: 0.1447
[进程 36011]   训练模型: LGBMRegressor
[进程 36011]     ✓ 训练集 - R2: -0.0000, RMSE: 0.4735, MAE: 0.3917
[进程 36011]     ✓ 测试集 - R2: -0.0014, RMSE: 0.4394, MAE: 0.3630
[进程 36011]   训练模型: CatBoostRegressor
[进程 36011]     ✓ 训练集 - R2: 0.9954, RMSE: 0.0320, MAE: 0.0281
[进程 36011]     ✓ 测试集 - R2: 0.5171, RMSE: 0.3051, MAE: 0.2493
[进程 36011]   训练模型: BaggingRegressor
[进程 36011]     ✓ 训练集 - R2: 0.8890, RMSE: 0.1578, MAE: 0.1105
[进程 36011]     ✓ 测试集 - R2: 0.6106, RMSE: 0.2740, MAE: 0.2178
[进程 36011] 💾 步骤5: 保存转换后特征
[进程 36011] ✅ 转换后特征已保存到: optimized_transformed_features_5D.xlsx
[进程 36011] ✅ 5D 处理完成!
[进程 36011] ⏱️  耗时: 5247.62 秒
[进程 36015] ✅ 优化完成 - 最佳得分: 0.8138
[进程 36015] ⚙️  步骤2: 训练最终符号转换器
[进程 36015] 💾 符号转换器已保存: symbolic_transformer_9D.pkl
[进程 36015] 📈 步骤3: 计算特征相关性
[进程 36015]   特征 1: 相关性 = 0.9480, p值 = 0.0000
[进程 36015]   特征 2: 相关性 = 0.9471, p值 = 0.0000
[进程 36015]   特征 3: 相关性 = -0.9470, p值 = 0.0000
[进程 36015]   特征 4: 相关性 = -0.9463, p值 = 0.0000
[进程 36015]   特征 5: 相关性 = 0.9455, p值 = 0.0000
[进程 36015] 🤖 步骤4: 模型训练与评估
[进程 36015]   训练模型: RandomForestRegressor
[进程 36015]     ✓ 训练集 - R2: 0.9828, RMSE: 0.0622, MAE: 0.0499
[进程 36015]     ✓ 测试集 - R2: 0.7893, RMSE: 0.2016, MAE: 0.1776
[进程 36015]   训练模型: AdaBoostRegressor
[进程 36015]     ✓ 训练集 - R2: 0.9823, RMSE: 0.0631, MAE: 0.0528
[进程 36015]     ✓ 测试集 - R2: 0.8602, RMSE: 0.1642, MAE: 0.1435
[进程 36015]   训练模型: GradientBoostingRegressor
[进程 36015]     ✓ 训练集 - R2: 1.0000, RMSE: 0.0015, MAE: 0.0012
[进程 36015]     ✓ 测试集 - R2: 0.8430, RMSE: 0.1740, MAE: 0.1555
[进程 36015]   训练模型: XGBRegressor
[进程 36015]     ✓ 训练集 - R2: 1.0000, RMSE: 0.0006, MAE: 0.0005
[进程 36015]     ✓ 测试集 - R2: 0.8102, RMSE: 0.1913, MAE: 0.1533
[进程 36015]   训练模型: LGBMRegressor
[进程 36015]     ✓ 训练集 - R2: -0.0000, RMSE: 0.4735, MAE: 0.3917
[进程 36015]     ✓ 测试集 - R2: -0.0014, RMSE: 0.4394, MAE: 0.3630
[进程 36015]   训练模型: CatBoostRegressor
[进程 36015]     ✓ 训练集 - R2: 0.9999, RMSE: 0.0054, MAE: 0.0043
[进程 36015]     ✓ 测试集 - R2: 0.8443, RMSE: 0.1733, MAE: 0.1477
[进程 36015]   训练模型: BaggingRegressor
[进程 36015]     ✓ 训练集 - R2: 0.9663, RMSE: 0.0870, MAE: 0.0605
[进程 36015]     ✓ 测试集 - R2: 0.7822, RMSE: 0.2049, MAE: 0.1785
[进程 36015] 💾 步骤5: 保存转换后特征
[进程 36015] ✅ 转换后特征已保存到: optimized_transformed_features_9D.xlsx
[进程 36015] ✅ 9D 处理完成!
[进程 36015] ⏱️  耗时: 5701.58 秒
[进程 36009] ✅ 优化完成 - 最佳得分: 0.7540
[进程 36009] ⚙️  步骤2: 训练最终符号转换器
[进程 36009] 💾 符号转换器已保存: symbolic_transformer_3D.pkl
[进程 36009] 📈 步骤3: 计算特征相关性
[进程 36009]   特征 1: 相关性 = -0.8559, p值 = 0.0000
[进程 36009]   特征 2: 相关性 = -0.8557, p值 = 0.0000
[进程 36009]   特征 3: 相关性 = -0.8557, p值 = 0.0000
[进程 36009] 🤖 步骤4: 模型训练与评估
[进程 36009]   训练模型: RandomForestRegressor
[进程 36009]     ✓ 训练集 - R2: 0.9392, RMSE: 0.1167, MAE: 0.0961
[进程 36009]     ✓ 测试集 - R2: 0.6953, RMSE: 0.2424, MAE: 0.2002
[进程 36009]   训练模型: AdaBoostRegressor
[进程 36009]     ✓ 训练集 - R2: 0.9585, RMSE: 0.0964, MAE: 0.0774
[进程 36009]     ✓ 测试集 - R2: 0.4543, RMSE: 0.3244, MAE: 0.2641
[进程 36009]   训练模型: GradientBoostingRegressor
[进程 36009]     ✓ 训练集 - R2: 0.9991, RMSE: 0.0140, MAE: 0.0121
[进程 36009]     ✓ 测试集 - R2: 0.4933, RMSE: 0.3126, MAE: 0.2545
[进程 36009]   训练模型: XGBRegressor
[进程 36009]     ✓ 训练集 - R2: 1.0000, RMSE: 0.0016, MAE: 0.0014
[进程 36009]     ✓ 测试集 - R2: 0.8060, RMSE: 0.1934, MAE: 0.1447
[进程 36009]   训练模型: LGBMRegressor
[进程 36009]     ✓ 训练集 - R2: -0.0000, RMSE: 0.4735, MAE: 0.3917
[进程 36009]     ✓ 测试集 - R2: -0.0014, RMSE: 0.4394, MAE: 0.3630
[进程 36009]   训练模型: CatBoostRegressor
[进程 36009]     ✓ 训练集 - R2: 0.9954, RMSE: 0.0322, MAE: 0.0284
[进程 36009]     ✓ 测试集 - R2: 0.5081, RMSE: 0.3080, MAE: 0.2503
[进程 36009]   训练模型: BaggingRegressor
[进程 36009]     ✓ 训练集 - R2: 0.8820, RMSE: 0.1626, MAE: 0.1126
[进程 36009]     ✓ 测试集 - R2: 0.5984, RMSE: 0.2783, MAE: 0.2141
[进程 36009] 💾 步骤5: 保存转换后特征
[进程 36009] ✅ 转换后特征已保存到: optimized_transformed_features_3D.xlsx
[进程 36009] ✅ 3D 处理完成!
[进程 36009] ⏱️  耗时: 6017.46 秒
[进程 36016] ✅ 优化完成 - 最佳得分: 0.7540
[进程 36016] ⚙️  步骤2: 训练最终符号转换器
[进程 36016] 💾 符号转换器已保存: symbolic_transformer_10D.pkl
[进程 36016] 📈 步骤3: 计算特征相关性
[进程 36016]   特征 1: 相关性 = -0.8559, p值 = 0.0000
[进程 36016]   特征 2: 相关性 = -0.8557, p值 = 0.0000
[进程 36016]   特征 3: 相关性 = -0.8557, p值 = 0.0000
[进程 36016]   特征 4: 相关性 = -0.8557, p值 = 0.0000
[进程 36016]   特征 5: 相关性 = -0.8557, p值 = 0.0000
[进程 36016] 🤖 步骤4: 模型训练与评估
[进程 36016]   训练模型: RandomForestRegressor
[进程 36016]     ✓ 训练集 - R2: 0.9332, RMSE: 0.1224, MAE: 0.0993
[进程 36016]     ✓ 测试集 - R2: 0.7005, RMSE: 0.2403, MAE: 0.2018
[进程 36016]   训练模型: AdaBoostRegressor
[进程 36016]     ✓ 训练集 - R2: 0.9519, RMSE: 0.1038, MAE: 0.0849
[进程 36016]     ✓ 测试集 - R2: 0.8118, RMSE: 0.1905, MAE: 0.1596
[进程 36016]   训练模型: GradientBoostingRegressor
[进程 36016]     ✓ 训练集 - R2: 0.9991, RMSE: 0.0140, MAE: 0.0121
[进程 36016]     ✓ 测试集 - R2: 0.5089, RMSE: 0.3077, MAE: 0.2545
[进程 36016]   训练模型: XGBRegressor
[进程 36016]     ✓ 训练集 - R2: 1.0000, RMSE: 0.0016, MAE: 0.0014
[进程 36016]     ✓ 测试集 - R2: 0.8060, RMSE: 0.1934, MAE: 0.1447
[进程 36016]   训练模型: LGBMRegressor
[进程 36016]     ✓ 训练集 - R2: -0.0000, RMSE: 0.4735, MAE: 0.3917
[进程 36016]     ✓ 测试集 - R2: -0.0014, RMSE: 0.4394, MAE: 0.3630
[进程 36016]   训练模型: CatBoostRegressor
[进程 36016]     ✓ 训练集 - R2: 0.9954, RMSE: 0.0321, MAE: 0.0286
[进程 36016]     ✓ 测试集 - R2: 0.5209, RMSE: 0.3040, MAE: 0.2484
[进程 36016]   训练模型: BaggingRegressor
[进程 36016]     ✓ 训练集 - R2: 0.8781, RMSE: 0.1653, MAE: 0.1180
[进程 36016]     ✓ 测试集 - R2: 0.6293, RMSE: 0.2673, MAE: 0.2178
[进程 36016] 💾 步骤5: 保存转换后特征
[进程 36016] ✅ 转换后特征已保存到: optimized_transformed_features_10D.xlsx
[进程 36016] ✅ 10D 处理完成!
[进程 36016] ⏱️  耗时: 6372.86 秒
[进程 36008] ✅ 优化完成 - 最佳得分: 0.8464
[进程 36008] ⚙️  步骤2: 训练最终符号转换器
[进程 36008] 💾 符号转换器已保存: symbolic_transformer_2D.pkl
[进程 36008] 📈 步骤3: 计算特征相关性
[进程 36008]   特征 1: 相关性 = 0.9822, p值 = 0.0000
[进程 36008]   特征 2: 相关性 = 0.9785, p值 = 0.0000
[进程 36008] 🤖 步骤4: 模型训练与评估
[进程 36008]   训练模型: RandomForestRegressor
[进程 36008]     ✓ 训练集 - R2: 0.9893, RMSE: 0.0490, MAE: 0.0386
[进程 36008]     ✓ 测试集 - R2: 0.9801, RMSE: 0.0620, MAE: 0.0507
[进程 36008]   训练模型: AdaBoostRegressor
[进程 36008]     ✓ 训练集 - R2: 0.9888, RMSE: 0.0501, MAE: 0.0425
[进程 36008]     ✓ 测试集 - R2: 0.9724, RMSE: 0.0730, MAE: 0.0639
[进程 36008]   训练模型: GradientBoostingRegressor
[进程 36008]     ✓ 训练集 - R2: 0.9999, RMSE: 0.0041, MAE: 0.0034
[进程 36008]     ✓ 测试集 - R2: 0.9757, RMSE: 0.0685, MAE: 0.0587
[进程 36008]   训练模型: XGBRegressor
[进程 36008]     ✓ 训练集 - R2: 1.0000, RMSE: 0.0009, MAE: 0.0007
[进程 36008]     ✓ 测试集 - R2: 0.9427, RMSE: 0.1051, MAE: 0.0773
[进程 36008]   训练模型: LGBMRegressor
[进程 36008]     ✓ 训练集 - R2: -0.0000, RMSE: 0.4735, MAE: 0.3917
[进程 36008]     ✓ 测试集 - R2: -0.0014, RMSE: 0.4394, MAE: 0.3630
[进程 36008]   训练模型: CatBoostRegressor
[进程 36008]     ✓ 训练集 - R2: 0.9996, RMSE: 0.0092, MAE: 0.0071
[进程 36008]     ✓ 测试集 - R2: 0.9668, RMSE: 0.0800, MAE: 0.0716
[进程 36008]   训练模型: BaggingRegressor
[进程 36008]     ✓ 训练集 - R2: 0.9779, RMSE: 0.0705, MAE: 0.0437
[进程 36008]     ✓ 测试集 - R2: 0.9719, RMSE: 0.0737, MAE: 0.0609
[进程 36008] 💾 步骤5: 保存转换后特征
[进程 36008] ✅ 转换后特征已保存到: optimized_transformed_features_2D.xlsx
[进程 36008] ✅ 2D 处理完成!
[进程 36008] ⏱️  耗时: 6405.73 秒
[进程 36010] ✅ 优化完成 - 最佳得分: 0.8355
[进程 36010] ⚙️  步骤2: 训练最终符号转换器
[进程 36010] 💾 符号转换器已保存: symbolic_transformer_4D.pkl
[进程 36010] 📈 步骤3: 计算特征相关性
[进程 36010]   特征 1: 相关性 = 0.9480, p值 = 0.0000
[进程 36010]   特征 2: 相关性 = -0.9470, p值 = 0.0000
[进程 36010]   特征 3: 相关性 = -0.9463, p值 = 0.0000
[进程 36010]   特征 4: 相关性 = 0.9445, p值 = 0.0000
[进程 36010] 🤖 步骤4: 模型训练与评估
[进程 36010]   训练模型: RandomForestRegressor
[进程 36010]     ✓ 训练集 - R2: 0.9815, RMSE: 0.0644, MAE: 0.0524
[进程 36010]     ✓ 测试集 - R2: 0.8216, RMSE: 0.1855, MAE: 0.1676
[进程 36010]   训练模型: AdaBoostRegressor
[进程 36010]     ✓ 训练集 - R2: 0.9767, RMSE: 0.0722, MAE: 0.0566
[进程 36010]     ✓ 测试集 - R2: 0.8538, RMSE: 0.1679, MAE: 0.1457
[进程 36010]   训练模型: GradientBoostingRegressor
[进程 36010]     ✓ 训练集 - R2: 0.9999, RMSE: 0.0048, MAE: 0.0041
[进程 36010]     ✓ 测试集 - R2: 0.8267, RMSE: 0.1828, MAE: 0.1643
[进程 36010]   训练模型: XGBRegressor
[进程 36010]     ✓ 训练集 - R2: 1.0000, RMSE: 0.0009, MAE: 0.0007
[进程 36010]     ✓ 测试集 - R2: 0.7656, RMSE: 0.2126, MAE: 0.1819
[进程 36010]   训练模型: LGBMRegressor
[进程 36010]     ✓ 训练集 - R2: -0.0000, RMSE: 0.4735, MAE: 0.3917
[进程 36010]     ✓ 测试集 - R2: -0.0014, RMSE: 0.4394, MAE: 0.3630
[进程 36010]   训练模型: CatBoostRegressor
[进程 36010]     ✓ 训练集 - R2: 0.9998, RMSE: 0.0065, MAE: 0.0055
[进程 36010]     ✓ 测试集 - R2: 0.8414, RMSE: 0.1749, MAE: 0.1557
[进程 36010]   训练模型: BaggingRegressor
[进程 36010]     ✓ 训练集 - R2: 0.9697, RMSE: 0.0824, MAE: 0.0573
[进程 36010]     ✓ 测试集 - R2: 0.8501, RMSE: 0.1700, MAE: 0.1435
[进程 36010] 💾 步骤5: 保存转换后特征
[进程 36010] ✅ 转换后特征已保存到: optimized_transformed_features_4D.xlsx
[进程 36010] ✅ 4D 处理完成!
[进程 36010] ⏱️  耗时: 6922.39 秒
[进程 36013] ✅ 优化完成 - 最佳得分: 0.7902
[进程 36013] ⚙️  步骤2: 训练最终符号转换器
[进程 36013] 💾 符号转换器已保存: symbolic_transformer_7D.pkl
[进程 36013] 📈 步骤3: 计算特征相关性
[进程 36013]   特征 1: 相关性 = -0.9512, p值 = 0.0000
[进程 36013]   特征 2: 相关性 = -0.9512, p值 = 0.0000
[进程 36013]   特征 3: 相关性 = -0.9481, p值 = 0.0000
[进程 36013]   特征 4: 相关性 = -0.9480, p值 = 0.0000
[进程 36013]   特征 5: 相关性 = -0.9478, p值 = 0.0000
[进程 36013] 🤖 步骤4: 模型训练与评估
[进程 36013]   训练模型: RandomForestRegressor
[进程 36013]     ✓ 训练集 - R2: 0.9844, RMSE: 0.0592, MAE: 0.0472
[进程 36013]     ✓ 测试集 - R2: 0.8354, RMSE: 0.1782, MAE: 0.1411
[进程 36013]   训练模型: AdaBoostRegressor
[进程 36013]     ✓ 训练集 - R2: 0.9883, RMSE: 0.0512, MAE: 0.0429
[进程 36013]     ✓ 测试集 - R2: 0.8168, RMSE: 0.1879, MAE: 0.1473
[进程 36013]   训练模型: GradientBoostingRegressor
[进程 36013]     ✓ 训练集 - R2: 1.0000, RMSE: 0.0014, MAE: 0.0011
[进程 36013]     ✓ 测试集 - R2: 0.7949, RMSE: 0.1989, MAE: 0.1470
[进程 36013]   训练模型: XGBRegressor
[进程 36013]     ✓ 训练集 - R2: 1.0000, RMSE: 0.0008, MAE: 0.0005
[进程 36013]     ✓ 测试集 - R2: 0.8449, RMSE: 0.1729, MAE: 0.1373
[进程 36013]   训练模型: LGBMRegressor
[进程 36013]     ✓ 训练集 - R2: -0.0000, RMSE: 0.4735, MAE: 0.3917
[进程 36013]     ✓ 测试集 - R2: -0.0014, RMSE: 0.4394, MAE: 0.3630
[进程 36013]   训练模型: CatBoostRegressor
[进程 36013]     ✓ 