[I 2026-01-04 02:04:01,689] Trial 17 finished with value: 0.8014705878292732 and parameters: {'p_crossover': 0.4496869823952789, 'p_subtree_mutation': 0.1485340132909108, 'p_hoist_mutation': 0.025421020923177766, 'p_point_mutation': 0.30072534430241926, 'population_size': 25000, 'generations': 30, 'function_set': ['add', 'sub', 'mul', 'div', 'abs', 'sqrt', 'log', 'inv', 'sin', 'cos'], 'parsimony_coefficient': 0.0002827252541806236, 'tournament_size': 10}. Best is trial 4 with value: 0.8314899623994423.
📊 系统监控 - 负载: (9.12, 11.87, 18.06), 内存使用率: 12.0%📊 系统监控 - 负载: (8.95, 11.79, 18.0), 内存使用率: 12.0%📊 系统监控 - 负载: (8.95, 11.79, 18.0), 内存使用率: 12.0%📊 系统监控 - 负载: (8.96, 11.75, 17.95), 内存使用率: 12.0%📊 系统监控 - 负载: (8.96, 11.75, 17.95), 内存使用率: 11.7%📊 系统监控 - 负载: (8.96, 11.7, 17.9), 内存使用率: 11.8%📊 系统监控 - 负载: (8.96, 11.65, 17.85), 内存使用率: 11.9%📊 系统监控 - 负载: (8.96, 11.65, 17.85), 内存使用率: 11.8%📊 系统监控 - 负载: (8.89, 11.59, 17.8), 内存使用率: 11.8%📊 系统监控 - 负载: (8.89, 11.59, 17.8), 内存使用率: 11.9%📊 系统监控 - 负载: (8.81, 11.53, 17.75), 内存使用率: 11.8%📊 系统监控 - 负载: (8.83, 11.49, 17.7), 内存使用率: 11.8%📊 系统监控 - 负载: (8.83, 11.49, 17.7), 内存使用率: 11.8%📊 系统监控 - 负载: (8.6, 11.4, 17.64), 内存使用率: 11.9%📊 系统监控 - 负载: (8.6, 11.4, 17.64), 内存使用率: 11.8%📊 系统监控 - 负载: (8.71, 11.38, 17.6), 内存使用率: 11.4%📊 系统监控 - 负载: (8.74, 11.34, 17.55), 内存使用率: 11.5%📊 系统监控 - 负载: (8.74, 11.34, 17.55), 内存使用率: 11.5%📊 系统监控 - 负载: (8.68, 11.28, 17.5), 内存使用率: 11.5%📊 系统监控 - 负载: (8.68, 11.28, 17.5), 内存使用率: 11.5%📊 系统监控 - 负载: (8.7, 11.24, 17.45), 内存使用率: 11.5%📊 系统监控 - 负载: (8.65, 11.19, 17.4), 内存使用率: 11.5%📊 系统监控 - 负载: (8.65, 11.19, 17.4), 内存使用率: 11.5%📊 系统监控 - 负载: (8.6, 11.14, 17.35), 内存使用率: 11.5%📊 系统监控 - 负载: (8.6, 11.14, 17.35), 内存使用率: 11.4%📊 系统监控 - 负载: (8.71, 11.12, 17.31), 内存使用率: 11.5%📊 系统监控 - 负载: (8.65, 11.07, 17.26), 内存使用率: 11.5%📊 系统监控 - 负载: (8.65, 11.07, 17.26), 内存使用率: 11.5%📊 系统监控 - 负载: (8.68, 11.03, 17.22), 内存使用率: 11.5%📊 系统监控 - 负载: (8.68, 11.03, 17.22), 内存使用率: 11.5%📊 系统监控 - 负载: (8.71, 11.0, 17.18), 内存使用率: 11.6%📊 系统监控 - 负载: (8.73, 10.97, 17.13), 内存使用率: 11.5%📊 系统监控 - 负载: (8.73, 10.97, 17.13), 内存使用率: 11.5%📊 系统监控 - 负载: (8.75, 10.93, 17.09), 内存使用率: 11.5%📊 系统监控 - 负载: (8.75, 10.93, 17.09), 内存使用率: 11.5%📊 系统监控 - 负载: (8.77, 10.9, 17.05), 内存使用率: 11.6%📊 系统监控 - 负载: (8.79, 10.87, 17.0), 内存使用率: 11.5%📊 系统监控 - 负载: (8.79, 10.87, 17.0), 内存使用率: 11.6%📊 系统监控 - 负载: (8.81, 10.84, 16.96), 内存使用率: 11.5%📊 系统监控 - 负载: (8.81, 10.84, 16.96), 内存使用率: 11.5%📊 系统监控 - 负载: (8.82, 10.81, 16.92), 内存使用率: 11.5%📊 系统监控 - 负载: (8.76, 10.76, 16.87), 内存使用率: 11.5%📊 系统监控 - 负载: (8.76, 10.76, 16.87), 内存使用率: 11.5%📊 系统监控 - 负载: (8.7, 10.72, 16.82), 内存使用率: 11.5%📊 系统监控 - 负载: (8.7, 10.72, 16.82), 内存使用率: 11.5%📊 系统监控 - 负载: (8.72, 10.69, 16.78), 内存使用率: 11.5%📊 系统监控 - 负载: (8.74, 10.66, 16.74), 内存使用率: 11.5%📊 系统监控 - 负载: (8.74, 10.66, 16.74), 内存使用率: 11.5%📊 系统监控 - 负载: (8.76, 10.63, 16.7), 内存使用率: 11.4%📊 系统监控 - 负载: (8.76, 10.63, 16.7), 内存使用率: 11.5%📊 系统监控 - 负载: (8.86, 10.62, 16.66), 内存使用率: 11.5%📊 系统监控 - 负载: (8.87, 10.59, 16.62), 内存使用率: 11.5%📊 系统监控 - 负载: (8.87, 10.59, 16.62), 内存使用率: 11.5%📊 系统监控 - 负载: (8.88, 10.57, 16.58), 内存使用率: 11.5%📊 系统监控 - 负载: (8.88, 10.57, 16.58), 内存使用率: 11.5%📊 系统监控 - 负载: (8.81, 10.53, 16.53), 内存使用率: 11.5%📊 系统监控 - 负载: (8.91, 10.52, 16.5), 内存使用率: 11.5%📊 系统监控 - 负载: (8.91, 10.52, 16.5), 内存使用率: 11.5%📊 系统监控 - 负载: (8.91, 10.49, 16.46), 内存使用率: 11.6%📊 系统监控 - 负载: (8.91, 10.49, 16.46), 内存使用率: 11.5%📊 系统监控 - 负载: (8.76, 10.43, 16.41), 内存使用率: 11.5%📊 系统监控 - 负载: (8.78, 10.41, 16.37), 内存使用率: 11.4%📊 系统监控 - 负载: (8.78, 10.41, 16.37), 内存使用率: 11.4%📊 系统监控 - 负载: (8.96, 10.42, 16.34), 内存使用率: 11.4%📊 系统监控 - 负载: (8.96, 10.42, 16.34), 内存使用率: 11.5%📊 系统监控 - 负载: (8.88, 10.38, 16.29), 内存使用率: 11.5%📊 系统监控 - 负载: (8.89, 10.36, 16.25), 内存使用率: 11.5%📊 系统监控 - 负载: (8.89, 10.36, 16.25), 内存使用率: 11.6%📊 系统监控 - 负载: (8.9, 10.33, 16.21), 内存使用率: 11.5%📊 系统监控 - 负载: (8.9, 10.33, 16.21), 内存使用率: 11.6%📊 系统监控 - 负载: (9.07, 10.35, 16.19), 内存使用率: 11.5%📊 系统监控 - 负载: (9.14, 10.34, 16.15), 内存使用率: 11.5%📊 系统监控 - 负载: (9.14, 10.34, 16.15), 内存使用率: 11.5%📊 系统监控 - 负载: (9.13, 10.32, 16.11), 内存使用率: 11.6%📊 系统监控 - 负载: (9.13, 10.32, 16.11), 内存使用率: 11.5%📊 系统监控 - 负载: (9.12, 10.29, 16.08), 内存使用率: 11.5%📊 系统监控 - 负载: (9.19, 10.29, 16.04), 内存使用率: 11.5%📊 系统监控 - 负载: (9.19, 10.29, 16.04), 内存使用率: 11.5%📊 系统监控 - 负载: (9.1, 10.25, 16.0), 内存使用率: 11.5%📊 系统监控 - 负载: (9.1, 10.25, 16.0), 内存使用率: 11.5%📊 系统监控 - 负载: (9.01, 10.21, 15.96), 内存使用率: 11.6%📊 系统监控 - 负载: (9.01, 10.19, 15.92), 内存使用率: 11.6%📊 系统监控 - 负载: (9.01, 10.19, 15.92), 内存使用率: 11.7%📊 系统监控 - 负载: (8.85, 10.14, 15.87), 内存使用率: 11.6%📊 系统监控 - 负载: (8.85, 10.14, 15.87), 内存使用率: 11.6%📊 系统监控 - 负载: (8.78, 10.11, 15.83), 内存使用率: 11.6%📊 系统监控 - 负载: (8.64, 10.05, 15.78), 内存使用率: 11.5%
✅ 维度 4D 处理成功 (已完成: 6/10)
📊 系统监控 - 负载: (8.64, 10.05, 15.78), 内存使用率: 11.5%📊 系统监控 - 负载: (8.59, 10.02, 15.74), 内存使用率: 11.5%📊 系统监控 - 负载: (8.59, 10.02, 15.74), 内存使用率: 11.5%📊 系统监控 - 负载: (8.38, 9.95, 15.69), 内存使用率: 11.6%📊 系统监控 - 负载: (8.19, 9.89, 15.64), 内存使用率: 11.5%📊 系统监控 - 负载: (8.19, 9.89, 15.64), 内存使用率: 11.5%📊 系统监控 - 负载: (8.09, 9.84, 15.59), 内存使用率: 11.5%📊 系统监控 - 负载: (8.09, 9.84, 15.59), 内存使用率: 11.5%📊 系统监控 - 负载: (8.09, 9.81, 15.55), 内存使用率: 11.5%📊 系统监控 - 负载: (8.0, 9.76, 15.5), 内存使用率: 11.5%📊 系统监控 - 负载: (8.0, 9.76, 15.5), 内存使用率: 11.5%📊 系统监控 - 负载: (8.0, 9.73, 15.46), 内存使用率: 11.5%📊 系统监控 - 负载: (8.0, 9.73, 15.46), 内存使用率: 11.5%📊 系统监控 - 负载: (8.0, 9.7, 15.42), 内存使用率: 11.5%📊 系统监控 - 负载: (7.92, 9.66, 15.38), 内存使用率: 11.5%📊 系统监控 - 负载: (7.92, 9.66, 15.38), 内存使用率: 11.5%📊 系统监控 - 负载: (7.92, 9.63, 15.34), 内存使用率: 11.5%📊 系统监控 - 负载: (7.92, 9.63, 15.34), 内存使用率: 11.5%📊 系统监控 - 负载: (7.85, 9.59, 15.29), 内存使用率: 11.5%📊 系统监控 - 负载: (7.86, 9.56, 15.25), 内存使用率: 11.5%📊 系统监控 - 负载: (7.86, 9.56, 15.25), 内存使用率: 11.5%📊 系统监控 - 负载: (7.87, 9.54, 15.21), 内存使用率: 11.5%📊 系统监控 - 负载: (7.87, 9.54, 15.21), 内存使用率: 11.5%📊 系统监控 - 负载: (7.88, 9.51, 15.18), 内存使用率: 11.6%📊 系统监控 - 负载: (7.89, 9.49, 15.14), 内存使用率: 11.5%[I 2026-01-04 02:08:13,561] Trial 18 finished with value: 0.8139879337518638 and parameters: {'p_crossover': 0.49054131464078343, 'p_subtree_mutation': 0.18447797210273656, 'p_hoist_mutation': 0.06628107740731827, 'p_point_mutation': 0.21181008501239543, 'population_size': 15000, 'generations': 40, 'function_set': ['add', 'sub', 'mul', 'div', 'abs', 'sqrt', 'log', 'inv', 'sin', 'cos'], 'parsimony_coefficient': 0.00046307179089536223, 'tournament_size': 10}. Best is trial 4 with value: 0.8314899623994423.
[I 2026-01-04 02:10:29,373] Trial 19 finished with value: 0.35177510239045506 and parameters: {'p_crossover': 0.6971724617514127, 'p_subtree_mutation': 0.1526884959733074, 'p_hoist_mutation': 0.02069451855817415, 'p_point_mutation': 0.11361793732555103, 'population_size': 25000, 'generations': 50, 'function_set': ['add', 'sub', 'mul', 'div', 'abs', 'sqrt'], 'parsimony_coefficient': 0.002813820638697426, 'tournament_size': 15}. Best is trial 9 with value: 0.7540397082023692.
