📊 系统监控 - 负载: (20.82, 22.33, 26.11), 内存使用率: 18.0%📊 系统监控 - 负载: (20.68, 22.27, 26.07), 内存使用率: 18.0%📊 系统监控 - 负载: (20.68, 22.27, 26.07), 内存使用率: 18.1%📊 系统监控 - 负载: (20.54, 22.22, 26.03), 内存使用率: 18.0%📊 系统监控 - 负载: (20.42, 22.17, 26.0), 内存使用率: 18.1%📊 系统监控 - 负载: (20.42, 22.17, 26.0), 内存使用率: 17.9%📊 系统监控 - 负载: (20.46, 22.15, 25.97), 内存使用率: 18.0%📊 系统监控 - 负载: (20.46, 22.15, 25.97), 内存使用率: 18.1%📊 系统监控 - 负载: (20.43, 22.11, 25.94), 内存使用率: 17.9%📊 系统监控 - 负载: (20.39, 22.08, 25.91), 内存使用率: 18.0%📊 系统监控 - 负载: (20.39, 22.08, 25.91), 内存使用率: 18.1%📊 系统监控 - 负载: (20.36, 22.04, 25.87), 内存使用率: 18.2%📊 系统监控 - 负载: (20.36, 22.04, 25.87), 内存使用率: 18.2%📊 系统监控 - 负载: (20.17, 21.97, 25.83), 内存使用率: 18.1%📊 系统监控 - 负载: (20.32, 21.97, 25.81), 内存使用率: 18.0%📊 系统监控 - 负载: (20.32, 21.97, 25.81), 内存使用率: 18.0%📊 系统监控 - 负载: (20.45, 21.98, 25.79), 内存使用率: 18.0%📊 系统监控 - 负载: (20.45, 21.98, 25.79), 内存使用率: 18.1%📊 系统监控 - 负载: (20.18, 21.89, 25.74), 内存使用率: 18.2%📊 系统监控 - 负载: (20.32, 21.89, 25.72), 内存使用率: 18.1%📊 系统监控 - 负载: (20.32, 21.89, 25.72), 内存使用率: 18.2%📊 系统监控 - 负载: (20.46, 21.9, 25.7), 内存使用率: 18.2%📊 系统监控 - 负载: (20.46, 21.9, 25.7), 内存使用率: 18.1%📊 系统监控 - 负载: (20.26, 21.83, 25.66), 内存使用率: 18.2%📊 系统监控 - 负载: (20.4, 21.84, 25.64), 内存使用率: 18.0%📊 系统监控 - 负载: (20.4, 21.84, 25.64), 内存使用率: 18.0%📊 系统监控 - 负载: (20.37, 21.81, 25.61), 内存使用率: 18.0%📊 系统监控 - 负载: (20.37, 21.81, 25.61), 内存使用率: 18.1%📊 系统监控 - 负载: (20.1, 21.73, 25.56), 内存使用率: 18.1%📊 系统监控 - 负载: (19.93, 21.66, 25.52), 内存使用率: 17.9%📊 系统监控 - 负载: (19.93, 21.66, 25.52), 内存使用率: 17.8%📊 系统监控 - 负载: (19.94, 21.64, 25.49), 内存使用率: 17.7%📊 系统监控 - 负载: (19.94, 21.64, 25.49), 内存使用率: 17.8%📊 系统监控 - 负载: (19.94, 21.61, 25.47), 内存使用率: 17.8%📊 系统监控 - 负载: (19.87, 21.56, 25.43), 内存使用率: 17.9%📊 系统监控 - 负载: (19.87, 21.56, 25.43), 内存使用率: 17.9%📊 系统监控 - 负载: (19.8, 21.52, 25.4), 内存使用率: 18.0%📊 系统监控 - 负载: (19.8, 21.52, 25.4), 内存使用率: 17.9%📊 系统监控 - 负载: (19.49, 21.43, 25.35), 内存使用率: 17.9%📊 系统监控 - 负载: (19.69, 21.44, 25.33), 内存使用率: 17.8%📊 系统监控 - 负载: (19.69, 21.44, 25.33), 内存使用率: 17.8%📊 系统监控 - 负载: (19.72, 21.42, 25.3), 内存使用率: 18.0%📊 系统监控 - 负载: (19.72, 21.42, 25.3), 内存使用率: 17.9%📊 系统监控 - 负载: (19.58, 21.36, 25.26), 内存使用率: 17.9%📊 系统监控 - 负载: (19.61, 21.34, 25.23), 内存使用率: 17.9%📊 系统监控 - 负载: (19.61, 21.34, 25.23), 内存使用率: 17.8%📊 系统监控 - 负载: (19.48, 21.28, 25.19), 内存使用率: 18.0%📊 系统监控 - 负载: (19.48, 21.28, 25.19), 内存使用率: 18.0%📊 系统监控 - 负载: (19.29, 21.21, 25.15), 内存使用率: 17.9%📊 系统监控 - 负载: (19.26, 21.17, 25.12), 内存使用率: 18.0%📊 系统监控 - 负载: (19.26, 21.17, 25.12), 内存使用率: 17.8%📊 系统监控 - 负载: (19.08, 21.1, 25.07), 内存使用率: 18.0%📊 系统监控 - 负载: (19.08, 21.1, 25.07), 内存使用率: 17.9%📊 系统监控 - 负载: (19.07, 21.07, 25.04), 内存使用率: 17.8%📊 系统监控 - 负载: (19.23, 21.07, 25.02), 内存使用率: 17.9%📊 系统监控 - 负载: (19.23, 21.07, 25.02), 内存使用率: 17.8%📊 系统监控 - 负载: (19.13, 21.02, 24.98), 内存使用率: 18.0%📊 系统监控 - 负载: (19.13, 21.02, 24.98), 内存使用率: 17.9%📊 系统监控 - 负载: (18.96, 20.95, 24.94), 内存使用率: 18.0%📊 系统监控 - 负载: (18.96, 20.92, 24.91), 内存使用率: 18.0%📊 系统监控 - 负载: (18.96, 20.92, 24.91), 内存使用率: 17.8%📊 系统监控 - 负载: (18.97, 20.89, 24.87), 内存使用率: 17.9%📊 系统监控 - 负载: (18.97, 20.89, 24.87), 内存使用率: 17.9%📊 系统监控 - 负载: (19.13, 20.89, 24.85), 内存使用率: 17.8%📊 系统监控 - 负载: (19.12, 20.86, 24.82), 内存使用率: 17.9%📊 系统监控 - 负载: (19.12, 20.86, 24.82), 内存使用率: 17.8%📊 系统监控 - 负载: (18.95, 20.79, 24.78), 内存使用率: 18.0%📊 系统监控 - 负载: (18.95, 20.79, 24.78), 内存使用率: 18.0%📊 系统监控 - 负载: (19.03, 20.78, 24.75), 内存使用率: 18.0%📊 系统监控 - 负载: (19.03, 20.75, 24.72), 内存使用率: 18.0%📊 系统监控 - 负载: (19.03, 20.75, 24.72), 内存使用率: 18.0%📊 系统监控 - 负载: (19.19, 20.75, 24.7), 内存使用率: 17.9%📊 系统监控 - 负载: (19.19, 20.75, 24.7), 内存使用率: 17.9%📊 系统监控 - 负载: (19.25, 20.74, 24.68), 内存使用率: 17.9%📊 系统监控 - 负载: (19.23, 20.71, 24.65), 内存使用率: 17.9%📊 系统监控 - 负载: (19.23, 20.71, 24.65), 内存使用率: 18.1%📊 系统监控 - 负载: (19.13, 20.67, 24.61), 内存使用率: 18.0%📊 系统监控 - 负载: (19.13, 20.67, 24.61), 内存使用率: 17.9%📊 系统监控 - 负载: (19.28, 20.67, 24.59), 内存使用率: 17.9%📊 系统监控 - 负载: (19.42, 20.68, 24.57), 内存使用率: 17.9%📊 系统监控 - 负载: (19.42, 20.68, 24.57), 内存使用率: 17.9%📊 系统监控 - 负载: (19.55, 20.68, 24.55), 内存使用率: 17.9%📊 系统监控 - 负载: (19.55, 20.68, 24.55), 内存使用率: 18.0%📊 系统监控 - 负载: (19.5, 20.66, 24.52), 内存使用率: 18.1%📊 系统监控 - 负载: (19.7, 20.68, 24.51), 内存使用率: 17.9%📊 系统监控 - 负载: (19.7, 20.68, 24.51), 内存使用率: 17.9%📊 系统监控 - 负载: (19.73, 20.67, 24.49), 内存使用率: 17.9%📊 系统监控 - 负载: (19.73, 20.67, 24.49), 内存使用率: 17.8%📊 系统监控 - 负载: (19.99, 20.71, 24.48), 内存使用率: 17.8%📊 系统监控 - 负载: (20.15, 20.73, 24.46), 内存使用率: 17.7%📊 系统监控 - 负载: (20.15, 20.73, 24.46), 内存使用率: 17.8%📊 系统监控 - 负载: (19.82, 20.65, 24.42), 内存使用率: 17.8%📊 系统监控 - 负载: (19.82, 20.65, 24.42), 内存使用率: 17.9%📊 系统监控 - 负载: (19.75, 20.62, 24.39), 内存使用率: 18.0%📊 系统监控 - 负载: (19.53, 20.56, 24.35), 内存使用率: 18.0%📊 系统监控 - 负载: (19.53, 20.56, 24.35), 内存使用率: 17.8%📊 系统监控 - 负载: (19.57, 20.55, 24.33), 内存使用率: 17.9%📊 系统监控 - 负载: (19.57, 20.55, 24.33), 内存使用率: 17.9%📊 系统监控 - 负载: (19.52, 20.53, 24.3), 内存使用率: 18.1%[I 2026-01-04 01:50:55,107] Trial 16 finished with value: 0.7113170017888351 and parameters: {'p_crossover': 0.41658073647250143, 'p_subtree_mutation': 0.14320946277099975, 'p_hoist_mutation': 0.09723428668438464, 'p_point_mutation': 0.2820881457692326, 'population_size': 20000, 'generations': 30, 'function_set': ['add', 'sub', 'mul', 'div', 'abs', 'sqrt'], 'parsimony_coefficient': 0.0001074040761915771, 'tournament_size': 15}. Best is trial 9 with value: 0.7540397082023692.
[I 2026-01-04 01:51:54,076] Trial 18 finished with value: 0.7512228484557324 and parameters: {'p_crossover': 0.4491177471351193, 'p_subtree_mutation': 0.19605595016938399, 'p_hoist_mutation': 0.0960810947783868, 'p_point_mutation': 0.18763900222983987, 'population_size': 30000, 'generations': 20, 'function_set': ['add', 'sub', 'mul', 'div', 'abs', 'sqrt'], 'parsimony_coefficient': 0.0005498202388897898, 'tournament_size': 10}. Best is trial 17 with value: 0.8354501789566917.
📊 系统监控 - 负载: (19.56, 20.52, 24.27), 内存使用率: 17.7%📊 系统监控 - 负载: (19.56, 20.52, 24.27), 内存使用率: 17.8%📊 系统监控 - 负载: (19.6, 20.51, 24.25), 内存使用率: 17.9%📊 系统监控 - 负载: (19.6, 20.51, 24.25), 内存使用率: 17.9%📊 系统监控 - 负载: (19.71, 20.52, 24.23), 内存使用率: 17.8%📊 系统监控 - 负载: (19.65, 20.49, 24.21), 内存使用率: 17.7%
✅ 维度 3D 处理成功 (已完成: 3/10)
📊 系统监控 - 负载: (19.65, 20.49, 24.21), 内存使用率: 17.7%📊 系统监控 - 负载: (19.36, 20.42, 24.16), 内存使用率: 17.7%📊 系统监控 - 负载: (19.25, 20.38, 24.13), 内存使用率: 17.6%📊 系统监控 - 负载: (19.25, 20.38, 24.13), 内存使用率: 17.6%📊 系统监控 - 负载: (18.99, 20.3, 24.09), 内存使用率: 17.7%📊 系统监控 - 负载: (18.99, 20.3, 24.09), 内存使用率: 17.8%📊 系统监控 - 负载: (19.07, 20.3, 24.06), 内存使用率: 17.6%📊 系统监控 - 负载: (19.07, 20.28, 24.04), 内存使用率: 17.6%📊 系统监控 - 负载: (19.07, 20.28, 24.04), 内存使用率: 17.6%📊 系统监控 - 负载: (18.9, 20.22, 24.0), 内存使用率: 17.7%📊 系统监控 - 负载: (18.9, 20.22, 24.0), 内存使用率: 17.6%📊 系统监控 - 负载: (18.67, 20.15, 23.96), 内存使用率: 17.7%📊 系统监控 - 负载: (18.53, 20.1, 23.92), 内存使用率: 17.8%📊 系统监控 - 负载: (18.53, 20.1, 23.92), 内存使用率: 17.8%📊 系统监控 - 负载: (18.57, 20.08, 23.89), 内存使用率: 17.6%📊 系统监控 - 负载: (18.57, 20.08, 23.89), 内存使用率: 17.7%📊 系统监控 - 负载: (18.53, 20.05, 23.86), 内存使用率: 17.8%📊 系统监控 - 负载: (18.56, 20.03, 23.83), 内存使用率: 17.8%📊 系统监控 - 负载: (18.56, 20.03, 23.83), 内存使用率: 17.7%📊 系统监控 - 负载: (18.6, 20.01, 23.81), 内存使用率: 17.7%📊 系统监控 - 负载: (18.6, 20.01, 23.81), 内存使用率: 17.8%📊 系统监控 - 负载: (18.55, 19.98, 23.78), 内存使用率: 17.9%📊 系统监控 - 负载: (18.67, 19.98, 23.76), 内存使用率: 17.7%📊 系统监控 - 负载: (18.67, 19.98, 23.76), 内存使用率: 17.8%📊 系统监控 - 负载: (18.69, 19.96, 23.73), 内存使用率: 17.9%📊 系统监控 - 负载: (18.69, 19.96, 23.73), 内存使用率: 17.8%📊 系统监控 - 负载: (18.56, 19.92, 23.69), 内存使用率: 17.8%📊 系统监控 - 负载: (18.59, 19.9, 23.67), 内存使用率: 17.7%📊 系统监控 - 负载: (18.59, 19.9, 23.67), 内存使用率: 17.7%📊 系统监控 - 负载: (18.39, 19.84, 23.63), 内存使用率: 17.8%📊 系统监控 - 负载: (18.39, 19.84, 23.63), 内存使用率: 17.7%📊 系统监控 - 负载: (18.36, 19.81, 23.6), 内存使用率: 17.7%📊 系统监控 - 负载: (18.33, 19.78, 23.57), 内存使用率: 17.8%📊 系统监控 - 负载: (18.33, 19.78, 23.57), 内存使用率: 17.9%📊 系统监控 - 负载: (18.3, 19.75, 23.54), 内存使用率: 17.8%📊 系统监控 - 负载: (18.3, 19.75, 23.54), 内存使用率: 17.8%📊 系统监控 - 负载: (18.28, 19.72, 23.51), 内存使用率: 17.9%📊 系统监控 - 负载: (18.01, 19.64, 23.46), 内存使用率: 18.0%📊 系统监控 - 负载: (18.01, 19.64, 23.46), 内存使用率: 18.0%📊 系统监控 - 负载: (18.09, 19.63, 23.44), 内存使用率: 17.9%📊 系统监控 - 负载: (18.09, 19.63, 23.44), 内存使用率: 17.9%📊 系统监控 - 负载: (18.09, 19.6, 23.41), 内存使用率: 17.9%📊 系统监控 - 负载: (17.92, 19.54, 23.37), 内存使用率: 18.0%📊 系统监控 - 负载: (17.92, 19.54, 23.37), 内存使用率: 18.0%📊 系统监控 - 负载: (18.01, 19.53, 23.35), 内存使用率: 18.0%📊 系统监控 - 负载: (18.01, 19.53, 23.35), 内存使用率: 18.0%📊 系统监控 - 负载: (17.85, 19.47, 23.31), 内存使用率: 18.1%📊 系统监控 - 负载: (17.7, 19.42, 23.27), 内存使用率: 18.0%📊 系统监控 - 负载: (17.7, 19.42, 23.27), 内存使用率: 18.1%📊 系统监控 - 负载: (17.72, 19.39, 23.24), 内存使用率: 18.2%📊 系统监控 - 负载: (17.72, 19.39, 23.24), 内存使用率: 18.1%📊 系统监控 - 负载: (17.5, 19.32, 23.19), 内存使用率: 18.2%📊 系统监控 - 负载: (17.38, 19.27, 23.16), 内存使用率: 18.2%📊 系统监控 - 负载: (17.38, 19.27, 23.16), 内存使用率: 18.2%📊 系统监控 - 负载: (17.59, 19.28, 23.14), 内存使用率: 18.3%📊 系统监控 - 负载: (17.59, 19.28, 23.14), 内存使用率: 18.4%📊 系统监控 - 负载: (17.31, 19.19, 23.09), 内存使用率: 18.3%📊 系统监控 - 负载: (17.36, 19.17, 23.06), 内存使用率: 18.4%📊 系统监控 - 负载: (17.36, 19.17, 23.06), 内存使用率: 18.4%📊 系统监控 - 负载: (17.41, 19.15, 23.03), 内存使用率: 18.5%📊 系统监控 - 负载: (17.41, 19.15, 23.03), 内存使用率: 18.6%📊 系统监控 - 负载: (17.22, 19.08, 22.99), 内存使用率: 18.5%📊 系统监控 - 负载: (17.2, 19.05, 22.96), 内存使用率: 18.1%📊 系统监控 - 负载: (17.2, 19.05, 22.96), 内存使用率: 18.0%📊 系统监控 - 负载: (16.94, 18.96, 22.91), 内存使用率: 18.0%📊 系统监控 - 负载: (16.94, 18.96, 22.91), 内存使用率: 17.7%📊 系统监控 - 负载: (16.79, 18.9, 22.87), 内存使用率: 17.6%📊 系统监控 - 负载: (16.57, 18.82, 22.82), 内存使用率: 17.6%📊 系统监控 - 负载: (16.57, 18.82, 22.82), 内存使用率: 17.7%📊 系统监控 - 负载: (16.2, 18.7, 22.76), 内存使用率: 17.7%📊 系统监控 - 负载: (16.2, 18.7, 22.76), 内存使用率: 17.7%📊 系统监控 - 负载: (16.26, 18.67, 22.73), 内存使用率: 17.7%📊 系统监控 - 负载: (15.92, 18.56, 22.67), 内存使用率: 17.7%📊 系统监控 - 负载: (15.92, 18.56, 22.67), 内存使用率: 17.7%📊 系统监控 - 负载: (15.69, 18.47, 22.62), 内存使用率: 17.7%📊 系统监控 - 负载: (15.69, 18.47, 22.62), 内存使用率: 17.7%📊 系统监控 - 负载: (15.55, 18.4, 22.58), 内存使用率: 17.8%📊 系统监控 - 负载: (15.43, 18.32, 22.53), 内存使用率: 17.8%📊 系统监控 - 负载: (15.43, 18.32, 22.53), 内存使用率: 17.8%📊 系统监控 - 负载: (15.15, 18.22, 22.47), 内存使用率: 17.9%📊 系统监控 - 负载: (15.15, 18.22, 22.47), 内存使用率: 17.8%📊 系统监控 - 负载: (14.98, 18.13, 22.42), 内存使用率: 17.8%📊 系统监控 - 负载: (14.82, 18.05, 22.37), 内存使用率: 17.9%📊 系统监控 - 负载: (14.82, 18.05, 22.37), 内存使用率: 18.0%📊 系统监控 - 负载: (14.68, 17.96, 22.32), 内存使用率: 17.9%📊 系统监控 - 负载: (14.68, 17.96, 22.32), 内存使用率: 17.9%📊 系统监控 - 负载: (14.7, 17.91, 22.28), 内存使用率: 17.9%📊 系统监控 - 负载: (14.49, 17.82, 22.23), 内存使用率: 18.1%📊 系统监控 - 负载: (14.49, 17.82, 22.23), 内存使用率: 18.1%📊 系统监控 - 负载: (14.45, 17.75, 22.18), 内存使用率: 18.0%📊 系统监控 - 负载: (14.45, 17.75, 22.18), 内存使用率: 18.1%📊 系统监控 - 负载: (14.33, 17.67, 22.13), 内存使用率: 18.1%📊 系统监控 - 负载: (14.23, 17.6, 22.08), 内存使用率: 18.0%📊 系统监控 - 负载: (14.23, 17.6, 22.08), 内存使用率: 18.2%📊 系统监控 - 负载: (14.29, 17.55, 22.05), 内存使用率: 18.1%📊 系统监控 - 负载: (14.29, 17.55, 22.05), 内存使用率: 18.1%📊 系统监控 - 负载: (14.34, 17.51, 22.01), 内存使用率: 18.2%📊 系统监控 - 负载: (14.24, 17.44, 21.96), 内存使用率: 18.1%📊 系统监控 - 负载: (14.24, 17.44, 21.96), 内存使用率: 18.3%📊 系统监控 - 负载: (14.14, 17.36, 21.91), 内存使用率: 18.2%📊 系统监控 - 负载: (14.14, 17.36, 21.91), 内存使用率: 18.0%📊 系统监控 - 负载: (14.13, 17.31, 21.87), 内存使用率: 18.0%📊 系统监控 - 负载: (13.96, 17.22, 21.82), 内存使用率: 18.1%📊 系统监控 - 负载: (13.96, 17.22, 21.82), 内存使用率: 18.1%[I 2026-01-04 01:55:47,732] Trial 15 finished with value: 0.8166000788752694 and parameters: {'p_crossover': 0.4611802441398035, 'p_subtree_mutation': 0.10248334731065523, 'p_hoist_mutation': 0.0224931553797329, 'p_point_mutation': 0.33071155891901194, 'population_size': 25000, 'generations': 40, 'function_set': ['add', 'sub', 'mul', 'div', 'abs', 'sqrt', 'log', 'inv', 'sin', 'cos'], 'parsimony_coefficient': 0.00017449169143352947, 'tournament_size': 10}. Best is trial 4 with value: 0.8314899623994423.
[I 2026-01-04 01:56:12,390] Trial 19 finished with value: 0.704017744246995 and parameters: {'p_crossover': 0.4028650773433634, 'p_subtree_mutation': 0.2200992063432018, 'p_hoist_mutation': 0.0803908944742215, 'p_point_mutation': 0.22235785484255627, 'population_size': 30000, 'generations': 20, 'function_set': ['add', 'sub', 'mul', 'div', 'abs', 'sqrt'], 'parsimony_coefficient': 0.00013856051485105112, 'tournament_size': 15}. Best is trial 17 with value: 0.8354501789566917.
[I 2026-01-04 01:58:23,260] Trial 16 finished with value: 0.6750553517995983 and parameters: {'p_crossover': 0.5172199398413111, 'p_subtree_mutation': 0.21791970036915181, 'p_hoist_mutation': 0.010173776926206636, 'p_point_mutation': 0.17076954443532089, 'population_size': 10000, 'generations': 30, 'function_set': ['add', 'sub', 'mul', 'div', 'abs', 'sqrt', 'log', 'inv', 'sin', 'cos'], 'parsimony_coefficient': 0.0001074040761915771, 'tournament_size': 10}. Best is trial 4 with value: 0.8314899623994423.
[I 2026-01-04 01:58:28,275] Trial 19 finished with value: 0.7116790732632665 and parameters: {'p_crossover': 0.46137758911440896, 'p_subtree_mutation': 0.14359809076584557, 'p_hoist_mutation': 0.07312115618929732, 'p_point_mutation': 0.17092993656214656, 'population_size': 30000, 'generations': 50, 'function_set': ['add', 'sub', 'mul', 'div', 'abs', 'sqrt'], 'parsimony_coefficient': 0.0006393379723270777, 'tournament_size': 10}. Best is trial 16 with value: 0.7986607766985379.
[I 2026-01-04 01:58:30,771] Trial 19 finished with value: 0.7149857156223409 and parameters: {'p_crossover': 0.46137758911440896, 'p_subtree_mutation': 0.14359809076584557, 'p_hoist_mutation': 0.07312115618929732, 'p_point_mutation': 0.17092993656214656, 'population_size': 30000, 'generations': 50, 'function_set': ['add', 'sub', 'mul', 'div', 'abs', 'sqrt'], 'parsimony_coefficient': 0.0006393379723270777, 'tournament_size': 10}. Best is trial 16 with value: 0.7901599327556406.
[I 2026-01-04 01:58:51,903] Trial 17 finished with value: -0.10455056214462488 and parameters: {'p_crossover': 0.5359193345413676, 'p_subtree_mutation': 0.1867300130243846, 'p_hoist_mutation': 0.04056625664298881, 'p_point_mutation': 0.17575666464127593, 'population_size': 30000, 'generations': 40, 'function_set': ['add', 'sub', 'mul', 'div', 'abs', 'sqrt'], 'parsimony_coefficient': 0.00905387360603019, 'tournament_size': 15}. Best is trial 9 with value: 0.7540397082023692.
📊 系统监控 - 负载: (14.04, 17.18, 21.78), 内存使用率: 18.0%📊 系统监控 - 负载: (14.04, 17.18, 21.78), 内存使用率: 18.1%📊 系统监控 - 负载: (13.96, 17.11, 21.73), 内存使用率: 18.1%📊 系统监控 - 负载: (13.72, 17.01, 21.67), 内存使用率: 18.2%📊 系统监控 - 负载: (13.72, 17.01, 21.67), 内存使用率: 18.1%📊 系统监控 - 负载: (13.66, 16.94, 21.63), 内存使用率: 18.1%📊 系统监控 - 负载: (13.66, 16.94, 21.63), 内存使用率: 18.2%📊 系统监控 - 负载: (13.61, 16.88, 21.58), 内存使用率: 18.3%📊 系统监控 - 负载: (13.4, 16.78, 21.53), 内存使用率: 18.3%📊 系统监控 - 负载: (13.4, 16.78, 21.53), 内存使用率: 18.3%📊 系统监控 - 负载: (13.29, 16.7, 21.47), 内存使用率: 14.9%📊 系统监控 - 负载: (13.29, 16.7, 21.47), 内存使用率: 15.0%📊 系统监控 - 负载: (13.1, 16.61, 21.42), 内存使用率: 15.0%📊 系统监控 - 负载: (12.86, 16.5, 21.36), 内存使用率: 15.1%
✅ 维度 10D 处理成功 (已完成: 4/10)
📊 系统监控 - 负载: (12.86, 16.5, 21.36), 内存使用率: 14.8%📊 系统监控 - 负载: (12.55, 16.37, 21.29), 内存使用率: 14.9%📊 系统监控 - 负载: (12.55, 16.37, 21.29), 内存使用率: 14.9%📊 系统监控 - 负载: (12.26, 16.25, 21.22), 内存使用率: 14.8%📊 系统监控 - 负载: (12.0, 16.13, 21.16), 内存使用率: 14.9%📊 系统监控 - 负载: (12.0, 16.13, 21.16), 内存使用率: 14.9%📊 系统监控 - 负载: (11.84, 16.03, 21.1), 内存使用率: 14.9%📊 系统监控 - 负载: (11.84, 16.03, 21.1), 内存使用率: 15.0%📊 系统监控 - 负载: (11.77, 15.94, 21.04), 内存使用率: 14.9%📊 系统监控 - 负载: (11.55, 15.83, 20.98), 内存使用率: 15.0%📊 系统监控 - 负载: (11.55, 15.83, 20.98), 内存使用率: 14.9%
✅ 维度 2D 处理成功 (已完成: 5/10)
📊 系统监控 - 负载: (11.43, 15.73, 20.92), 内存使用率: 14.7%📊 系统监控 - 负载: (11.43, 15.73, 20.92), 内存使用率: 14.7%📊 系统监控 - 负载: (11.23, 15.62, 20.86), 内存使用率: 14.7%📊 系统监控 - 负载: (11.05, 15.51, 20.79), 内存使用率: 14.7%📊 系统监控 - 负载: (11.05, 15.51, 20.79), 内存使用率: 14.7%📊 系统监控 - 负载: (10.81, 15.39, 20.72), 内存使用率: 14.8%📊 系统监控 - 负载: (10.81, 15.39, 20.72), 内存使用率: 14.7%📊 系统监控 - 负载: (10.66, 15.28, 20.66), 内存使用率: 14.7%📊 系统监控 - 负载: (10.69, 15.21, 20.61), 内存使用率: 14.8%📊 系统监控 - 负载: (10.69, 15.21, 20.61), 内存使用率: 14.7%📊 系统监控 - 负载: (10.4, 15.07, 20.54), 内存使用率: 14.8%📊 系统监控 - 负载: (10.4, 15.07, 20.54), 内存使用率: 14.7%📊 系统监控 - 负载: (10.36, 14.99, 20.48), 内存使用率: 14.7%📊 系统监控 - 负载: (10.34, 14.91, 20.42), 内存使用率: 14.8%📊 系统监控 - 负载: (10.34, 14.91, 20.42), 内存使用率: 14.8%📊 系统监控 - 负载: (10.39, 14.84, 20.37), 内存使用率: 14.7%📊 系统监控 - 负载: (10.39, 14.84, 20.37), 内存使用率: 14.7%📊 系统监控 - 负载: (10.28, 14.74, 20.31), 内存使用率: 14.7%📊 系统监控 - 负载: (9.93, 14.6, 20.24), 内存使用率: 14.7%📊 系统监控 - 负载: (9.93, 14.6, 20.24), 内存使用率: 14.7%📊 系统监控 - 负载: (9.94, 14.52, 20.18), 内存使用率: 14.7%📊 系统监控 - 负载: (9.94, 14.52, 20.18), 内存使用率: 14.7%📊 系统监控 - 负载: (9.95, 14.45, 20.13), 内存使用率: 14.7%📊 系统监控 - 负载: (9.87, 14.36, 20.07), 内存使用率: 14.6%📊 系统监控 - 负载: (9.87, 14.36, 20.07), 内存使用率: 14.6%📊 系统监控 - 负载: (9.88, 14.29, 20.01), 内存使用率: 14.7%📊 系统监控 - 负载: (9.88, 14.29, 20.01), 内存使用率: 14.6%📊 系统监控 - 负载: (9.81, 14.2, 19.95), 内存使用率: 14.7%📊 系统监控 - 负载: (9.82, 14.13, 19.9), 内存使用率: 14.6%📊 系统监控 - 负载: (9.82, 14.13, 19.9), 内存使用率: 14.6%📊 系统监控 - 负载: (9.76, 14.04, 19.84), 内存使用率: 14.6%📊 系统监控 - 负载: (9.76, 14.04, 19.84), 内存使用率: 14.6%📊 系统监控 - 负载: (9.54, 13.93, 19.77), 内存使用率: 14.7%📊 系统监控 - 负载: (9.5, 13.84, 19.71), 内存使用率: 14.5%📊 系统监控 - 负载: (9.5, 13.84, 19.71), 内存使用率: 13.9%📊 系统监控 - 负载: (9.38, 13.75, 19.65), 内存使用率: 13.9%📊 系统监控 - 负载: (9.38, 13.75, 19.65), 内存使用率: 13.2%📊 系统监控 - 负载: (9.18, 13.64, 19.58), 内存使用率: 13.1%📊 系统监控 - 负载: (9.09, 13.54, 19.52), 内存使用率: 13.1%📊 系统监控 - 负载: (9.09, 13.54, 19.52), 内存使用率: 13.1%📊 系统监控 - 负载: (9.16, 13.48, 19.47), 内存使用率: 13.2%📊 系统监控 - 负载: (9.16, 13.48, 19.47), 内存使用率: 13.2%📊 系统监控 - 负载: (9.07, 13.39, 19.41), 内存使用率: 13.2%📊 系统监控 - 负载: (9.14, 13.34, 19.36), 内存使用率: 13.1%📊 系统监控 - 负载: (9.14, 13.34, 19.36), 内存使用率: 13.2%📊 系统监控 - 负载: (9.13, 13.26, 19.3), 内存使用率: 13.2%📊 系统监控 - 负载: (9.13, 13.26, 19.3), 内存使用率: 13.3%📊 系统监控 - 负载: (8.96, 13.16, 19.24), 内存使用率: 13.2%📊 系统监控 - 负载: (9.04, 13.11, 19.19), 内存使用率: 13.2%📊 系统监控 - 负载: (9.04, 13.11, 19.19), 内存使用率: 13.2%📊 系统监控 - 负载: (9.12, 13.06, 19.14), 内存使用率: 13.2%📊 系统监控 - 负载: (9.19, 13.01, 19.09), 内存使用率: 13.2%📊 系统监控 - 负载: (9.19, 13.01, 19.09), 内存使用率: 13.2%📊 系统监控 - 负载: (9.1, 12.92, 19.03), 内存使用率: 13.2%📊 系统监控 - 负载: (9.1, 12.92, 19.03), 内存使用率: 13.1%📊 系统监控 - 负载: (9.01, 12.84, 18.97), 内存使用率: 13.2%📊 系统监控 - 负载: (9.01, 12.78, 18.92), 内存使用率: 13.2%📊 系统监控 - 负载: (9.01, 12.78, 18.92), 内存使用率: 13.2%📊 系统监控 - 负载: (9.09, 12.73, 18.87), 内存使用率: 13.1%📊 系统监控 - 负载: (9.09, 12.73, 18.87), 内存使用率: 13.2%📊 系统监控 - 负载: (8.92, 12.64, 18.8), 内存使用率: 13.2%📊 系统监控 - 负载: (8.93, 12.58, 18.75), 内存使用率: 13.2%📊 系统监控 - 负载: (8.93, 12.58, 18.75), 内存使用率: 13.2%📊 系统监控 - 负载: (8.93, 12.52, 18.7), 内存使用率: 13.2%📊 系统监控 - 负载: (8.93, 12.52, 18.7), 内存使用率: 13.3%📊 系统监控 - 负载: (8.94, 12.46, 18.65), 内存使用率: 13.2%📊 系统监控 - 负载: (9.02, 12.42, 18.6), 内存使用率: 13.2%📊 系统监控 - 负载: (9.02, 12.42, 18.6), 内存使用率: 13.2%📊 系统监控 - 负载: (9.1, 12.38, 18.55), 内存使用率: 13.1%📊 系统监控 - 负载: (9.1, 12.38, 18.55), 内存使用率: 13.1%📊 系统监控 - 负载: (9.09, 12.32, 18.5), 内存使用率: 13.2%📊 系统监控 - 负载: (9.01, 12.25, 18.45), 内存使用率: 13.1%📊 系统监控 - 负载: (9.01, 12.25, 18.45), 内存使用率: 13.1%📊 系统监控 - 负载: (9.09, 12.21, 18.4), 内存使用率: 13.1%📊 系统监控 - 负载: (9.09, 12.21, 18.4), 内存使用率: 13.2%📊 系统监控 - 负载: (8.92, 12.12, 18.34), 内存使用率: 13.1%📊 系统监控 - 负载: (9.0, 12.09, 18.29), 内存使用率: 13.0%📊 系统监控 - 负载: (9.0, 12.09, 18.29), 内存使用率: 13.0%📊 系统监控 - 负载: (9.0, 12.04, 18.25), 内存使用率: 13.0%📊 系统监控 - 负载: (9.0, 12.04, 18.25), 内存使用率: 13.0%📊 系统监控 - 负载: (9.16, 12.02, 18.21), 内存使用率: 12.9%📊 系统监控 - 负载: (9.23, 11.99, 18.16), 内存使用率: 12.9%📊 系统监控 - 负载: (9.23, 11.99, 18.16), 内存使用率: 13.0%📊 系统监控 - 负载: (9.13, 11.92, 18.11), 内存使用率: 13.0%📊 系统监控 - 负载: (9.13, 11.92, 18.11), 内存使用率: 13.0%[I 2026-01-04 02:01:56,462] Trial 18 finished with value: 0.7041948960607378 and parameters: {'p_crossover': 0.4639850006893367, 'p_subtree_mutation': 0.10064300253747357, 'p_hoist_mutation': 0.02575576946595353, 'p_point_mutation': 0.3913854637250964, 'population_size': 15000, 'generations': 30, 'function_set': ['add', 'sub', 'mul', 'div', 'abs', 'sqrt', 'log', 'inv', 'sin', 'cos'], 'parsimony_coefficient': 0.0005498202388897898, 'tournament_size': 10}. Best is trial 9 with value: 0.7540397082023692.
