📊 系统监控 - 负载: (31.98, 31.99, 32.66), 内存使用率: 19.0%📊 系统监控 - 负载: (31.98, 31.99, 32.66), 内存使用率: 18.8%📊 系统监控 - 负载: (31.82, 31.95, 32.65), 内存使用率: 19.0%📊 系统监控 - 负载: (31.92, 31.97, 32.65), 内存使用率: 18.8%📊 系统监控 - 负载: (31.92, 31.97, 32.65), 内存使用率: 18.9%📊 系统监控 - 负载: (32.24, 32.04, 32.67), 内存使用率: 18.8%📊 系统监控 - 负载: (32.24, 32.04, 32.67), 内存使用率: 18.8%📊 系统监控 - 负载: (32.46, 32.09, 32.68), 内存使用率: 18.8%📊 系统监控 - 负载: (32.51, 32.1, 32.68), 内存使用率: 18.8%📊 系统监控 - 负载: (32.51, 32.1, 32.68), 内存使用率: 18.8%📊 系统监控 - 负载: (32.63, 32.13, 32.69), 内存使用率: 18.8%📊 系统监控 - 负载: (32.63, 32.13, 32.69), 内存使用率: 18.9%📊 系统监控 - 负载: (32.5, 32.11, 32.68), 内存使用率: 18.8%📊 系统监控 - 负载: (32.38, 32.1, 32.67), 内存使用率: 18.7%📊 系统监控 - 负载: (32.38, 32.1, 32.67), 内存使用率: 18.8%📊 系统监控 - 负载: (32.11, 32.04, 32.65), 内存使用率: 18.9%📊 系统监控 - 负载: (32.11, 32.04, 32.65), 内存使用率: 18.8%📊 系统监控 - 负载: (32.02, 32.03, 32.64), 内存使用率: 18.9%📊 系统监控 - 负载: (31.94, 32.01, 32.64), 内存使用率: 18.9%📊 系统监控 - 负载: (31.94, 32.01, 32.64), 内存使用率: 18.9%📊 系统监控 - 负载: (32.1, 32.04, 32.64), 内存使用率: 18.7%📊 系统监控 - 负载: (32.1, 32.04, 32.64), 内存使用率: 18.9%📊 系统监控 - 负载: (32.01, 32.03, 32.63), 内存使用率: 18.9%📊 系统监控 - 负载: (32.01, 32.03, 32.63), 内存使用率: 18.9%📊 系统监控 - 负载: (32.01, 32.03, 32.63), 内存使用率: 18.8%📊 系统监控 - 负载: (32.09, 32.04, 32.63), 内存使用率: 18.8%📊 系统监控 - 负载: (32.09, 32.04, 32.63), 内存使用率: 18.9%📊 系统监控 - 负载: (32.0, 32.02, 32.62), 内存使用率: 19.0%📊 系统监控 - 负载: (32.4, 32.11, 32.65), 内存使用率: 18.9%📊 系统监控 - 负载: (32.4, 32.11, 32.65), 内存使用率: 18.9%📊 系统监控 - 负载: (32.37, 32.1, 32.64), 内存使用率: 18.9%📊 系统监控 - 负载: (32.37, 32.1, 32.64), 内存使用率: 19.2%📊 系统监控 - 负载: (32.5, 32.14, 32.65), 内存使用率: 18.9%📊 系统监控 - 负载: (32.46, 32.13, 32.65), 内存使用率: 18.9%📊 系统监控 - 负载: (32.46, 32.13, 32.65), 内存使用率: 18.7%📊 系统监控 - 负载: (32.34, 32.11, 32.64), 内存使用率: 18.8%📊 系统监控 - 负载: (32.34, 32.11, 32.64), 内存使用率: 18.8%📊 系统监控 - 负载: (32.32, 32.11, 32.64), 内存使用率: 18.9%📊 系统监控 - 负载: (32.21, 32.09, 32.63), 内存使用率: 18.8%📊 系统监控 - 负载: (32.21, 32.09, 32.63), 内存使用率: 18.7%📊 系统监控 - 负载: (32.11, 32.08, 32.62), 内存使用率: 18.8%📊 系统监控 - 负载: (32.11, 32.08, 32.62), 内存使用率: 18.9%📊 系统监控 - 负载: (32.51, 32.16, 32.64), 内存使用率: 18.9%📊 系统监控 - 负载: (32.3, 32.12, 32.63), 内存使用率: 18.8%📊 系统监控 - 负载: (32.3, 32.12, 32.63), 内存使用率: 19.0%📊 系统监控 - 负载: (32.28, 32.12, 32.62), 内存使用率: 18.8%📊 系统监控 - 负载: (32.28, 32.12, 32.62), 内存使用率: 18.8%📊 系统监控 - 负载: (32.42, 32.15, 32.63), 内存使用率: 18.8%📊 系统监控 - 负载: (32.46, 32.17, 32.63), 内存使用率: 18.9%📊 系统监控 - 负载: (32.46, 32.17, 32.63), 内存使用率: 18.8%📊 系统监控 - 负载: (32.19, 32.11, 32.61), 内存使用率: 19.0%📊 系统监控 - 负载: (32.19, 32.11, 32.61), 内存使用率: 19.1%📊 系统监控 - 负载: (32.17, 32.11, 32.61), 内存使用率: 18.8%📊 系统监控 - 负载: (32.16, 32.11, 32.61), 内存使用率: 18.8%📊 系统监控 - 负载: (32.16, 32.11, 32.61), 内存使用率: 18.8%📊 系统监控 - 负载: (32.15, 32.11, 32.6), 内存使用率: 18.8%📊 系统监控 - 负载: (32.15, 32.11, 32.6), 内存使用率: 19.0%📊 系统监控 - 负载: (32.05, 32.09, 32.6), 内存使用率: 18.9%📊 系统监控 - 负载: (31.89, 32.05, 32.58), 内存使用率: 19.0%📊 系统监控 - 负载: (31.89, 32.05, 32.58), 内存使用率: 18.9%📊 系统监控 - 负载: (32.14, 32.1, 32.59), 内存使用率: 18.9%📊 系统监控 - 负载: (32.14, 32.1, 32.59), 内存使用率: 18.8%📊 系统监控 - 负载: (32.13, 32.1, 32.59), 内存使用率: 18.8%📊 系统监控 - 负载: (31.96, 32.07, 32.58), 内存使用率: 19.0%📊 系统监控 - 负载: (31.96, 32.07, 32.58), 内存使用率: 18.9%📊 系统监控 - 负载: (32.04, 32.08, 32.58), 内存使用率: 18.9%📊 系统监控 - 负载: (32.04, 32.08, 32.58), 内存使用率: 18.9%📊 系统监控 - 负载: (31.96, 32.06, 32.57), 内存使用率: 18.9%📊 系统监控 - 负载: (32.04, 32.08, 32.57), 内存使用率: 19.0%📊 系统监控 - 负载: (32.04, 32.08, 32.57), 内存使用率: 18.9%📊 系统监控 - 负载: (31.88, 32.04, 32.56), 内存使用率: 19.1%📊 系统监控 - 负载: (31.88, 32.04, 32.56), 内存使用率: 19.1%📊 系统监控 - 负载: (31.65, 31.99, 32.54), 内存使用率: 19.1%📊 系统监控 - 负载: (31.59, 31.98, 32.53), 内存使用率: 19.0%📊 系统监控 - 负载: (31.59, 31.98, 32.53), 内存使用率: 19.0%📊 系统监控 - 负载: (31.79, 32.01, 32.54), 内存使用率: 19.0%📊 系统监控 - 负载: (31.88, 32.03, 32.54), 内存使用率: 19.1%📊 系统监控 - 负载: (31.88, 32.03, 32.54), 内存使用率: 19.2%📊 系统监控 - 负载: (31.49, 31.94, 32.51), 内存使用率: 19.0%📊 系统监控 - 负载: (31.49, 31.94, 32.51), 内存使用率: 19.1%📊 系统监控 - 负载: (31.61, 31.96, 32.52), 内存使用率: 19.0%📊 系统监控 - 负载: (31.96, 32.03, 32.53), 内存使用率: 19.1%📊 系统监控 - 负载: (31.96, 32.03, 32.53), 内存使用率: 19.0%📊 系统监控 - 负载: (31.97, 32.03, 32.53), 内存使用率: 19.1%📊 系统监控 - 负载: (31.97, 32.03, 32.53), 内存使用率: 19.2%📊 系统监控 - 负载: (31.73, 31.98, 32.51), 内存使用率: 19.1%📊 系统监控 - 负载: (31.83, 32.0, 32.51), 内存使用率: 19.1%📊 系统监控 - 负载: (31.83, 32.0, 32.51), 内存使用率: 19.1%📊 系统监控 - 负载: (32.25, 32.08, 32.54), 内存使用率: 19.1%📊 系统监控 - 负载: (32.25, 32.08, 32.54), 内存使用率: 19.0%📊 系统监控 - 负载: (32.07, 32.04, 32.52), 内存使用率: 19.1%📊 系统监控 - 负载: (32.06, 32.04, 32.52), 内存使用率: 19.1%📊 系统监控 - 负载: (32.06, 32.04, 32.52), 内存使用率: 19.0%📊 系统监控 - 负载: (32.22, 32.08, 32.53), 内存使用率: 18.9%📊 系统监控 - 负载: (32.22, 32.08, 32.53), 内存使用率: 18.9%📊 系统监控 - 负载: (32.12, 32.06, 32.52), 内存使用率: 19.0%📊 系统监控 - 负载: (32.03, 32.04, 32.51), 内存使用率: 19.1%📊 系统监控 - 负载: (32.03, 32.04, 32.51), 内存使用率: 19.0%📊 系统监控 - 负载: (32.03, 32.04, 32.51), 内存使用率: 19.0%📊 系统监控 - 负载: (32.03, 32.04, 32.51), 内存使用率: 19.1%📊 系统监控 - 负载: (32.02, 32.04, 32.51), 内存使用率: 18.9%📊 系统监控 - 负载: (32.02, 32.04, 32.5), 内存使用率: 19.0%📊 系统监控 - 负载: (32.02, 32.04, 32.5), 内存使用率: 18.9%📊 系统监控 - 负载: (31.86, 32.0, 32.49), 内存使用率: 19.1%📊 系统监控 - 负载: (31.86, 32.0, 32.49), 内存使用率: 19.0%📊 系统监控 - 负载: (31.95, 32.02, 32.49), 内存使用率: 18.9%📊 系统监控 - 负载: (31.96, 32.02, 32.49), 内存使用率: 19.0%📊 系统监控 - 负载: (31.96, 32.02, 32.49), 内存使用率: 19.0%📊 系统监控 - 负载: (31.88, 32.0, 32.48), 内存使用率: 19.0%📊 系统监控 - 负载: (31.88, 32.0, 32.48), 内存使用率: 19.0%📊 系统监控 - 负载: (31.89, 32.0, 32.48), 内存使用率: 18.8%[I 2026-01-04 01:15:13,098] Trial 15 finished with value: 0.7079422043093779 and parameters: {'p_crossover': 0.4685356604842782, 'p_subtree_mutation': 0.16803646747093648, 'p_hoist_mutation': 0.06669409764976833, 'p_point_mutation': 0.2555193654114683, 'population_size': 25000, 'generations': 50, 'function_set': ['add', 'sub', 'mul', 'div', 'abs', 'sqrt', 'log', 'inv', 'sin', 'cos'], 'parsimony_coefficient': 0.003801293272819374, 'tournament_size': 15}. Best is trial 9 with value: 0.7540397082023692.
[I 2026-01-04 01:16:12,218] Trial 16 finished with value: 0.727692044196482 and parameters: {'p_crossover': 0.48191470216071325, 'p_subtree_mutation': 0.1388117506263728, 'p_hoist_mutation': 0.09723428668438464, 'p_point_mutation': 0.18040900350253788, 'population_size': 25000, 'generations': 30, 'function_set': ['add', 'sub', 'mul', 'div', 'abs', 'sqrt'], 'parsimony_coefficient': 0.0001074040761915771, 'tournament_size': 15}. Best is trial 9 with value: 0.7540397082023692.
[I 2026-01-04 01:17:07,717] Trial 12 finished with value: -0.20040649306920932 and parameters: {'p_crossover': 0.6215216634175063, 'p_subtree_mutation': 0.10593303854693217, 'p_hoist_mutation': 0.034149789251035734, 'p_point_mutation': 0.13710364359267707, 'population_size': 20000, 'generations': 40, 'function_set': ['add', 'sub', 'mul', 'div', 'abs', 'sqrt'], 'parsimony_coefficient': 0.005373713206635384, 'tournament_size': 10}. Best is trial 9 with value: 0.7540397082023692.
[I 2026-01-04 01:17:38,578] Trial 12 finished with value: -0.12249639580973098 and parameters: {'p_crossover': 0.4013204010120255, 'p_subtree_mutation': 0.17954916263772805, 'p_hoist_mutation': 0.029442118036749294, 'p_point_mutation': 0.3647836176515364, 'population_size': 20000, 'generations': 50, 'function_set': ['add', 'sub', 'mul', 'div', 'abs', 'sqrt'], 'parsimony_coefficient': 0.005520259255493473, 'tournament_size': 10}. Best is trial 4 with value: 0.8314899623994423.
[I 2026-01-04 01:18:15,390] Trial 17 finished with value: -0.0970699338000931 and parameters: {'p_crossover': 0.4014220358959268, 'p_subtree_mutation': 0.19821394436756026, 'p_hoist_mutation': 0.05831866483779764, 'p_point_mutation': 0.2609478368312379, 'population_size': 15000, 'generations': 20, 'function_set': ['add', 'sub', 'mul', 'div', 'abs', 'sqrt'], 'parsimony_coefficient': 0.003138108340151624, 'tournament_size': 15}. Best is trial 9 with value: 0.7540397082023692.
[I 2026-01-04 01:19:15,167] Trial 13 finished with value: 0.7120782490453208 and parameters: {'p_crossover': 0.5199915224537204, 'p_subtree_mutation': 0.10257653957358094, 'p_hoist_mutation': 0.030082084453688603, 'p_point_mutation': 0.3281318852801107, 'population_size': 20000, 'generations': 40, 'function_set': ['add', 'sub', 'mul', 'div', 'abs', 'sqrt', 'log', 'inv', 'sin', 'cos'], 'parsimony_coefficient': 0.00407741487376939, 'tournament_size': 15}. Best is trial 9 with value: 0.7540397082023692.
[I 2026-01-04 01:19:18,788] Trial 13 finished with value: 0.7120782490453208 and parameters: {'p_crossover': 0.5199915224537204, 'p_subtree_mutation': 0.10257653957358094, 'p_hoist_mutation': 0.030082084453688603, 'p_point_mutation': 0.3281318852801107, 'population_size': 20000, 'generations': 40, 'function_set': ['add', 'sub', 'mul', 'div', 'abs', 'sqrt', 'log', 'inv', 'sin', 'cos'], 'parsimony_coefficient': 0.00407741487376939, 'tournament_size': 15}. Best is trial 9 with value: 0.7540397082023692.
[I 2026-01-04 01:19:40,651] Trial 16 finished with value: 0.7309079064108363 and parameters: {'p_crossover': 0.41658073647250143, 'p_subtree_mutation': 0.14320946277099975, 'p_hoist_mutation': 0.09723428668438464, 'p_point_mutation': 0.2820881457692326, 'population_size': 20000, 'generations': 30, 'function_set': ['add', 'sub', 'mul', 'div', 'abs', 'sqrt'], 'parsimony_coefficient': 0.0001074040761915771, 'tournament_size': 15}. Best is trial 9 with value: 0.7540397082023692.
[I 2026-01-04 01:20:06,158] Trial 16 finished with value: 0.6937285710355748 and parameters: {'p_crossover': 0.41658073647250143, 'p_subtree_mutation': 0.14320946277099975, 'p_hoist_mutation': 0.09723428668438464, 'p_point_mutation': 0.2820881457692326, 'population_size': 20000, 'generations': 30, 'function_set': ['add', 'sub', 'mul', 'div', 'abs', 'sqrt'], 'parsimony_coefficient': 0.0001074040761915771, 'tournament_size': 15}. Best is trial 9 with value: 0.7540397082023692.
📊 系统监控 - 负载: (31.98, 32.02, 32.48), 内存使用率: 18.9%📊 系统监控 - 负载: (31.98, 32.02, 32.48), 内存使用率: 18.9%📊 系统监控 - 负载: (31.82, 31.99, 32.47), 内存使用率: 19.0%📊 系统监控 - 负载: (31.82, 31.99, 32.47), 内存使用率: 18.9%📊 系统监控 - 负载: (31.91, 32.0, 32.47), 内存使用率: 19.0%📊 系统监控 - 负载: (32.0, 32.02, 32.48), 内存使用率: 19.0%📊 系统监控 - 负载: (32.0, 32.02, 32.48), 内存使用率: 19.0%📊 系统监控 - 负载: (32.08, 32.04, 32.48), 内存使用率: 18.9%📊 系统监控 - 负载: (32.08, 32.04, 32.48), 内存使用率: 19.0%📊 系统监控 - 负载: (32.08, 32.04, 32.48), 内存使用率: 18.9%📊 系统监控 - 负载: (31.83, 31.99, 32.46), 内存使用率: 19.0%📊 系统监控 - 负载: (31.83, 31.99, 32.46), 内存使用率: 19.0%📊 系统监控 - 负载: (31.68, 31.95, 32.45), 内存使用率: 18.9%📊 系统监控 - 负载: (31.68, 31.95, 32.45), 内存使用率: 18.9%📊 系统监控 - 负载: (31.63, 31.94, 32.44), 内存使用率: 19.0%📊 系统监控 - 负载: (31.74, 31.95, 32.44), 内存使用率: 19.0%📊 系统监控 - 负载: (31.74, 31.95, 32.44), 内存使用率: 18.9%📊 系统监控 - 负载: (32.0, 32.0, 32.45), 内存使用率: 19.0%📊 系统监控 - 负载: (32.0, 32.0, 32.45), 内存使用率: 19.1%📊 系统监控 - 负载: (32.08, 32.02, 32.46), 内存使用率: 19.0%📊 系统监控 - 负载: (31.91, 31.99, 32.44), 内存使用率: 19.1%📊 系统监控 - 负载: (31.91, 31.99, 32.44), 内存使用率: 19.1%📊 系统监控 - 负载: (32.0, 32.0, 32.45), 内存使用率: 19.2%📊 系统监控 - 负载: (32.0, 32.0, 32.45), 内存使用率: 19.0%📊 系统监控 - 负载: (31.84, 31.97, 32.43), 内存使用率: 19.0%📊 系统监控 - 负载: (32.01, 32.0, 32.44), 内存使用率: 19.0%📊 系统监控 - 负载: (32.01, 32.0, 32.44), 内存使用率: 19.0%📊 系统监控 - 负载: (31.69, 31.94, 32.42), 内存使用率: 19.0%📊 系统监控 - 负载: (31.69, 31.94, 32.42), 内存使用率: 19.0%📊 系统监控 - 负载: (31.64, 31.92, 32.41), 内存使用率: 19.1%📊 系统监控 - 负载: (31.5, 31.89, 32.4), 内存使用率: 19.3%📊 系统监控 - 负载: (31.5, 31.89, 32.4), 内存使用率: 19.3%📊 系统监控 - 负载: (31.46, 31.88, 32.39), 内存使用率: 19.2%📊 系统监控 - 负载: (31.46, 31.88, 32.39), 内存使用率: 19.1%📊 系统监控 - 负载: (31.67, 31.91, 32.4), 内存使用率: 19.1%📊 系统监控 - 负载: (31.69, 31.91, 32.4), 内存使用率: 19.1%📊 系统监控 - 负载: (31.69, 31.91, 32.4), 内存使用率: 19.2%📊 系统监控 - 负载: (31.88, 31.95, 32.41), 内存使用率: 19.2%📊 系统监控 - 负载: (31.88, 31.95, 32.41), 内存使用率: 19.2%📊 系统监控 - 负载: (31.65, 31.9, 32.39), 内存使用率: 19.3%📊 系统监控 - 负载: (31.92, 31.95, 32.4), 内存使用率: 19.1%📊 系统监控 - 负载: (31.92, 31.95, 32.4), 内存使用率: 19.1%📊 系统监控 - 负载: (31.92, 31.95, 32.4), 内存使用率: 19.3%📊 系统监控 - 负载: (31.92, 31.95, 32.4), 内存使用率: 19.2%📊 系统监控 - 负载: (31.93, 31.95, 32.4), 内存使用率: 19.2%📊 系统监控 - 负载: (31.94, 31.95, 32.4), 内存使用率: 19.2%📊 系统监控 - 负载: (31.94, 31.95, 32.4), 内存使用率: 19.1%📊 系统监控 - 负载: (31.78, 31.92, 32.38), 内存使用率: 19.3%📊 系统监控 - 负载: (31.78, 31.92, 32.38), 内存使用率: 19.2%📊 系统监控 - 负载: (31.8, 31.92, 32.38), 内存使用率: 19.2%📊 系统监控 - 负载: (32.05, 31.97, 32.39), 内存使用率: 19.1%📊 系统监控 - 负载: (32.05, 31.97, 32.39), 内存使用率: 19.2%📊 系统监控 - 负载: (31.65, 31.89, 32.37), 内存使用率: 19.2%📊 系统监控 - 负载: (31.65, 31.89, 32.37), 内存使用率: 19.1%📊 系统监控 - 负载: (31.6, 31.88, 32.36), 内存使用率: 19.1%📊 系统监控 - 负载: (31.79, 31.91, 32.37), 内存使用率: 19.0%📊 系统监控 - 负载: (31.79, 31.91, 32.37), 内存使用率: 19.1%📊 系统监控 - 负载: (31.65, 31.88, 32.35), 内存使用率: 19.2%📊 系统监控 - 负载: (31.65, 31.88, 32.35), 内存使用率: 19.2%📊 系统监控 - 负载: (31.59, 31.87, 32.35), 内存使用率: 19.2%📊 系统监控 - 负载: (31.79, 31.9, 32.36), 内存使用率: 19.1%📊 系统监控 - 负载: (31.79, 31.9, 32.36), 内存使用率: 19.1%📊 系统监控 - 负载: (31.56, 31.85, 32.34), 内存使用率: 19.2%📊 系统监控 - 负载: (31.56, 31.85, 32.34), 内存使用率: 19.2%📊 系统监控 - 负载: (31.76, 31.89, 32.35), 内存使用率: 19.2%📊 系统监控 - 负载: (31.62, 31.86, 32.33), 内存使用率: 19.2%📊 系统监控 - 负载: (31.62, 31.86, 32.33), 内存使用率: 19.2%📊 系统监控 - 负载: (31.49, 31.83, 32.32), 内存使用率: 19.3%📊 系统监控 - 负载: (31.49, 31.83, 32.32), 内存使用率: 19.1%📊 系统监控 - 负载: (31.45, 31.81, 32.31), 内存使用率: 19.1%📊 系统监控 - 负载: (31.81, 31.88, 32.33), 内存使用率: 19.0%📊 系统监控 - 负载: (31.81, 31.88, 32.33), 内存使用率: 19.1%📊 系统监控 - 负载: (31.59, 31.83, 32.32), 内存使用率: 19.3%📊 系统监控 - 负载: (31.59, 31.83, 32.32), 内存使用率: 19.3%📊 系统监控 - 负载: (31.3, 31.77, 32.29), 内存使用率: 19.4%📊 系统监控 - 负载: (31.52, 31.81, 32.3), 内存使用率: 19.2%📊 系统监控 - 负载: (31.52, 31.81, 32.3), 内存使用率: 19.2%📊 系统监控 - 负载: (31.8, 31.86, 32.32), 内存使用率: 19.2%📊 系统监控 - 负载: (31.8, 31.86, 32.32), 内存使用率: 19.3%📊 系统监控 - 负载: (31.65, 31.83, 32.31), 内存使用率: 19.4%📊 系统监控 - 负载: (31.92, 31.88, 32.32), 内存使用率: 19.2%📊 系统监控 - 负载: (31.92, 31.88, 32.32), 内存使用率: 19.2%📊 系统监控 - 负载: (32.09, 31.92, 32.33), 内存使用率: 19.3%📊 系统监控 - 负载: (32.09, 31.92, 32.33), 内存使用率: 19.3%📊 系统监控 - 负载: (31.92, 31.89, 32.32), 内存使用率: 19.2%📊 系统监控 - 负载: (31.61, 31.82, 32.29), 内存使用率: 19.3%📊 系统监控 - 负载: (31.61, 31.82, 32.29), 内存使用率: 19.1%📊 系统监控 - 负载: (31.72, 31.84, 32.3), 内存使用率: 19.2%📊 系统监控 - 负载: (31.72, 31.84, 32.3), 内存使用率: 19.1%📊 系统监控 - 负载: (31.66, 31.83, 32.29), 内存使用率: 19.1%📊 系统监控 - 负载: (31.69, 31.83, 32.29), 内存使用率: 19.0%📊 系统监控 - 负载: (31.69, 31.83, 32.29), 内存使用率: 19.2%📊 系统监控 - 负载: (31.87, 31.87, 32.3), 内存使用率: 19.0%📊 系统监控 - 负载: (31.87, 31.87, 32.3), 内存使用率: 18.9%📊 系统监控 - 负载: (31.64, 31.82, 32.28), 内存使用率: 19.1%📊 系统监控 - 负载: (31.51, 31.79, 32.27), 内存使用率: 19.0%📊 系统监控 - 负载: (31.51, 31.79, 32.27), 内存使用率: 19.1%📊 系统监控 - 负载: (31.71, 31.83, 32.28), 内存使用率: 19.1%📊 系统监控 - 负载: (31.71, 31.83, 32.28), 内存使用率: 19.2%📊 系统监控 - 负载: (31.81, 31.84, 32.28), 内存使用率: 19.0%📊 系统监控 - 负载: (31.91, 31.86, 32.29), 内存使用率: 19.0%📊 系统监控 - 负载: (31.91, 31.86, 32.29), 内存使用率: 18.9%📊 系统监控 - 负载: (31.92, 31.87, 32.28), 内存使用率: 18.9%📊 系统监控 - 负载: (31.92, 31.87, 32.28), 内存使用率: 19.0%📊 系统监控 - 负载: (31.92, 31.87, 32.28), 内存使用率: 19.1%📊 系统监控 - 负载: (32.17, 31.92, 32.3), 内存使用率: 19.1%📊 系统监控 - 负载: (32.17, 31.92, 32.3), 内存使用率: 19.0%📊 系统监控 - 负载: (32.16, 31.92, 32.3), 内存使用率: 19.0%📊 系统监控 - 负载: (32.16, 31.92, 32.3), 内存使用率: 19.0%📊 系统监控 - 负载: (32.14, 31.92, 32.29), 内存使用率: 19.0%📊 系统监控 - 负载: (32.05, 31.91, 32.29), 内存使用率: 19.1%[I 2026-01-04 01:22:36,809] Trial 15 finished with value: 0.8464152774460387 and parameters: {'p_crossover': 0.4611802441398035, 'p_subtree_mutation': 0.10248334731065523, 'p_hoist_mutation': 0.0224931553797329, 'p_point_mutation': 0.33071155891901194, 'population_size': 25000, 'generations': 40, 'function_set': ['add', 'sub', 'mul', 'div', 'abs', 'sqrt', 'log', 'inv', 'sin', 'cos'], 'parsimony_coefficient': 0.00017449169143352947, 'tournament_size': 10}. Best is trial 15 with value: 0.8464152774460387.
[I 2026-01-04 01:24:33,598] Trial 14 finished with value: 0.7332693494539175 and parameters: {'p_crossover': 0.6988049595242306, 'p_subtree_mutation': 0.14202147758836592, 'p_hoist_mutation': 0.038084289381334645, 'p_point_mutation': 0.11442569493098509, 'population_size': 15000, 'generations': 30, 'function_set': ['add', 'sub', 'mul', 'div', 'abs', 'sqrt'], 'parsimony_coefficient': 0.0006337411963587618, 'tournament_size': 15}. Best is trial 9 with value: 0.7540397082023692.
[I 2026-01-04 01:25:12,110] Trial 14 finished with value: 0.10206120238272195 and parameters: {'p_crossover': 0.5028397864798949, 'p_subtree_mutation': 0.11012816917276207, 'p_hoist_mutation': 0.024020541387386688, 'p_point_mutation': 0.3628119389209192, 'population_size': 20000, 'generations': 30, 'function_set': ['add', 'sub', 'mul', 'div', 'abs', 'sqrt'], 'parsimony_coefficient': 0.004160617933755995, 'tournament_size': 15}. Best is trial 9 with value: 0.7540397082023692.
[I 2026-01-04 01:25:42,517] Trial 18 finished with value: 0.7384496621971943 and parameters: {'p_crossover': 0.6273990921841212, 'p_subtree_mutation': 0.16965679611635812, 'p_hoist_mutation': 0.06840564508204969, 'p_point_mutation': 0.06705925955189627, 'population_size': 30000, 'generations': 30, 'function_set': ['add', 'sub', 'mul', 'div', 'abs', 'sqrt'], 'parsimony_coefficient': 0.000460280564169032, 'tournament_size': 10}. Best is trial 9 with value: 0.7540397082023692.
[I 2026-01-04 01:25:51,532] Trial 13 finished with value: 0.7120782490453208 and parameters: {'p_crossover': 0.5199915224537204, 'p_subtree_mutation': 0.10257653957358094, 'p_hoist_mutation': 0.030082084453688603, 'p_point_mutation': 0.3281318852801107, 'population_size': 20000, 'generations': 40, 'function_set': ['add', 'sub', 'mul', 'div', 'abs', 'sqrt', 'log', 'inv', 'sin', 'cos'], 'parsimony_coefficient': 0.00407741487376939, 'tournament_size': 15}. Best is trial 9 with value: 0.7540397082023692.
