[I 2026-01-04 00:29:31,483] Trial 4 finished with value: 0.3786560482203938 and parameters: {'p_crossover': 0.4366114704534337, 'p_subtree_mutation': 0.19903538202225401, 'p_hoist_mutation': 0.013094966900369657, 'p_point_mutation': 0.3239402099344859, 'population_size': 10000, 'generations': 40, 'function_set': ['add', 'sub', 'mul', 'div', 'abs', 'sqrt', 'log', 'inv', 'sin', 'cos'], 'parsimony_coefficient': 0.0012399967836846098, 'tournament_size': 5}. Best is trial 2 with value: 0.6878179423142134.
[W 2026-01-04 00:29:31,484] Trial 5 failed with parameters: {'p_crossover': 0.6908753883293675, 'p_subtree_mutation': 0.2550265646722229, 'p_hoist_mutation': 0.026017539532205917} because of the following error: ValueError('The `low` value must be smaller than or equal to the `high` value (low=0.05, high=0.028080507466203726).').
Traceback (most recent call last):
  File "/home/ggx/software/anaconda3/lib/python3.10/site-packages/optuna/study/_optimize.py", line 197, in _run_trial
    value_or_values = func(trial)
  File "/home/ggx/wls/DAC-code/CR-X/HCOOH-C/oupat-ST1/2.py", line 234, in objective
    p_point_mutation = trial.suggest_float('p_point_mutation', 0.05, remaining_prob - p_hoist_mutation)
  File "/home/ggx/software/anaconda3/lib/python3.10/site-packages/optuna/trial/_trial.py", line 160, in suggest_float
    distribution = FloatDistribution(low, high, log=log, step=step)
  File "/home/ggx/software/anaconda3/lib/python3.10/site-packages/optuna/distributions.py", line 143, in __init__
    raise ValueError(
ValueError: The `low` value must be smaller than or equal to the `high` value (low=0.05, high=0.028080507466203726).
[W 2026-01-04 00:29:31,485] Trial 5 failed with value None.
[I 2026-01-04 00:29:31,676] Trial 4 finished with value: 0.5373723183677543 and parameters: {'p_crossover': 0.4366114704534337, 'p_subtree_mutation': 0.19903538202225401, 'p_hoist_mutation': 0.013094966900369657, 'p_point_mutation': 0.3239402099344859, 'population_size': 10000, 'generations': 40, 'function_set': ['add', 'sub', 'mul', 'div', 'abs', 'sqrt', 'log', 'inv', 'sin', 'cos'], 'parsimony_coefficient': 0.0012399967836846098, 'tournament_size': 5}. Best is trial 2 with value: 0.5969755919863878.
[W 2026-01-04 00:29:31,677] Trial 5 failed with parameters: {'p_crossover': 0.6908753883293675, 'p_subtree_mutation': 0.2550265646722229, 'p_hoist_mutation': 0.026017539532205917} because of the following error: ValueError('The `low` value must be smaller than or equal to the `high` value (low=0.05, high=0.028080507466203726).').
Traceback (most recent call last):
  File "/home/ggx/software/anaconda3/lib/python3.10/site-packages/optuna/study/_optimize.py", line 197, in _run_trial
    value_or_values = func(trial)
  File "/home/ggx/wls/DAC-code/CR-X/HCOOH-C/oupat-ST1/2.py", line 234, in objective
    p_point_mutation = trial.suggest_float('p_point_mutation', 0.05, remaining_prob - p_hoist_mutation)
  File "/home/ggx/software/anaconda3/lib/python3.10/site-packages/optuna/trial/_trial.py", line 160, in suggest_float
    distribution = FloatDistribution(low, high, log=log, step=step)
  File "/home/ggx/software/anaconda3/lib/python3.10/site-packages/optuna/distributions.py", line 143, in __init__
    raise ValueError(
ValueError: The `low` value must be smaller than or equal to the `high` value (low=0.05, high=0.028080507466203726).
[W 2026-01-04 00:29:31,678] Trial 5 failed with value None.
[I 2026-01-04 00:30:06,556] Trial 4 finished with value: 0.7853161909093355 and parameters: {'p_crossover': 0.4366114704534337, 'p_subtree_mutation': 0.19903538202225401, 'p_hoist_mutation': 0.013094966900369657, 'p_point_mutation': 0.3239402099344859, 'population_size': 10000, 'generations': 40, 'function_set': ['add', 'sub', 'mul', 'div', 'abs', 'sqrt', 'log', 'inv', 'sin', 'cos'], 'parsimony_coefficient': 0.0012399967836846098, 'tournament_size': 5}. Best is trial 4 with value: 0.7853161909093355.
[W 2026-01-04 00:30:06,557] Trial 5 failed with parameters: {'p_crossover': 0.6908753883293675, 'p_subtree_mutation': 0.2550265646722229, 'p_hoist_mutation': 0.026017539532205917} because of the following error: ValueError('The `low` value must be smaller than or equal to the `high` value (low=0.05, high=0.028080507466203726).').
Traceback (most recent call last):
  File "/home/ggx/software/anaconda3/lib/python3.10/site-packages/optuna/study/_optimize.py", line 197, in _run_trial
    value_or_values = func(trial)
  File "/home/ggx/wls/DAC-code/CR-X/HCOOH-C/oupat-ST1/2.py", line 234, in objective
    p_point_mutation = trial.suggest_float('p_point_mutation', 0.05, remaining_prob - p_hoist_mutation)
  File "/home/ggx/software/anaconda3/lib/python3.10/site-packages/optuna/trial/_trial.py", line 160, in suggest_float
    distribution = FloatDistribution(low, high, log=log, step=step)
  File "/home/ggx/software/anaconda3/lib/python3.10/site-packages/optuna/distributions.py", line 143, in __init__
    raise ValueError(
ValueError: The `low` value must be smaller than or equal to the `high` value (low=0.05, high=0.028080507466203726).
[W 2026-01-04 00:30:06,558] Trial 5 failed with value None.
[I 2026-01-04 00:30:10,352] Trial 6 finished with value: 0.6358536373958046 and parameters: {'p_crossover': 0.6684482051282946, 'p_subtree_mutation': 0.21957999576221704, 'p_hoist_mutation': 0.05239321597387967, 'p_point_mutation': 0.050847632787782336, 'population_size': 10000, 'generations': 10, 'function_set': ['add', 'sub', 'mul', 'div', 'abs', 'sqrt', 'log', 'inv', 'sin', 'cos'], 'parsimony_coefficient': 0.00034889766548903674, 'tournament_size': 15}. Best is trial 2 with value: 0.6450385612477955.
[I 2026-01-04 00:30:10,393] Trial 6 finished with value: -0.17209122670859123 and parameters: {'p_crossover': 0.6684482051282946, 'p_subtree_mutation': 0.21957999576221704, 'p_hoist_mutation': 0.05239321597387967, 'p_point_mutation': 0.050847632787782336, 'population_size': 10000, 'generations': 10, 'function_set': ['add', 'sub', 'mul', 'div', 'abs', 'sqrt', 'log', 'inv', 'sin', 'cos'], 'parsimony_coefficient': 0.00034889766548903674, 'tournament_size': 15}. Best is trial 2 with value: 0.7136517365627509.
[I 2026-01-04 00:30:13,003] Trial 6 finished with value: 0.009287907021392927 and parameters: {'p_crossover': 0.6684482051282946, 'p_subtree_mutation': 0.21957999576221704, 'p_hoist_mutation': 0.05239321597387967, 'p_point_mutation': 0.050847632787782336, 'population_size': 10000, 'generations': 10, 'function_set': ['add', 'sub', 'mul', 'div', 'abs', 'sqrt', 'log', 'inv', 'sin', 'cos'], 'parsimony_coefficient': 0.00034889766548903674, 'tournament_size': 15}. Best is trial 2 with value: 0.6891420874712471.
[I 2026-01-04 00:30:13,166] Trial 6 finished with value: -0.16879966910203453 and parameters: {'p_crossover': 0.6684482051282946, 'p_subtree_mutation': 0.21957999576221704, 'p_hoist_mutation': 0.05239321597387967, 'p_point_mutation': 0.050847632787782336, 'population_size': 10000, 'generations': 10, 'function_set': ['add', 'sub', 'mul', 'div', 'abs', 'sqrt', 'log', 'inv', 'sin', 'cos'], 'parsimony_coefficient': 0.00034889766548903674, 'tournament_size': 15}. Best is trial 2 with value: 0.6878179423142134.
[I 2026-01-04 00:30:13,530] Trial 6 finished with value: 0.3846678001141185 and parameters: {'p_crossover': 0.6684482051282946, 'p_subtree_mutation': 0.21957999576221704, 'p_hoist_mutation': 0.05239321597387967, 'p_point_mutation': 0.050847632787782336, 'population_size': 10000, 'generations': 10, 'function_set': ['add', 'sub', 'mul', 'div', 'abs', 'sqrt', 'log', 'inv', 'sin', 'cos'], 'parsimony_coefficient': 0.00034889766548903674, 'tournament_size': 15}. Best is trial 2 with value: 0.5969755919863878.
📊 系统监控 - 负载: (33.3, 33.97, 44.53), 内存使用率: 18.7%📊 系统监控 - 负载: (33.12, 33.92, 44.45), 内存使用率: 19.0%📊 系统监控 - 负载: (33.12, 33.92, 44.45), 内存使用率: 18.7%📊 系统监控 - 负载: (33.19, 33.92, 44.4), 内存使用率: 18.7%📊 系统监控 - 负载: (33.19, 33.92, 44.4), 内存使用率: 18.6%📊 系统监控 - 负载: (33.41, 33.96, 44.35), 内存使用率: 18.6%📊 系统监控 - 负载: (33.3, 33.93, 44.29), 内存使用率: 18.8%📊 系统监控 - 负载: (33.3, 33.93, 44.29), 内存使用率: 18.7%📊 系统监控 - 负载: (33.44, 33.94, 44.24), 内存使用率: 18.7%📊 系统监控 - 负载: (33.44, 33.94, 44.24), 内存使用率: 18.7%📊 系统监控 - 负载: (33.56, 33.96, 44.19), 内存使用率: 18.6%📊 系统监控 - 负载: (33.28, 33.89, 44.11), 内存使用率: 18.8%📊 系统监控 - 负载: (33.28, 33.89, 44.11), 内存使用率: 18.6%📊 系统监控 - 负载: (33.41, 33.91, 44.06), 内存使用率: 18.6%📊 系统监控 - 负载: (33.41, 33.91, 44.06), 内存使用率: 18.6%📊 系统监控 - 负载: (33.54, 33.93, 44.01), 内存使用率: 18.4%📊 系统监控 - 负载: (33.34, 33.88, 43.94), 内存使用率: 18.7%📊 系统监控 - 负载: (33.34, 33.88, 43.94), 内存使用率: 18.6%📊 系统监控 - 负载: (33.47, 33.9, 43.89), 内存使用率: 18.6%📊 系统监控 - 负载: (33.47, 33.9, 43.89), 内存使用率: 18.6%📊 系统监控 - 负载: (33.83, 33.97, 43.86), 内存使用率: 18.5%📊 系统监控 - 负载: (33.37, 33.87, 43.78), 内存使用率: 18.8%📊 系统监控 - 负载: (33.37, 33.87, 43.78), 内存使用率: 18.6%📊 系统监控 - 负载: (33.26, 33.84, 43.71), 内存使用率: 18.5%📊 系统监控 - 负载: (33.26, 33.84, 43.71), 内存使用率: 18.6%📊 系统监控 - 负载: (33.32, 33.84, 43.66), 内存使用率: 18.6%📊 系统监控 - 负载: (32.97, 33.76, 43.58), 内存使用率: 18.5%📊 系统监控 - 负载: (32.97, 33.76, 43.58), 内存使用率: 18.8%📊 系统监控 - 负载: (33.13, 33.78, 43.54), 内存使用率: 18.5%📊 系统监控 - 负载: (33.13, 33.78, 43.54), 内存使用率: 18.6%📊 系统监控 - 负载: (33.2, 33.78, 43.49), 内存使用率: 18.6%📊 系统监控 - 负载: (32.95, 33.72, 43.41), 内存使用率: 18.1%📊 系统监控 - 负载: (32.95, 33.72, 43.41), 内存使用率: 18.1%📊 系统监控 - 负载: (33.11, 33.74, 43.37), 内存使用率: 18.0%📊 系统监控 - 负载: (33.11, 33.74, 43.37), 内存使用率: 17.9%📊 系统监控 - 负载: (33.02, 33.71, 43.31), 内存使用率: 17.9%📊 系统监控 - 负载: (32.94, 33.69, 43.25), 内存使用率: 17.9%📊 系统监控 - 负载: (32.94, 33.69, 43.25), 内存使用率: 18.1%📊 系统监控 - 负载: (32.95, 33.67, 43.19), 内存使用率: 17.9%📊 系统监控 - 负载: (32.95, 33.67, 43.19), 内存使用率: 18.0%📊 系统监控 - 负载: (33.11, 33.7, 43.15), 内存使用率: 17.9%📊 系统监控 - 负载: (32.94, 33.65, 43.08), 内存使用率: 17.9%📊 系统监控 - 负载: (32.94, 33.65, 43.08), 内存使用率: 17.9%📊 系统监控 - 负载: (32.79, 33.61, 43.02), 内存使用率: 17.9%📊 系统监控 - 负载: (32.79, 33.61, 43.02), 内存使用率: 17.8%📊 系统监控 - 负载: (32.96, 33.63, 42.97), 内存使用率: 17.9%📊 系统监控 - 负载: (32.97, 33.62, 42.92), 内存使用率: 17.8%📊 系统监控 - 负载: (32.97, 33.62, 42.92), 内存使用率: 17.8%📊 系统监控 - 负载: (32.89, 33.59, 42.86), 内存使用率: 17.9%📊 系统监控 - 负载: (32.89, 33.59, 42.86), 内存使用率: 17.8%📊 系统监控 - 负载: (32.9, 33.58, 42.81), 内存使用率: 17.8%📊 系统监控 - 负载: (32.75, 33.54, 42.75), 内存使用率: 17.8%📊 系统监控 - 负载: (32.75, 33.54, 42.75), 内存使用率: 17.8%📊 系统监控 - 负载: (32.85, 33.55, 42.7), 内存使用率: 17.8%📊 系统监控 - 负载: (32.85, 33.55, 42.7), 内存使用率: 17.9%📊 系统监控 - 负载: (32.86, 33.54, 42.65), 内存使用率: 17.8%📊 系统监控 - 负载: (32.87, 33.53, 42.6), 内存使用率: 17.8%📊 系统监控 - 负载: (32.87, 33.53, 42.6), 内存使用率: 17.7%📊 系统监控 - 负载: (32.96, 33.54, 42.55), 内存使用率: 17.8%📊 系统监控 - 负载: (32.96, 33.54, 42.55), 内存使用率: 18.0%📊 系统监控 - 负载: (33.04, 33.55, 42.5), 内存使用率: 17.9%📊 系统监控 - 负载: (33.04, 33.54, 42.45), 内存使用率: 17.8%📊 系统监控 - 负载: (33.04, 33.54, 42.45), 内存使用率: 18.0%📊 系统监控 - 负载: (32.96, 33.51, 42.4), 内存使用率: 17.9%📊 系统监控 - 负载: (32.96, 33.51, 42.4), 内存使用率: 18.0%📊 系统监控 - 负载: (32.8, 33.47, 42.33), 内存使用率: 18.0%📊 系统监控 - 负载: (32.74, 33.45, 42.28), 内存使用率: 17.9%📊 系统监控 - 负载: (32.74, 33.45, 42.28), 内存使用率: 17.9%📊 系统监控 - 负载: (32.76, 33.44, 42.23), 内存使用率: 17.9%📊 系统监控 - 负载: (32.76, 33.44, 42.23), 内存使用率: 17.9%📊 系统监控 - 负载: (32.78, 33.43, 42.18), 内存使用率: 17.9%📊 系统监控 - 负载: (33.03, 33.47, 42.15), 内存使用率: 18.0%📊 系统监控 - 负载: (33.03, 33.47, 42.15), 内存使用率: 17.9%📊 系统监控 - 负载: (32.95, 33.45, 42.09), 内存使用率: 18.0%📊 系统监控 - 负载: (32.8, 33.41, 42.03), 内存使用率: 17.9%📊 系统监控 - 负载: (32.8, 33.41, 42.03), 内存使用率: 18.1%📊 系统监控 - 负载: (32.57, 33.35, 41.97), 内存使用率: 18.0%📊 系统监控 - 负载: (32.57, 33.35, 41.97), 内存使用率: 17.9%📊 系统监控 - 负载: (32.53, 33.33, 41.91), 内存使用率: 17.9%📊 系统监控 - 负载: (32.32, 33.27, 41.85), 内存使用率: 18.1%📊 系统监控 - 负载: (32.32, 33.27, 41.85), 内存使用率: 18.0%📊 系统监控 - 负载: (32.14, 33.22, 41.79), 内存使用率: 18.1%📊 系统监控 - 负载: (32.14, 33.22, 41.79), 内存使用率: 18.1%📊 系统监控 - 负载: (32.21, 33.22, 41.74), 内存使用率: 18.0%📊 系统监控 - 负载: (32.03, 33.16, 41.68), 内存使用率: 18.1%📊 系统监控 - 负载: (32.03, 33.16, 41.68), 内存使用率: 18.1%📊 系统监控 - 负载: (31.79, 33.09, 41.61), 内存使用率: 18.0%📊 系统监控 - 负载: (31.79, 33.09, 41.61), 内存使用率: 18.1%📊 系统监控 - 负载: (31.88, 33.09, 41.56), 内存使用率: 18.1%📊 系统监控 - 负载: (31.89, 33.07, 41.51), 内存使用率: 18.1%📊 系统监控 - 负载: (31.89, 33.07, 41.51), 内存使用率: 18.1%📊 系统监控 - 负载: (32.06, 33.09, 41.47), 内存使用率: 18.0%📊 系统监控 - 负载: (32.06, 33.09, 41.47), 内存使用率: 18.1%📊 系统监控 - 负载: (32.14, 33.09, 41.42), 内存使用率: 17.9%📊 系统监控 - 负载: (32.29, 33.1, 41.38), 内存使用率: 17.9%📊 系统监控 - 负载: (32.29, 33.1, 41.38), 内存使用率: 17.9%📊 系统监控 - 负载: (32.26, 33.08, 41.33), 内存使用率: 17.9%📊 系统监控 - 负载: (32.26, 33.08, 41.33), 内存使用率: 17.9%📊 系统监控 - 负载: (32.16, 33.05, 41.28), 内存使用率: 17.9%📊 系统监控 - 负载: (32.31, 33.07, 41.24), 内存使用率: 17.9%📊 系统监控 - 负载: (32.31, 33.07, 41.24), 内存使用率: 18.0%📊 系统监控 - 负载: (32.28, 33.05, 41.19), 内存使用率: 18.0%📊 系统监控 - 负载: (32.28, 33.05, 41.19), 内存使用率: 17.9%📊 系统监控 - 负载: (32.42, 33.06, 41.15), 内存使用率: 17.9%📊 系统监控 - 负载: (32.39, 33.05, 41.1), 内存使用率: 18.0%📊 系统监控 - 负载: (32.39, 33.05, 41.1), 内存使用率: 17.9%📊 系统监控 - 负载: (32.52, 33.06, 41.06), 内存使用率: 18.0%📊 系统监控 - 负载: (32.52, 33.06, 41.06), 内存使用率: 18.1%📊 系统监控 - 负载: (32.15, 32.98, 40.99), 内存使用率: 18.1%📊 系统监控 - 负载: (32.22, 32.98, 40.95), 内存使用率: 18.1%📊 系统监控 - 负载: (32.22, 32.98, 40.95), 内存使用率: 18.0%[I 2026-01-04 00:30:46,531] Trial 3 finished with value: 0.3515652214716602 and parameters: {'p_crossover': 0.5822634555704315, 'p_subtree_mutation': 0.1341048247374583, 'p_hoist_mutation': 0.015854643368675158, 'p_point_mutation': 0.25664551806862285, 'population_size': 30000, 'generations': 50, 'function_set': ['add', 'sub', 'mul', 'div', 'abs', 'sqrt'], 'parsimony_coefficient': 0.0023359635026261607, 'tournament_size': 10}. Best is trial 2 with value: 0.5338073481441198.
[I 2026-01-04 00:30:48,720] Trial 3 finished with value: 0.3362185141440686 and parameters: {'p_crossover': 0.5822634555704315, 'p_subtree_mutation': 0.1341048247374583, 'p_hoist_mutation': 0.015854643368675158, 'p_point_mutation': 0.25664551806862285, 'population_size': 30000, 'generations': 50, 'function_set': ['add', 'sub', 'mul', 'div', 'abs', 'sqrt'], 'parsimony_coefficient': 0.0023359635026261607, 'tournament_size': 10}. Best is trial 2 with value: 0.7177153126963034.
[I 2026-01-04 00:30:50,872] Trial 6 finished with value: 0.28597099122032127 and parameters: {'p_crossover': 0.6684482051282946, 'p_subtree_mutation': 0.21957999576221704, 'p_hoist_mutation': 0.05239321597387967, 'p_point_mutation': 0.050847632787782336, 'population_size': 10000, 'generations': 10, 'function_set': ['add', 'sub', 'mul', 'div', 'abs', 'sqrt', 'log', 'inv', 'sin', 'cos'], 'parsimony_coefficient': 0.00034889766548903674, 'tournament_size': 15}. Best is trial 4 with value: 0.7853161909093355.
[I 2026-01-04 00:31:53,964] Trial 7 finished with value: 0.523482720485728 and parameters: {'p_crossover': 0.5070259980080768, 'p_subtree_mutation': 0.15618690193747614, 'p_hoist_mutation': 0.058842647484242366, 'p_point_mutation': 0.08212289531575265, 'population_size': 25000, 'generations': 10, 'function_set': ['add', 'sub', 'mul', 'div', 'abs', 'sqrt'], 'parsimony_coefficient': 0.00024970737145052745, 'tournament_size': 5}. Best is trial 2 with value: 0.7136517365627509.
[I 2026-01-04 00:31:54,395] Trial 7 finished with value: 0.48037064079391245 and parameters: {'p_crossover': 0.5070259980080768, 'p_subtree_mutation': 0.15618690193747614, 'p_hoist_mutation': 0.058842647484242366, 'p_point_mutation': 0.08212289531575265, 'population_size': 25000, 'generations': 10, 'function_set': ['add', 'sub', 'mul', 'div', 'abs', 'sqrt'], 'parsimony_coefficient': 0.00024970737145052745, 'tournament_size': 5}. Best is trial 2 with value: 0.6450385612477955.
[I 2026-01-04 00:31:57,319] Trial 7 finished with value: 0.4915131580637364 and parameters: {'p_crossover': 0.5070259980080768, 'p_subtree_mutation': 0.15618690193747614, 'p_hoist_mutation': 0.058842647484242366, 'p_point_mutation': 0.08212289531575265, 'population_size': 25000, 'generations': 10, 'function_set': ['add', 'sub', 'mul', 'div', 'abs', 'sqrt'], 'parsimony_coefficient': 0.00024970737145052745, 'tournament_size': 5}. Best is trial 2 with value: 0.6891420874712471.
[I 2026-01-04 00:31:57,688] Trial 7 finished with value: 0.3885294533216339 and parameters: {'p_crossover': 0.5070259980080768, 'p_subtree_mutation': 0.15618690193747614, 'p_hoist_mutation': 0.058842647484242366, 'p_point_mutation': 0.08212289531575265, 'population_size': 25000, 'generations': 10, 'function_set': ['add', 'sub', 'mul', 'div', 'abs', 'sqrt'], 'parsimony_coefficient': 0.00024970737145052745, 'tournament_size': 5}. Best is trial 2 with value: 0.6878179423142134.
[I 2026-01-04 00:31:57,909] Trial 7 finished with value: 0.2140015808276844 and parameters: {'p_crossover': 0.5070259980080768, 'p_subtree_mutation': 0.15618690193747614, 'p_hoist_mutation': 0.058842647484242366, 'p_point_mutation': 0.08212289531575265, 'population_size': 25000, 'generations': 10, 'function_set': ['add', 'sub', 'mul', 'div', 'abs', 'sqrt'], 'parsimony_coefficient': 0.00024970737145052745, 'tournament_size': 5}. Best is trial 2 with value: 0.5969755919863878.
[I 2026-01-04 00:32:39,330] Trial 8 finished with value: 0.43430536704106165 and parameters: {'p_crossover': 0.6446384285364501, 'p_subtree_mutation': 0.24137146876952342, 'p_hoist_mutation': 0.04425972929442689, 'p_point_mutation': 0.0652174519321523, 'population_size': 5000, 'generations': 20, 'function_set': ['add', 'sub', 'mul', 'div', 'abs', 'sqrt', 'log', 'inv', 'sin', 'cos'], 'parsimony_coefficient': 0.0017643967683381545, 'tournament_size': 5}. Best is trial 2 with value: 0.7136517365627509.
[I 2026-01-04 00:32:39,623] Trial 7 finished with value: 0.07676203885307537 and parameters: {'p_crossover': 0.5070259980080768, 'p_subtree_mutation': 0.15618690193747614, 'p_hoist_mutation': 0.058842647484242366, 'p_point_mutation': 0.08212289531575265, 'population_size': 25000, 'generations': 10, 'function_set': ['add', 'sub', 'mul', 'div', 'abs', 'sqrt'], 'parsimony_coefficient': 0.00024970737145052745, 'tournament_size': 5}. Best is trial 4 with value: 0.7853161909093355.
[I 2026-01-04 00:32:39,665] Trial 8 finished with value: 0.3094142127082841 and parameters: {'p_crossover': 0.6446384285364501, 'p_subtree_mutation': 0.24137146876952342, 'p_hoist_mutation': 0.04425972929442689, 'p_point_mutation': 0.0652174519321523, 'population_size': 5000, 'generations': 20, 'function_set': ['add', 'sub', 'mul', 'div', 'abs', 'sqrt', 'log', 'inv', 'sin', 'cos'], 'parsimony_coefficient': 0.0017643967683381545, 'tournament_size': 5}. Best is trial 2 with value: 0.6450385612477955.
[I 2026-01-04 00:32:42,513] Trial 8 finished with value: 0.3981635011857729 and parameters: {'p_crossover': 0.6446384285364501, 'p_subtree_mutation': 0.24137146876952342, 'p_hoist_mutation': 0.04425972929442689, 'p_point_mutation': 0.0652174519321523, 'population_size': 5000, 'generations': 20, 'function_set': ['add', 'sub', 'mul', 'div', 'abs', 'sqrt', 'log', 'inv', 'sin', 'cos'], 'parsimony_coefficient': 0.0017643967683381545, 'tournament_size': 5}. Best is trial 2 with value: 0.6891420874712471.
[I 2026-01-04 00:32:43,207] Trial 8 finished with value: 0.4175507038593984 and parameters: {'p_crossover': 0.6446384285364501, 'p_subtree_mutation': 0.24137146876952342, 'p_hoist_mutation': 0.04425972929442689, 'p_point_mutation': 0.0652174519321523, 'population_size': 5000, 'generations': 20, 'function_set': ['add', 'sub', 'mul', 'div', 'abs', 'sqrt', 'log', 'inv', 'sin', 'cos'], 'parsimony_coefficient': 0.0017643967683381545, 'tournament_size': 5}. Best is trial 2 with value: 0.5969755919863878.
[I 2026-01-04 00:32:43,217] Trial 8 finished with value: 0.31867695461541157 and parameters: {'p_crossover': 0.6446384285364501, 'p_subtree_mutation': 0.24137146876952342, 'p_hoist_mutation': 0.04425972929442689, 'p_point_mutation': 0.0652174519321523, 'population_size': 5000, 'generations': 20, 'function_set': ['add', 'sub', 'mul', 'div', 'abs', 'sqrt', 'log', 'inv', 'sin', 'cos'], 'parsimony_coefficient': 0.0017643967683381545, 'tournament_size': 5}. Best is trial 2 with value: 0.6878179423142134.
[I 2026-01-04 00:33:27,062] Trial 8 finished with value: 0.36389270013799635 and parameters: {'p_crossover': 0.6446384285364501, 'p_subtree_mutation': 0.24137146876952342, 'p_hoist_mutation': 0.04425972929442689, 'p_point_mutation': 0.0652174519321523, 'population_size': 5000, 'generations': 20, 'function_set': ['add', 'sub', 'mul', 'div', 'abs', 'sqrt', 'log', 'inv', 'sin', 'cos'], 'parsimony_coefficient': 0.0017643967683381545, 'tournament_size': 5}. Best is trial 4 with value: 0.7853161909093355.
[I 2026-01-04 00:33:43,439] Trial 3 finished with value: 0.3665200349511635 and parameters: {'p_crossover': 0.5822634555704315, 'p_subtree_mutation': 0.1341048247374583, 'p_hoist_mutation': 0.015854643368675158, 'p_point_mutation': 0.25664551806862285, 'population_size': 30000, 'generations': 50, 'function_set': ['add', 'sub', 'mul', 'div', 'abs', 'sqrt'], 'parsimony_coefficient': 0.0023359635026261607, 'tournament_size': 10}. Best is trial 2 with value: 0.7081331884936131.
