[I 2026-01-04 00:41:16,296] Trial 6 finished with value: -0.021881316075600565 and parameters: {'p_crossover': 0.6684482051282946, 'p_subtree_mutation': 0.21957999576221704, 'p_hoist_mutation': 0.05239321597387967, 'p_point_mutation': 0.050847632787782336, 'population_size': 10000, 'generations': 10, 'function_set': ['add', 'sub', 'mul', 'div', 'abs', 'sqrt', 'log', 'inv', 'sin', 'cos'], 'parsimony_coefficient': 0.00034889766548903674, 'tournament_size': 15}. Best is trial 4 with value: 0.8314899623994423.
📊 系统监控 - 负载: (32.16, 32.31, 38.22), 内存使用率: 17.8%📊 系统监控 - 负载: (32.23, 32.33, 38.19), 内存使用率: 17.8%📊 系统监控 - 负载: (32.13, 32.3, 38.15), 内存使用率: 17.9%📊 系统监控 - 负载: (32.13, 32.3, 38.15), 内存使用率: 17.9%📊 系统监控 - 负载: (32.2, 32.32, 38.13), 内存使用率: 17.8%📊 系统监控 - 负载: (32.2, 32.32, 38.13), 内存使用率: 17.8%📊 系统监控 - 负载: (32.26, 32.33, 38.1), 内存使用率: 17.7%📊 系统监控 - 负载: (32.4, 32.35, 38.08), 内存使用率: 17.7%📊 系统监控 - 负载: (32.4, 32.35, 38.08), 内存使用率: 17.9%📊 系统监控 - 负载: (32.05, 32.28, 38.02), 内存使用率: 17.9%📊 系统监控 - 负载: (32.05, 32.28, 38.02), 内存使用率: 17.7%📊 系统监控 - 负载: (32.29, 32.33, 38.01), 内存使用率: 17.8%📊 系统监控 - 负载: (32.26, 32.32, 37.97), 内存使用率: 17.7%📊 系统监控 - 负载: (32.26, 32.32, 37.97), 内存使用率: 17.7%📊 系统监控 - 负载: (31.84, 32.23, 37.91), 内存使用率: 17.9%📊 系统监控 - 负载: (31.84, 32.23, 37.91), 内存使用率: 18.0%📊 系统监控 - 负载: (32.09, 32.28, 37.9), 内存使用率: 17.8%📊 系统监控 - 负载: (31.93, 32.24, 37.86), 内存使用率: 17.8%📊 系统监控 - 负载: (31.93, 32.24, 37.86), 内存使用率: 18.0%📊 系统监控 - 负载: (32.01, 32.25, 37.83), 内存使用率: 17.9%📊 系统监控 - 负载: (32.01, 32.25, 37.83), 内存使用率: 17.9%📊 系统监控 - 负载: (31.69, 32.18, 37.78), 内存使用率: 18.0%📊 系统监控 - 负载: (32.04, 32.25, 37.77), 内存使用率: 17.9%📊 系统监控 - 负载: (32.04, 32.25, 37.77), 内存使用率: 17.9%📊 系统监控 - 负载: (31.71, 32.18, 37.72), 内存使用率: 17.9%📊 系统监控 - 负载: (31.71, 32.18, 37.72), 内存使用率: 17.8%📊 系统监控 - 负载: (31.82, 32.19, 37.69), 内存使用率: 17.8%📊 系统监控 - 负载: (31.59, 32.14, 37.64), 内存使用率: 17.9%📊 系统监控 - 负载: (31.59, 32.14, 37.64), 内存使用率: 18.1%📊 系统监控 - 负载: (31.7, 32.15, 37.62), 内存使用率: 17.9%📊 系统监控 - 负载: (31.89, 32.18, 37.6), 内存使用率: 17.9%📊 系统监控 - 负载: (31.89, 32.18, 37.6), 内存使用率: 17.9%📊 系统监控 - 负载: (31.9, 32.18, 37.57), 内存使用率: 17.8%📊 系统监控 - 负载: (31.9, 32.18, 37.57), 内存使用率: 17.9%📊 系统监控 - 负载: (31.82, 32.16, 37.53), 内存使用率: 17.9%📊 系统监控 - 负载: (31.68, 32.12, 37.49), 内存使用率: 17.8%📊 系统监控 - 负载: (31.68, 32.12, 37.49), 内存使用率: 17.7%📊 系统监控 - 负载: (31.78, 32.14, 37.47), 内存使用率: 17.9%📊 系统监控 - 负载: (31.78, 32.14, 37.47), 内存使用率: 17.7%📊 系统监控 - 负载: (31.4, 32.05, 37.41), 内存使用率: 17.8%📊 系统监控 - 负载: (31.61, 32.09, 37.39), 内存使用率: 17.9%📊 系统监控 - 负载: (31.61, 32.09, 37.39), 内存使用率: 17.9%📊 系统监控 - 负载: (31.96, 32.15, 37.39), 内存使用率: 17.7%📊 系统监控 - 负载: (31.96, 32.15, 37.39), 内存使用率: 17.7%📊 系统监控 - 负载: (32.2, 32.2, 37.37), 内存使用率: 17.8%📊 系统监控 - 负载: (32.11, 32.18, 37.34), 内存使用率: 17.8%📊 系统监控 - 负载: (32.11, 32.18, 37.34), 内存使用率: 17.7%📊 系统监控 - 负载: (32.18, 32.19, 37.32), 内存使用率: 17.6%📊 系统监控 - 负载: (32.18, 32.19, 37.32), 内存使用率: 17.7%📊 系统监控 - 负载: (32.41, 32.24, 37.31), 内存使用率: 17.8%📊 系统监控 - 负载: (32.13, 32.18, 37.26), 内存使用率: 17.9%📊 系统监控 - 负载: (32.13, 32.18, 37.26), 内存使用率: 17.8%📊 系统监控 - 负载: (31.8, 32.12, 37.21), 内存使用率: 17.7%📊 系统监控 - 负载: (31.8, 32.12, 37.21), 内存使用率: 17.8%📊 系统监控 - 负载: (31.74, 32.1, 37.18), 内存使用率: 17.8%📊 系统监控 - 负载: (31.84, 32.11, 37.16), 内存使用率: 17.7%📊 系统监控 - 负载: (31.84, 32.11, 37.16), 内存使用率: 17.8%📊 系统监控 - 负载: (31.85, 32.11, 37.13), 内存使用率: 17.8%📊 系统监控 - 负载: (31.85, 32.11, 37.13), 内存使用率: 17.9%📊 系统监控 - 负载: (31.7, 32.07, 37.09), 内存使用率: 17.8%📊 系统监控 - 负载: (31.97, 32.12, 37.08), 内存使用率: 17.6%📊 系统监控 - 负载: (31.97, 32.12, 37.08), 内存使用率: 17.6%📊 系统监控 - 负载: (31.73, 32.07, 37.03), 内存使用率: 17.7%📊 系统监控 - 负载: (31.73, 32.07, 37.03), 内存使用率: 17.9%📊 系统监控 - 负载: (31.19, 31.95, 36.97), 内存使用率: 18.0%📊 系统监控 - 负载: (31.42, 31.99, 36.95), 内存使用率: 17.8%📊 系统监控 - 负载: (31.42, 31.99, 36.95), 内存使用率: 17.8%📊 系统监控 - 负载: (31.62, 32.02, 36.94), 内存使用率: 17.8%📊 系统监控 - 负载: (31.62, 32.02, 36.94), 内存使用率: 17.9%📊 系统监控 - 负载: (31.73, 32.04, 36.92), 内存使用率: 17.9%📊 系统监控 - 负载: (31.67, 32.02, 36.89), 内存使用率: 17.9%📊 系统监控 - 负载: (31.67, 32.02, 36.89), 内存使用率: 17.8%📊 系统监控 - 负载: (31.86, 32.05, 36.87), 内存使用率: 17.8%📊 系统监控 - 负载: (31.86, 32.05, 36.87), 内存使用率: 17.8%📊 系统监控 - 负载: (31.71, 32.02, 36.83), 内存使用率: 17.7%📊 系统监控 - 负载: (31.65, 32.0, 36.8), 内存使用率: 17.5%📊 系统监控 - 负载: (31.65, 32.0, 36.8), 内存使用率: 17.7%📊 系统监控 - 负载: (31.68, 32.0, 36.78), 内存使用率: 17.9%📊 系统监控 - 负载: (31.68, 32.0, 36.78), 内存使用率: 17.7%📊 系统监控 - 负载: (31.63, 31.99, 36.74), 内存使用率: 17.7%📊 系统监控 - 负载: (31.9, 32.04, 36.74), 内存使用率: 17.7%📊 系统监控 - 负载: (31.9, 32.04, 36.74), 内存使用率: 17.8%📊 系统监控 - 负载: (31.83, 32.02, 36.7), 内存使用率: 17.8%📊 系统监控 - 负载: (31.83, 32.02, 36.7), 内存使用率: 17.8%📊 系统监控 - 负载: (31.84, 32.02, 36.68), 内存使用率: 17.9%📊 系统监控 - 负载: (31.85, 32.02, 36.65), 内存使用率: 17.8%📊 系统监控 - 负载: (31.85, 32.02, 36.65), 内存使用率: 17.7%📊 系统监控 - 负载: (32.02, 32.05, 36.64), 内存使用率: 17.7%📊 系统监控 - 负载: (32.02, 32.05, 36.64), 内存使用率: 17.8%📊 系统监控 - 负载: (32.02, 32.05, 36.62), 内存使用率: 17.9%📊 系统监控 - 负载: (31.7, 31.98, 36.57), 内存使用率: 17.8%📊 系统监控 - 负载: (31.7, 31.98, 36.57), 内存使用率: 17.8%📊 系统监控 - 负载: (31.72, 31.98, 36.54), 内存使用率: 17.8%📊 系统监控 - 负载: (31.72, 31.98, 36.54), 内存使用率: 17.8%📊 系统监控 - 负载: (31.59, 31.95, 36.51), 内存使用率: 17.8%📊 系统监控 - 负载: (31.86, 32.0, 36.5), 内存使用率: 17.7%📊 系统监控 - 负载: (31.86, 32.0, 36.5), 内存使用率: 17.8%📊 系统监控 - 负载: (31.95, 32.02, 36.48), 内存使用率: 17.7%📊 系统监控 - 负载: (31.95, 32.02, 36.48), 内存使用率: 17.9%📊 系统监控 - 负载: (32.11, 32.05, 36.47), 内存使用率: 17.9%📊 系统监控 - 负载: (32.27, 32.08, 36.46), 内存使用率: 17.8%📊 系统监控 - 负载: (32.27, 32.08, 36.46), 内存使用率: 17.9%📊 系统监控 - 负载: (32.48, 32.13, 36.45), 内存使用率: 17.9%📊 系统监控 - 负载: (32.48, 32.13, 36.45), 内存使用率: 17.9%📊 系统监控 - 负载: (32.37, 32.11, 36.42), 内存使用率: 17.9%📊 系统监控 - 负载: (32.1, 32.06, 36.38), 内存使用率: 17.8%📊 系统监控 - 负载: (32.1, 32.06, 36.38), 内存使用率: 17.8%📊 系统监控 - 负载: (32.09, 32.06, 36.35), 内存使用率: 17.8%📊 系统监控 - 负载: (32.09, 32.06, 36.35), 内存使用率: 17.9%📊 系统监控 - 负载: (32.0, 32.04, 36.33), 内存使用率: 18.0%📊 系统监控 - 负载: (32.0, 32.04, 36.3), 内存使用率: 17.9%[I 2026-01-04 00:41:47,976] Trial 7 finished with value: -0.05899776746260943 and parameters: {'p_crossover': 0.5070259980080768, 'p_subtree_mutation': 0.15618690193747614, 'p_hoist_mutation': 0.058842647484242366, 'p_point_mutation': 0.08212289531575265, 'population_size': 25000, 'generations': 10, 'function_set': ['add', 'sub', 'mul', 'div', 'abs', 'sqrt'], 'parsimony_coefficient': 0.00024970737145052745, 'tournament_size': 5}. Best is trial 2 with value: 0.7081331884936131.
[I 2026-01-04 00:42:01,493] Trial 10 finished with value: 0.5189037728138486 and parameters: {'p_crossover': 0.5683831592708488, 'p_subtree_mutation': 0.25419343599091215, 'p_hoist_mutation': 0.0488674920122158, 'p_point_mutation': 0.09106375452395912, 'population_size': 15000, 'generations': 10, 'function_set': ['add', 'sub', 'mul', 'div', 'abs', 'sqrt'], 'parsimony_coefficient': 0.0018742210985555703, 'tournament_size': 5}. Best is trial 4 with value: 0.7853161909093355.
[I 2026-01-04 00:43:05,616] Trial 8 finished with value: 0.34596043671899623 and parameters: {'p_crossover': 0.6446384285364501, 'p_subtree_mutation': 0.24137146876952342, 'p_hoist_mutation': 0.04425972929442689, 'p_point_mutation': 0.0652174519321523, 'population_size': 5000, 'generations': 20, 'function_set': ['add', 'sub', 'mul', 'div', 'abs', 'sqrt', 'log', 'inv', 'sin', 'cos'], 'parsimony_coefficient': 0.0017643967683381545, 'tournament_size': 5}. Best is trial 2 with value: 0.7081331884936131.
[I 2026-01-04 00:43:48,005] Trial 7 finished with value: -0.8033525903468777 and parameters: {'p_crossover': 0.5070259980080768, 'p_subtree_mutation': 0.15618690193747614, 'p_hoist_mutation': 0.058842647484242366, 'p_point_mutation': 0.08212289531575265, 'population_size': 25000, 'generations': 10, 'function_set': ['add', 'sub', 'mul', 'div', 'abs', 'sqrt'], 'parsimony_coefficient': 0.00024970737145052745, 'tournament_size': 5}. Best is trial 4 with value: 0.8314899623994423.
[I 2026-01-04 00:45:17,069] Trial 8 finished with value: 0.42425816109838754 and parameters: {'p_crossover': 0.6446384285364501, 'p_subtree_mutation': 0.24137146876952342, 'p_hoist_mutation': 0.04425972929442689, 'p_point_mutation': 0.0652174519321523, 'population_size': 5000, 'generations': 20, 'function_set': ['add', 'sub', 'mul', 'div', 'abs', 'sqrt', 'log', 'inv', 'sin', 'cos'], 'parsimony_coefficient': 0.0017643967683381545, 'tournament_size': 5}. Best is trial 4 with value: 0.8314899623994423.
[I 2026-01-04 00:46:26,933] Trial 11 finished with value: -0.2714882294158635 and parameters: {'p_crossover': 0.4622856524864553, 'p_subtree_mutation': 0.1946654642909337, 'p_hoist_mutation': 0.010679258738466382, 'p_point_mutation': 0.2061530392988695, 'population_size': 20000, 'generations': 30, 'function_set': ['add', 'sub', 'mul', 'div', 'abs', 'sqrt', 'log', 'inv', 'sin', 'cos'], 'parsimony_coefficient': 0.0075054129314782204, 'tournament_size': 10}. Best is trial 4 with value: 0.7853161909093355.
📊 系统监控 - 负载: (32.0, 32.04, 36.3), 内存使用率: 18.0%📊 系统监控 - 负载: (31.84, 32.01, 36.27), 内存使用率: 18.0%📊 系统监控 - 负载: (31.84, 32.01, 36.27), 内存使用率: 18.0%📊 系统监控 - 负载: (31.85, 32.01, 36.25), 内存使用率: 17.8%📊 系统监控 - 负载: (31.79, 31.99, 36.22), 内存使用率: 17.9%📊 系统监控 - 负载: (31.79, 31.99, 36.22), 内存使用率: 17.8%📊 系统监控 - 负载: (31.88, 32.01, 36.2), 内存使用率: 17.8%📊 系统监控 - 负载: (31.88, 32.01, 36.2), 内存使用率: 17.8%📊 系统监控 - 负载: (32.13, 32.06, 36.19), 内存使用率: 17.8%📊 系统监控 - 负载: (32.04, 32.04, 36.17), 内存使用率: 17.9%📊 系统监控 - 负载: (32.04, 32.04, 36.17), 内存使用率: 18.0%📊 系统监控 - 负载: (32.04, 32.04, 36.14), 内存使用率: 17.8%📊 系统监控 - 负载: (32.04, 32.04, 36.14), 内存使用率: 17.8%📊 系统监控 - 负载: (32.2, 32.07, 36.13), 内存使用率: 17.8%📊 系统监控 - 负载: (32.1, 32.05, 36.1), 内存使用率: 17.9%📊 系统监控 - 负载: (32.1, 32.05, 36.1), 内存使用率: 18.0%📊 系统监控 - 负载: (32.01, 32.04, 36.08), 内存使用率: 18.0%📊 系统监控 - 负载: (32.01, 32.04, 36.08), 内存使用率: 17.9%📊 系统监控 - 负载: (32.09, 32.05, 36.06), 内存使用率: 17.9%📊 系统监控 - 负载: (32.0, 32.03, 36.03), 内存使用率: 17.9%📊 系统监控 - 负载: (32.0, 32.03, 36.03), 内存使用率: 17.9%📊 系统监控 - 负载: (32.16, 32.07, 36.02), 内存使用率: 17.9%📊 系统监控 - 负载: (32.16, 32.07, 36.02), 内存使用率: 17.9%📊 系统监控 - 负载: (31.99, 32.03, 35.99), 内存使用率: 18.1%📊 系统监控 - 负载: (32.15, 32.07, 35.98), 内存使用率: 17.9%📊 系统监控 - 负载: (32.15, 32.07, 35.98), 内存使用率: 18.0%📊 系统监控 - 负载: (32.46, 32.13, 35.98), 内存使用率: 18.0%📊 系统监控 - 负载: (32.46, 32.13, 35.98), 内存使用率: 18.1%📊 系统监控 - 负载: (32.42, 32.13, 35.96), 内存使用率: 18.1%📊 系统监控 - 负载: (32.31, 32.11, 35.93), 内存使用率: 18.1%📊 系统监控 - 负载: (32.31, 32.11, 35.93), 内存使用率: 18.0%📊 系统监控 - 负载: (32.36, 32.13, 35.92), 内存使用率: 18.0%📊 系统监控 - 负载: (32.36, 32.13, 35.92), 内存使用率: 18.1%📊 系统监控 - 负载: (32.09, 32.07, 35.88), 内存使用率: 18.2%📊 系统监控 - 负载: (31.85, 32.02, 35.84), 内存使用率: 18.3%📊 系统监控 - 负载: (31.85, 32.02, 35.84), 内存使用率: 18.2%📊 系统监控 - 负载: (31.86, 32.02, 35.82), 内存使用率: 18.2%📊 系统监控 - 负载: (31.86, 32.02, 35.82), 内存使用率: 18.2%📊 系统监控 - 负载: (31.95, 32.04, 35.81), 内存使用率: 18.2%📊 系统监控 - 负载: (31.79, 32.0, 35.77), 内存使用率: 18.3%📊 系统监控 - 负载: (31.79, 32.0, 35.77), 内存使用率: 18.2%📊 系统监控 - 负载: (31.89, 32.02, 35.76), 内存使用率: 18.2%📊 系统监控 - 负载: (31.89, 32.02, 35.76), 内存使用率: 18.3%📊 系统监控 - 负载: (31.98, 32.04, 35.75), 内存使用率: 18.3%📊 系统监控 - 负载: (31.82, 32.0, 35.71), 内存使用率: 18.4%📊 系统监控 - 负载: (31.82, 32.0, 35.71), 内存使用率: 18.3%📊 系统监控 - 负载: (31.75, 31.99, 35.69), 内存使用率: 18.3%📊 系统监控 - 负载: (31.75, 31.99, 35.69), 内存使用率: 18.2%📊 系统监控 - 负载: (31.77, 31.99, 35.67), 内存使用率: 18.2%📊 系统监控 - 负载: (31.79, 31.99, 35.65), 内存使用率: 18.3%📊 系统监控 - 负载: (31.79, 31.99, 35.65), 内存使用率: 18.2%📊 系统监控 - 负载: (31.73, 31.97, 35.62), 内存使用率: 18.2%📊 系统监控 - 负载: (31.73, 31.97, 35.62), 内存使用率: 18.3%📊 系统监控 - 负载: (31.83, 31.99, 35.61), 内存使用率: 18.3%📊 系统监控 - 负载: (31.68, 31.95, 35.58), 内存使用率: 18.3%📊 系统监控 - 负载: (31.68, 31.95, 35.58), 内存使用率: 18.4%📊 系统监控 - 负载: (31.79, 31.97, 35.57), 内存使用率: 18.4%📊 系统监控 - 负载: (31.79, 31.97, 35.57), 内存使用率: 18.3%📊 系统监控 - 负载: (31.73, 31.96, 35.54), 内存使用率: 18.4%📊 系统监控 - 负载: (31.99, 32.01, 35.54), 内存使用率: 18.4%📊 系统监控 - 负载: (31.99, 32.01, 35.54), 内存使用率: 18.4%📊 系统监控 - 负载: (31.75, 31.96, 35.5), 内存使用率: 18.5%📊 系统监控 - 负载: (31.75, 31.96, 35.5), 内存使用率: 18.5%📊 系统监控 - 负载: (31.69, 31.94, 35.48), 内存使用率: 18.3%📊 系统监控 - 负载: (31.71, 31.94, 35.46), 内存使用率: 18.3%📊 系统监控 - 负载: (31.71, 31.94, 35.46), 内存使用率: 18.5%📊 系统监控 - 负载: (31.5, 31.89, 35.43), 内存使用率: 18.6%📊 系统监控 - 负载: (31.5, 31.89, 35.43), 内存使用率: 18.5%📊 系统监控 - 负载: (31.46, 31.88, 35.4), 内存使用率: 18.5%📊 系统监控 - 负载: (31.34, 31.85, 35.37), 内存使用率: 18.6%📊 系统监控 - 负载: (31.34, 31.85, 35.37), 内存使用率: 18.4%📊 系统监控 - 负载: (31.39, 31.85, 35.36), 内存使用率: 18.3%📊 系统监控 - 负载: (31.39, 31.85, 35.36), 内存使用率: 18.6%📊 系统监控 - 负载: (31.52, 31.87, 35.34), 内存使用率: 18.6%📊 系统监控 - 负载: (31.64, 31.89, 35.33), 内存使用率: 18.6%📊 系统监控 - 负载: (31.64, 31.89, 35.33), 内存使用率: 18.6%📊 系统监控 - 负载: (31.91, 31.94, 35.33), 内存使用率: 18.5%📊 系统监控 - 负载: (31.91, 31.94, 35.33), 内存使用率: 18.4%📊 系统监控 - 负载: (31.84, 31.92, 35.3), 内存使用率: 18.6%📊 系统监控 - 负载: (31.93, 31.94, 35.29), 内存使用率: 18.7%📊 系统监控 - 负载: (31.93, 31.94, 35.29), 内存使用率: 18.6%📊 系统监控 - 负载: (32.02, 31.96, 35.28), 内存使用率: 18.6%📊 系统监控 - 负载: (32.02, 31.96, 35.28), 内存使用率: 18.5%📊 系统监控 - 负载: (31.93, 31.94, 35.26), 内存使用率: 18.7%📊 系统监控 - 负载: (31.86, 31.93, 35.23), 内存使用率: 18.7%📊 系统监控 - 负载: (31.86, 31.93, 35.23), 内存使用率: 18.7%📊 系统监控 - 负载: (31.87, 31.93, 35.22), 内存使用率: 18.6%📊 系统监控 - 负载: (31.87, 31.93, 35.22), 内存使用率: 18.7%📊 系统监控 - 负载: (31.88, 31.93, 35.2), 内存使用率: 18.7%📊 系统监控 - 负载: (32.05, 31.96, 35.19), 内存使用率: 18.7%📊 系统监控 - 负载: (32.05, 31.96, 35.19), 内存使用率: 18.6%📊 系统监控 - 负载: (31.81, 31.91, 35.16), 内存使用率: 18.7%📊 系统监控 - 负载: (31.81, 31.91, 35.16), 内存使用率: 18.8%📊 系统监控 - 负载: (31.9, 31.93, 35.15), 内存使用率: 18.7%📊 系统监控 - 负载: (31.91, 31.93, 35.13), 内存使用率: 18.8%📊 系统监控 - 负载: (31.91, 31.93, 35.13), 内存使用率: 18.8%📊 系统监控 - 负载: (31.92, 31.93, 35.11), 内存使用率: 18.7%📊 系统监控 - 负载: (31.84, 31.92, 35.09), 内存使用率: 18.8%📊 系统监控 - 负载: (31.84, 31.92, 35.09), 内存使用率: 18.6%📊 系统监控 - 负载: (31.78, 31.9, 35.07), 内存使用率: 18.7%📊 系统监控 - 负载: (31.78, 31.9, 35.07), 内存使用率: 18.5%📊 系统监控 - 负载: (31.79, 31.9, 35.05), 内存使用率: 18.6%📊 系统监控 - 负载: (31.81, 31.91, 35.04), 内存使用率: 18.7%📊 系统监控 - 负载: (31.81, 31.91, 35.04), 内存使用率: 18.7%📊 系统监控 - 负载: (31.91, 31.92, 35.03), 内存使用率: 18.7%📊 系统监控 - 负载: (31.91, 31.92, 35.03), 内存使用率: 18.6%📊 系统监控 - 负载: (31.75, 31.89, 35.0), 内存使用率: 18.8%📊 系统监控 - 负载: (31.69, 31.88, 34.98), 内存使用率: 18.7%📊 系统监控 - 负载: (31.69, 31.88, 34.98), 内存使用率: 18.7%📊 系统监控 - 负载: (31.56, 31.85, 34.95), 内存使用率: 18.9%📊 系统监控 - 负载: (31.56, 31.85, 34.95), 内存使用率: 18.8%[I 2026-01-04 00:49:21,441] Trial 9 finished with value: 0.7540397082023692 and parameters: {'p_crossover': 0.4190675050858071, 'p_subtree_mutation': 0.16219646434313245, 'p_hoist_mutation': 0.039266498982407236, 'p_point_mutation': 0.2903830058212294, 'population_size': 20000, 'generations': 50, 'function_set': ['add', 'sub', 'mul', 'div', 'abs', 'sqrt'], 'parsimony_coefficient': 0.0026698666742744613, 'tournament_size': 15}. Best is trial 9 with value: 0.7540397082023692.
[I 2026-01-04 00:49:28,717] Trial 9 finished with value: 0.7540397082023692 and parameters: {'p_crossover': 0.4190675050858071, 'p_subtree_mutation': 0.16219646434313245, 'p_hoist_mutation': 0.039266498982407236, 'p_point_mutation': 0.2903830058212294, 'population_size': 20000, 'generations': 50, 'function_set': ['add', 'sub', 'mul', 'div', 'abs', 'sqrt'], 'parsimony_coefficient': 0.0026698666742744613, 'tournament_size': 15}. Best is trial 9 with value: 0.7540397082023692.
[I 2026-01-04 00:49:47,374] Trial 11 finished with value: -0.9937119933875322 and parameters: {'p_crossover': 0.4622856524864553, 'p_subtree_mutation': 0.17447000049355868, 'p_hoist_mutation': 0.029276562477471773, 'p_point_mutation': 0.2070368367358509, 'population_size': 25000, 'generations': 50, 'function_set': ['add', 'sub', 'mul', 'div', 'abs', 'sqrt'], 'parsimony_coefficient': 0.008494122721861107, 'tournament_size': 10}. Best is trial 9 with value: 0.7540397082023692.
[I 2026-01-04 00:49:51,823] Trial 11 finished with value: -0.9937119933875322 and parameters: {'p_crossover': 0.4622856524864553, 'p_subtree_mutation': 0.17447000049355868, 'p_hoist_mutation': 0.029276562477471773, 'p_point_mutation': 0.2070368367358509, 'population_size': 25000, 'generations': 50, 'function_set': ['add', 'sub', 'mul', 'div', 'abs', 'sqrt'], 'parsimony_coefficient': 0.008494122721861107, 'tournament_size': 10}. Best is trial 9 with value: 0.7540397082023692.
[I 2026-01-04 00:49:52,224] Trial 11 finished with value: -0.9937119933875322 and parameters: {'p_crossover': 0.4622856524864553, 'p_subtree_mutation': 0.17447000049355868, 'p_hoist_mutation': 0.029276562477471773, 'p_point_mutation': 0.2070368367358509, 'population_size': 25000, 'generations': 50, 'function_set': ['add', 'sub', 'mul', 'div', 'abs', 'sqrt'], 'parsimony_coefficient': 0.008494122721861107, 'tournament_size': 10}. Best is trial 9 with value: 0.7540397082023692.
[I 2026-01-04 00:49:57,196] Trial 11 finished with value: -0.9937119933875322 and parameters: {'p_crossover': 0.4622856524864553, 'p_subtree_mutation': 0.17447000049355868, 'p_hoist_mutation': 0.029276562477471773, 'p_point_mutation': 0.2070368367358509, 'population_size': 25000, 'generations': 50, 'function_set': ['add', 'sub', 'mul', 'div', 'abs', 'sqrt'], 'parsimony_coefficient': 0.008494122721861107, 'tournament_size': 10}. Best is trial 9 with value: 0.7540397082023692.
[I 2026-01-04 00:50:03,395] Trial 11 finished with value: -0.9937119933875322 and parameters: {'p_crossover': 0.4622856524864553, 'p_subtree_mutation': 0.17447000049355868, 'p_hoist_mutation': 0.029276562477471773, 'p_point_mutation': 0.2070368367358509, 'population_size': 25000, 'generations': 50, 'function_set': ['add', 'sub', 'mul', 'div', 'abs', 'sqrt'], 'parsimony_coefficient': 0.008494122721861107, 'tournament_size': 10}. Best is trial 9 with value: 0.7540397082023692.
[I 2026-01-04 00:50:42,842] Trial 10 finished with value: 0.4284306085793284 and parameters: {'p_crossover': 0.5683831592708488, 'p_subtree_mutation': 0.25419343599091215, 'p_hoist_mutation': 0.0488674920122158, 'p_point_mutation': 0.09106375452395912, 'population_size': 15000, 'generations': 10, 'function_set': ['add', 'sub', 'mul', 'div', 'abs', 'sqrt'], 'parsimony_coefficient': 0.0018742210985555703, 'tournament_size': 5}. Best is trial 9 with value: 0.7540397082023692.
[I 2026-01-04 00:50:56,669] Trial 10 finished with value: 0.4646677736791468 and parameters: {'p_crossover': 0.5683831592708488, 'p_subtree_mutation': 0.25419343599091215, 'p_hoist_mutation': 0.0488674920122158, 'p_point_mutation': 0.09106375452395912, 'population_size': 15000, 'generations': 10, 'function_set': ['add', 'sub', 'mul', 'div', 'abs', 'sqrt'], 'parsimony_coefficient': 0.0018742210985555703, 'tournament_size': 5}. Best is trial 9 with value: 0.7540397082023692.
