📊 系统监控 - 负载: (32.05, 31.91, 32.29), 内存使用率: 19.2%📊 系统监控 - 负载: (32.05, 31.91, 32.29), 内存使用率: 19.2%📊 系统监控 - 负载: (32.05, 31.91, 32.29), 内存使用率: 19.2%📊 系统监控 - 负载: (32.2, 31.94, 32.29), 内存使用率: 19.1%📊 系统监控 - 负载: (32.19, 31.95, 32.29), 内存使用率: 19.2%📊 系统监控 - 负载: (32.19, 31.95, 32.29), 内存使用率: 19.3%📊 系统监控 - 负载: (32.57, 32.03, 32.32), 内存使用率: 19.3%📊 系统监控 - 负载: (32.57, 32.03, 32.32), 内存使用率: 19.1%📊 系统监控 - 负载: (32.37, 32.0, 32.31), 内存使用率: 19.0%📊 系统监控 - 负载: (32.18, 31.96, 32.29), 内存使用率: 19.2%📊 系统监控 - 负载: (32.18, 31.96, 32.29), 内存使用率: 19.2%📊 系统监控 - 负载: (31.92, 31.91, 32.28), 内存使用率: 19.4%📊 系统监控 - 负载: (31.92, 31.91, 32.28), 内存使用率: 19.4%📊 系统监控 - 负载: (32.17, 31.96, 32.29), 内存使用率: 19.3%📊 系统监控 - 负载: (32.24, 31.98, 32.29), 内存使用率: 19.4%📊 系统监控 - 负载: (32.24, 31.98, 32.29), 内存使用率: 19.4%📊 系统监控 - 负载: (31.9, 31.92, 32.27), 内存使用率: 19.5%📊 系统监控 - 负载: (31.9, 31.92, 32.27), 内存使用率: 19.4%📊 系统监控 - 负载: (31.75, 31.88, 32.26), 内存使用率: 19.3%📊 系统监控 - 负载: (31.85, 31.9, 32.26), 内存使用率: 19.3%📊 系统监控 - 负载: (31.85, 31.9, 32.26), 内存使用率: 19.1%📊 系统监控 - 负载: (31.86, 31.9, 32.26), 内存使用率: 19.1%📊 系统监控 - 负载: (31.86, 31.9, 32.26), 内存使用率: 19.1%📊 系统监控 - 负载: (31.79, 31.89, 32.26), 内存使用率: 19.4%📊 系统监控 - 负载: (31.89, 31.91, 32.26), 内存使用率: 19.2%📊 系统监控 - 负载: (31.89, 31.91, 32.26), 内存使用率: 19.1%📊 系统监控 - 负载: (31.74, 31.88, 32.25), 内存使用率: 19.2%📊 系统监控 - 负载: (31.74, 31.88, 32.25), 内存使用率: 19.2%📊 系统监控 - 负载: (31.6, 31.84, 32.23), 内存使用率: 19.3%📊 系统监控 - 负载: (31.55, 31.83, 32.23), 内存使用率: 19.3%📊 系统监控 - 负载: (31.55, 31.83, 32.23), 内存使用率: 19.3%📊 系统监控 - 负载: (31.82, 31.88, 32.24), 内存使用率: 19.2%📊 系统监控 - 负载: (31.76, 31.87, 32.24), 内存使用率: 19.2%📊 系统监控 - 负载: (31.76, 31.87, 32.24), 内存使用率: 19.2%📊 系统监控 - 负载: (31.62, 31.84, 32.22), 内存使用率: 19.4%📊 系统监控 - 负载: (31.62, 31.84, 32.22), 内存使用率: 19.4%📊 系统监控 - 负载: (31.41, 31.79, 32.21), 内存使用率: 19.3%📊 系统监控 - 负载: (31.46, 31.79, 32.21), 内存使用率: 19.3%📊 系统监控 - 负载: (31.46, 31.79, 32.21), 内存使用率: 19.3%📊 系统监控 - 负载: (31.26, 31.75, 32.19), 内存使用率: 19.3%📊 系统监控 - 负载: (31.26, 31.75, 32.19), 内存使用率: 19.3%📊 系统监控 - 负载: (31.4, 31.77, 32.19), 内存使用率: 19.2%📊 系统监控 - 负载: (31.29, 31.74, 32.18), 内存使用率: 19.4%📊 系统监控 - 负载: (31.29, 31.74, 32.18), 内存使用率: 19.3%📊 系统监控 - 负载: (31.42, 31.76, 32.19), 内存使用率: 19.2%📊 系统监控 - 负载: (31.42, 31.76, 32.19), 内存使用率: 19.2%📊 系统监控 - 负载: (31.31, 31.73, 32.17), 内存使用率: 19.1%📊 系统监控 - 负载: (31.36, 31.73, 32.17), 内存使用率: 19.1%📊 系统监控 - 负载: (31.36, 31.73, 32.17), 内存使用率: 19.0%📊 系统监控 - 负载: (31.58, 31.77, 32.18), 内存使用率: 19.0%📊 系统监控 - 负载: (31.58, 31.77, 32.18), 内存使用率: 19.2%📊 系统监控 - 负载: (31.45, 31.74, 32.17), 内存使用率: 19.1%📊 系统监控 - 负载: (31.49, 31.75, 32.17), 内存使用率: 19.1%📊 系统监控 - 负载: (31.49, 31.75, 32.17), 内存使用率: 19.2%📊 系统监控 - 负载: (31.45, 31.74, 32.16), 内存使用率: 19.1%📊 系统监控 - 负载: (31.45, 31.74, 32.16), 内存使用率: 19.3%📊 系统监控 - 负载: (31.5, 31.74, 32.16), 内存使用率: 19.2%📊 系统监控 - 负载: (31.62, 31.76, 32.17), 内存使用率: 19.0%📊 系统监控 - 负载: (31.62, 31.76, 32.17), 内存使用率: 19.2%📊 系统监控 - 负载: (31.65, 31.76, 32.17), 内存使用率: 19.3%📊 系统监控 - 负载: (31.65, 31.76, 32.17), 内存使用率: 19.3%📊 系统监控 - 负载: (31.44, 31.72, 32.15), 内存使用率: 19.2%📊 系统监控 - 负载: (31.48, 31.72, 32.15), 内存使用率: 19.1%📊 系统监控 - 负载: (31.48, 31.72, 32.15), 内存使用率: 19.1%📊 系统监控 - 负载: (31.36, 31.69, 32.14), 内存使用率: 19.1%📊 系统监控 - 负载: (31.36, 31.69, 32.14), 内存使用率: 19.2%📊 系统监控 - 负载: (31.33, 31.68, 32.13), 内存使用率: 19.3%📊 系统监控 - 负载: (31.39, 31.69, 32.13), 内存使用率: 19.3%📊 系统监控 - 负载: (31.39, 31.69, 32.13), 内存使用率: 19.4%📊 系统监控 - 负载: (31.52, 31.71, 32.13), 内存使用率: 19.2%📊 系统监控 - 负载: (31.52, 31.71, 32.13), 内存使用率: 19.2%📊 系统监控 - 负载: (31.55, 31.72, 32.13), 内存使用率: 19.2%📊 系统监控 - 负载: (31.27, 31.65, 32.11), 内存使用率: 19.3%📊 系统监控 - 负载: (31.27, 31.65, 32.11), 内存使用率: 19.3%📊 系统监控 - 负载: (31.01, 31.59, 32.09), 内存使用率: 19.3%📊 系统监控 - 负载: (31.01, 31.59, 32.09), 内存使用率: 19.4%📊 系统监控 - 负载: (31.01, 31.58, 32.08), 内存使用率: 19.3%📊 系统监控 - 负载: (30.85, 31.54, 32.07), 内存使用率: 19.3%📊 系统监控 - 负载: (30.85, 31.54, 32.07), 内存使用率: 19.2%📊 系统监控 - 负载: (30.62, 31.48, 32.05), 内存使用率: 19.4%📊 系统监控 - 负载: (30.62, 31.48, 32.05), 内存使用率: 19.4%📊 系统监控 - 负载: (30.65, 31.47, 32.04), 内存使用率: 19.4%📊 系统监控 - 负载: (30.76, 31.48, 32.04), 内存使用率: 19.2%📊 系统监控 - 负载: (30.76, 31.48, 32.04), 内存使用率: 19.3%📊 系统监控 - 负载: (30.94, 31.51, 32.05), 内存使用率: 19.3%📊 系统监控 - 负载: (30.94, 31.51, 32.05), 内存使用率: 19.5%📊 系统监控 - 负载: (30.94, 31.5, 32.04), 内存使用率: 19.4%📊 系统监控 - 负载: (30.87, 31.47, 32.03), 内存使用率: 19.4%📊 系统监控 - 负载: (30.87, 31.47, 32.03), 内存使用率: 19.4%📊 系统监控 - 负载: (30.88, 31.47, 32.02), 内存使用率: 19.4%📊 系统监控 - 负载: (30.88, 31.47, 32.02), 内存使用率: 19.4%📊 系统监控 - 负载: (30.57, 31.39, 32.0), 内存使用率: 19.5%📊 系统监控 - 负载: (30.76, 31.42, 32.0), 内存使用率: 19.4%📊 系统监控 - 负载: (30.76, 31.42, 32.0), 内存使用率: 19.3%📊 系统监控 - 负载: (30.86, 31.43, 32.0), 内存使用率: 19.4%📊 系统监控 - 负载: (30.86, 31.43, 32.0), 内存使用率: 19.4%📊 系统监控 - 负载: (30.55, 31.36, 31.98), 内存使用率: 19.4%📊 系统监控 - 负载: (30.67, 31.37, 31.98), 内存使用率: 19.4%📊 系统监控 - 负载: (30.67, 31.37, 31.98), 内存使用率: 19.4%📊 系统监控 - 负载: (30.69, 31.36, 31.97), 内存使用率: 19.5%📊 系统监控 - 负载: (30.69, 31.36, 31.97), 内存使用率: 19.4%📊 系统监控 - 负载: (30.64, 31.34, 31.96), 内存使用率: 19.2%📊 系统监控 - 负载: (30.35, 31.27, 31.93), 内存使用率: 18.9%📊 系统监控 - 负载: (30.35, 31.27, 31.93), 内存使用率: 19.3%📊 系统监控 - 负载: (30.08, 31.2, 31.91), 内存使用率: 19.4%📊 系统监控 - 负载: (30.08, 31.2, 31.91), 内存使用率: 19.3%📊 系统监控 - 负载: (30.07, 31.18, 31.9), 内存使用率: 19.3%📊 系统监控 - 负载: (30.31, 31.21, 31.9), 内存使用率: 19.3%📊 系统监控 - 负载: (30.31, 31.21, 31.9), 内存使用率: 19.4%📊 系统监控 - 负载: (30.04, 31.14, 31.88), 内存使用率: 19.3%📊 系统监控 - 负载: (30.04, 31.14, 31.88), 内存使用率: 19.4%[I 2026-01-04 01:26:59,769] Trial 17 finished with value: 0.8137604601924502 and parameters: {'p_crossover': 0.4014220358959268, 'p_subtree_mutation': 0.19821394436756026, 'p_hoist_mutation': 0.098614093764019, 'p_point_mutation': 0.23240399344434298, 'population_size': 30000, 'generations': 30, 'function_set': ['add', 'sub', 'mul', 'div', 'abs', 'sqrt'], 'parsimony_coefficient': 0.00011335431394085084, 'tournament_size': 15}. Best is trial 17 with value: 0.8137604601924502.
[I 2026-01-04 01:27:58,650] Trial 19 finished with value: 0.7294432395967003 and parameters: {'p_crossover': 0.6995045544487177, 'p_subtree_mutation': 0.15105368409637018, 'p_hoist_mutation': 0.03929285454086027, 'p_point_mutation': 0.05038123462979191, 'population_size': 15000, 'generations': 20, 'function_set': ['add', 'sub', 'mul', 'div', 'abs', 'sqrt'], 'parsimony_coefficient': 0.000863077628352016, 'tournament_size': 15}. Best is trial 9 with value: 0.7540397082023692.
[I 2026-01-04 01:28:41,734] Trial 17 finished with value: -0.351821028906191 and parameters: {'p_crossover': 0.5359193345413676, 'p_subtree_mutation': 0.1867300130243846, 'p_hoist_mutation': 0.04056625664298881, 'p_point_mutation': 0.17575666464127593, 'population_size': 30000, 'generations': 40, 'function_set': ['add', 'sub', 'mul', 'div', 'abs', 'sqrt'], 'parsimony_coefficient': 0.00905387360603019, 'tournament_size': 15}. Best is trial 9 with value: 0.7540397082023692.
[I 2026-01-04 01:29:08,038] Trial 16 finished with value: 0.7902049166860156 and parameters: {'p_crossover': 0.5154847305503363, 'p_subtree_mutation': 0.10414215936193917, 'p_hoist_mutation': 0.0257159733781172, 'p_point_mutation': 0.24224036453860548, 'population_size': 25000, 'generations': 30, 'function_set': ['add', 'sub', 'mul', 'div', 'abs', 'sqrt'], 'parsimony_coefficient': 0.00010143735602332764, 'tournament_size': 10}. Best is trial 15 with value: 0.8464152774460387.
[I 2026-01-04 01:29:15,903] Trial 16 finished with value: 0.7986607766985379 and parameters: {'p_crossover': 0.45330584829899795, 'p_subtree_mutation': 0.17568861713855505, 'p_hoist_mutation': 0.06576665525635159, 'p_point_mutation': 0.23987769549638965, 'population_size': 30000, 'generations': 50, 'function_set': ['add', 'sub', 'mul', 'div', 'abs', 'sqrt'], 'parsimony_coefficient': 0.0001074040761915771, 'tournament_size': 15}. Best is trial 16 with value: 0.7986607766985379.
[I 2026-01-04 01:29:17,635] Trial 16 finished with value: 0.7901599327556406 and parameters: {'p_crossover': 0.45330584829899795, 'p_subtree_mutation': 0.17568861713855505, 'p_hoist_mutation': 0.06576665525635159, 'p_point_mutation': 0.23987769549638965, 'population_size': 30000, 'generations': 50, 'function_set': ['add', 'sub', 'mul', 'div', 'abs', 'sqrt'], 'parsimony_coefficient': 0.0001074040761915771, 'tournament_size': 15}. Best is trial 16 with value: 0.7901599327556406.
[I 2026-01-04 01:30:07,373] Trial 15 finished with value: 0.6784921405374515 and parameters: {'p_crossover': 0.6927476156168851, 'p_subtree_mutation': 0.1724638216158683, 'p_hoist_mutation': 0.02508297131266519, 'p_point_mutation': 0.10763646127570506, 'population_size': 20000, 'generations': 30, 'function_set': ['add', 'sub', 'mul', 'div', 'abs', 'sqrt'], 'parsimony_coefficient': 0.0005887566238745407, 'tournament_size': 15}. Best is trial 9 with value: 0.7540397082023692.
[I 2026-01-04 01:30:54,273] Trial 13 finished with value: 0.8076289773697956 and parameters: {'p_crossover': 0.4607023317423387, 'p_subtree_mutation': 0.10257653957358094, 'p_hoist_mutation': 0.024828992329462646, 'p_point_mutation': 0.34807236336998915, 'population_size': 25000, 'generations': 40, 'function_set': ['add', 'sub', 'mul', 'div', 'abs', 'sqrt'], 'parsimony_coefficient': 0.00011672711987380462, 'tournament_size': 15}. Best is trial 4 with value: 0.8314899623994423.
[I 2026-01-04 01:31:17,722] Trial 18 finished with value: 0.7233398585859394 and parameters: {'p_crossover': 0.4491177471351193, 'p_subtree_mutation': 0.19605595016938399, 'p_hoist_mutation': 0.0960810947783868, 'p_point_mutation': 0.18763900222983987, 'population_size': 30000, 'generations': 20, 'function_set': ['add', 'sub', 'mul', 'div', 'abs', 'sqrt'], 'parsimony_coefficient': 0.0005498202388897898, 'tournament_size': 10}. Best is trial 17 with value: 0.8137604601924502.
📊 系统监控 - 负载: (30.04, 31.12, 31.87), 内存使用率: 19.5%📊 系统监控 - 负载: (30.04, 31.1, 31.85), 内存使用率: 19.3%📊 系统监控 - 负载: (30.04, 31.1, 31.85), 内存使用率: 19.5%📊 系统监控 - 负载: (30.11, 31.1, 31.85), 内存使用率: 19.4%📊 系统监控 - 负载: (30.11, 31.1, 31.85), 内存使用率: 19.4%📊 系统监控 - 负载: (30.34, 31.13, 31.86), 内存使用率: 19.4%📊 系统监控 - 负载: (30.16, 31.08, 31.84), 内存使用率: 19.3%📊 系统监控 - 负载: (30.16, 31.08, 31.84), 内存使用率: 19.4%📊 系统监控 - 负载: (29.9, 31.01, 31.81), 内存使用率: 19.5%📊 系统监控 - 负载: (29.9, 31.01, 31.81), 内存使用率: 19.6%📊 系统监控 - 负载: (29.99, 31.01, 31.81), 内存使用率: 19.2%📊 系统监控 - 负载: (30.07, 31.01, 31.8), 内存使用率: 19.1%📊 系统监控 - 负载: (30.07, 31.01, 31.8), 内存使用率: 19.1%📊 系统监控 - 负载: (30.23, 31.03, 31.8), 内存使用率: 19.1%📊 系统监控 - 负载: (30.23, 31.03, 31.8), 内存使用率: 19.1%📊 系统监控 - 负载: (30.05, 30.97, 31.78), 内存使用率: 19.3%📊 系统监控 - 负载: (30.12, 30.98, 31.78), 内存使用率: 19.3%📊 系统监控 - 负载: (30.12, 30.98, 31.78), 内存使用率: 19.3%📊 系统监控 - 负载: (30.35, 31.01, 31.78), 内存使用率: 19.2%📊 系统监控 - 负载: (30.35, 31.01, 31.78), 内存使用率: 19.2%📊 系统监控 - 负载: (30.41, 31.01, 31.78), 内存使用率: 19.3%📊 系统监控 - 负载: (30.53, 31.03, 31.78), 内存使用率: 19.3%📊 系统监控 - 负载: (30.53, 31.03, 31.78), 内存使用率: 19.2%📊 系统监控 - 负载: (30.57, 31.03, 31.78), 内存使用率: 19.3%📊 系统监控 - 负载: (30.57, 31.03, 31.78), 内存使用率: 19.3%📊 系统监控 - 负载: (30.53, 31.01, 31.77), 内存使用率: 19.3%📊 系统监控 - 负载: (30.48, 30.99, 31.76), 内存使用率: 19.4%📊 系统监控 - 负载: (30.48, 30.99, 31.76), 内存使用率: 19.4%📊 系统监控 - 负载: (30.36, 30.96, 31.74), 内存使用率: 19.4%📊 系统监控 - 负载: (30.36, 30.96, 31.74), 内存使用率: 19.5%📊 系统监控 - 负载: (30.26, 30.93, 31.73), 内存使用率: 19.3%📊 系统监控 - 负载: (30.23, 30.91, 31.72), 内存使用率: 19.4%📊 系统监控 - 负载: (30.23, 30.91, 31.72), 内存使用率: 19.4%📊 系统监控 - 负载: (30.14, 30.88, 31.7), 内存使用率: 19.4%📊 系统监控 - 负载: (30.14, 30.88, 31.7), 内存使用率: 19.7%📊 系统监控 - 负载: (29.96, 30.83, 31.68), 内存使用率: 19.6%📊 系统监控 - 负载: (29.89, 30.8, 31.67), 内存使用率: 19.6%📊 系统监控 - 负载: (29.89, 30.8, 31.67), 内存使用率: 19.7%📊 系统监控 - 负载: (29.9, 30.79, 31.66), 内存使用率: 19.7%📊 系统监控 - 负载: (29.9, 30.79, 31.66), 内存使用率: 19.8%📊 系统监控 - 负载: (29.98, 30.79, 31.66), 内存使用率: 19.7%📊 系统监控 - 负载: (29.91, 30.76, 31.64), 内存使用率: 19.8%📊 系统监控 - 负载: (29.91, 30.76, 31.64), 内存使用率: 19.8%📊 系统监控 - 负载: (29.67, 30.7, 31.62), 内存使用率: 19.9%📊 系统监控 - 负载: (29.67, 30.7, 31.62), 内存使用率: 20.0%📊 系统监控 - 负载: (29.62, 30.67, 31.6), 内存使用率: 19.9%📊 系统监控 - 负载: (29.65, 30.66, 31.6), 内存使用率: 19.8%📊 系统监控 - 负载: (29.65, 30.66, 31.6), 内存使用率: 19.6%📊 系统监控 - 负载: (29.44, 30.6, 31.57), 内存使用率: 19.8%📊 系统监控 - 负载: (29.44, 30.6, 31.57), 内存使用率: 19.8%📊 系统监控 - 负载: (29.08, 30.51, 31.54), 内存使用率: 19.9%📊 系统监控 - 负载: (28.67, 30.4, 31.49), 内存使用率: 19.9%📊 系统监控 - 负载: (28.67, 30.4, 31.49), 内存使用率: 19.9%📊 系统监控 - 负载: (28.62, 30.36, 31.48), 内存使用率: 19.9%📊 系统监控 - 负载: (28.62, 30.36, 31.48), 内存使用率: 19.7%📊 系统监控 - 负载: (28.33, 30.27, 31.44), 内存使用率: 19.8%📊 系统监控 - 负载: (27.98, 30.16, 31.4), 内存使用率: 20.1%📊 系统监控 - 负载: (27.98, 30.16, 31.4), 内存使用率: 20.0%📊 系统监控 - 负载: (27.91, 30.11, 31.38), 内存使用率: 20.0%📊 系统监控 - 负载: (27.91, 30.11, 31.38), 内存使用率: 20.0%📊 系统监控 - 负载: (27.91, 30.08, 31.36), 内存使用率: 20.0%📊 系统监控 - 负载: (27.92, 30.04, 31.34), 内存使用率: 20.1%📊 系统监控 - 负载: (27.92, 30.04, 31.34), 内存使用率: 20.0%📊 系统监控 - 负载: (27.93, 30.01, 31.32), 内存使用率: 19.7%📊 系统监控 - 负载: (27.93, 30.01, 31.32), 内存使用率: 19.9%📊 系统监控 - 负载: (27.85, 29.96, 31.3), 内存使用率: 19.5%📊 系统监控 - 负载: (27.7, 29.89, 31.27), 内存使用率: 19.4%📊 系统监控 - 负载: (27.7, 29.89, 31.27), 内存使用率: 19.5%📊 系统监控 - 负载: (27.65, 29.85, 31.25), 内存使用率: 19.6%📊 系统监控 - 负载: (27.65, 29.85, 31.25), 内存使用率: 19.5%📊 系统监控 - 负载: (27.44, 29.76, 31.22), 内存使用率: 19.6%📊 系统监控 - 负载: (27.56, 29.75, 31.2), 内存使用率: 19.6%📊 系统监控 - 负载: (27.56, 29.75, 31.2), 内存使用率: 19.6%📊 系统监控 - 负载: (27.44, 29.69, 31.18), 内存使用率: 19.6%📊 系统监控 - 负载: (27.44, 29.69, 31.18), 内存使用率: 19.2%📊 系统监控 - 负载: (27.24, 29.61, 31.14), 内存使用率: 19.1%📊 系统监控 - 负载: (27.22, 29.57, 31.12), 内存使用率: 19.1%📊 系统监控 - 负载: (27.22, 29.57, 31.12), 内存使用率: 19.0%📊 系统监控 - 负载: (27.12, 29.51, 31.09), 内存使用率: 19.1%📊 系统监控 - 负载: (27.12, 29.51, 31.09), 内存使用率: 19.0%📊 系统监控 - 负载: (26.87, 29.42, 31.05), 内存使用率: 19.1%📊 系统监控 - 负载: (26.64, 29.33, 31.02), 内存使用率: 19.0%📊 系统监控 - 负载: (26.64, 29.33, 31.02), 内存使用率: 19.1%📊 系统监控 - 负载: (26.75, 29.31, 31.0), 内存使用率: 19.0%📊 系统监控 - 负载: (26.75, 29.31, 31.0), 内存使用率: 19.0%📊 系统监控 - 负载: (26.77, 29.27, 30.98), 内存使用率: 19.1%📊 系统监控 - 负载: (26.71, 29.21, 30.95), 内存使用率: 19.1%📊 系统监控 - 负载: (26.71, 29.21, 30.95), 内存使用率: 19.1%📊 系统监控 - 负载: (26.73, 29.18, 30.93), 内存使用率: 19.1%📊 系统监控 - 负载: (26.73, 29.18, 30.93), 内存使用率: 19.1%📊 系统监控 - 负载: (26.51, 29.09, 30.89), 内存使用率: 19.1%📊 系统监控 - 负载: (26.31, 29.01, 30.86), 内存使用率: 19.1%📊 系统监控 - 负载: (26.31, 29.01, 30.86), 内存使用率: 19.1%📊 系统监控 - 负载: (26.29, 28.96, 30.83), 内存使用率: 19.3%📊 系统监控 - 负载: (26.19, 28.89, 30.8), 内存使用率: 19.1%📊 系统监控 - 负载: (26.19, 28.89, 30.8), 内存使用率: 19.0%📊 系统监控 - 负载: (26.09, 28.83, 30.77), 内存使用率: 19.0%📊 系统监控 - 负载: (26.09, 28.83, 30.77), 内存使用率: 19.1%📊 系统监控 - 负载: (26.24, 28.81, 30.75), 内存使用率: 19.1%📊 系统监控 - 负载: (26.14, 28.75, 30.72), 内存使用率: 19.1%📊 系统监控 - 负载: (26.14, 28.75, 30.72), 内存使用率: 19.2%📊 系统监控 - 负载: (26.21, 28.72, 30.7), 内存使用率: 19.1%📊 系统监控 - 负载: (26.21, 28.72, 30.7), 内存使用率: 19.1%📊 系统监控 - 负载: (26.12, 28.66, 30.67), 内存使用率: 19.1%📊 系统监控 - 负载: (26.11, 28.61, 30.65), 内存使用率: 19.0%📊 系统监控 - 负载: (26.11, 28.61, 30.65), 内存使用率: 18.9%📊 系统监控 - 负载: (26.02, 28.55, 30.62), 内存使用率: 19.0%📊 系统监控 - 负载: (26.02, 28.55, 30.62), 内存使用率: 19.2%📊 系统监控 - 负载: (25.86, 28.48, 30.58), 内存使用率: 19.3%📊 系统监控 - 负载: (25.63, 28.39, 30.54), 内存使用率: 19.2%📊 系统监控 - 负载: (25.63, 28.39, 30.54), 内存使用率: 19.1%[I 2026-01-04 01:31:53,771] Trial 18 finished with value: 0.6255059065271578 and parameters: {'p_crossover': 0.4639850006893367, 'p_subtree_mutation': 0.10064300253747357, 'p_hoist_mutation': 0.02575576946595353, 'p_point_mutation': 0.3913854637250964, 'population_size': 15000, 'generations': 30, 'function_set': ['add', 'sub', 'mul', 'div', 'abs', 'sqrt', 'log', 'inv', 'sin', 'cos'], 'parsimony_coefficient': 0.0005498202388897898, 'tournament_size': 10}. Best is trial 9 with value: 0.7540397082023692.
[I 2026-01-04 01:31:58,520] Trial 14 finished with value: 0.12899506609724273 and parameters: {'p_crossover': 0.5028397864798949, 'p_subtree_mutation': 0.11012816917276207, 'p_hoist_mutation': 0.024020541387386688, 'p_point_mutation': 0.3628119389209192, 'population_size': 20000, 'generations': 30, 'function_set': ['add', 'sub', 'mul', 'div', 'abs', 'sqrt'], 'parsimony_coefficient': 0.004160617933755995, 'tournament_size': 15}. Best is trial 9 with value: 0.7540397082023692.
[I 2026-01-04 01:35:22,157] Trial 17 finished with value: 0.8235529516021083 and parameters: {'p_crossover': 0.4704924071848193, 'p_subtree_mutation': 0.10175559739408482, 'p_hoist_mutation': 0.06936498419028866, 'p_point_mutation': 0.3078339965203772, 'population_size': 25000, 'generations': 30, 'function_set': ['add', 'sub', 'mul', 'div', 'abs', 'sqrt'], 'parsimony_coefficient': 0.00011335431394085084, 'tournament_size': 10}. Best is trial 15 with value: 0.8464152774460387.
[I 2026-01-04 01:35:42,287] Trial 19 finished with value: 0.6758566825820718 and parameters: {'p_crossover': 0.4028650773433634, 'p_subtree_mutation': 0.2200992063432018, 'p_hoist_mutation': 0.0803908944742215, 'p_point_mutation': 0.22235785484255627, 'population_size': 30000, 'generations': 20, 'function_set': ['add', 'sub', 'mul', 'div', 'abs', 'sqrt'], 'parsimony_coefficient': 0.00013856051485105112, 'tournament_size': 15}. Best is trial 17 with value: 0.8137604601924502.
[I 2026-01-04 01:35:51,070] Trial 16 finished with value: 0.6993886629920849 and parameters: {'p_crossover': 0.48191470216071325, 'p_subtree_mutation': 0.1388117506263728, 'p_hoist_mutation': 0.09723428668438464, 'p_point_mutation': 0.18040900350253788, 'population_size': 25000, 'generations': 30, 'function_set': ['add', 'sub', 'mul', 'div', 'abs', 'sqrt'], 'parsimony_coefficient': 0.0001074040761915771, 'tournament_size': 15}. Best is trial 9 with value: 0.7540397082023692.
[I 2026-01-04 01:36:07,740] Trial 17 finished with value: 0.6077359900530874 and parameters: {'p_crossover': 0.4014220358959268, 'p_subtree_mutation': 0.1976968713412805, 'p_hoist_mutation': 0.09620582693586786, 'p_point_mutation': 0.22767798479288837, 'population_size': 30000, 'generations': 30, 'function_set': ['add', 'sub', 'mul', 'div', 'abs', 'sqrt'], 'parsimony_coefficient': 0.00011335431394085084, 'tournament_size': 15}. Best is trial 16 with value: 0.7986607766985379.
[I 2026-01-04 01:36:08,219] Trial 17 finished with value: 0.5900405401135588 and parameters: {'p_crossover': 0.4014220358959268, 'p_subtree_mutation': 0.1976968713412805, 'p_hoist_mutation': 0.09620582693586786, 'p_point_mutation': 0.22767798479288837, 'population_size': 30000, 'generations': 30, 'function_set': ['add', 'sub', 'mul', 'div', 'abs', 'sqrt'], 'parsimony_coefficient': 0.00011335431394085084, 'tournament_size': 15}. Best is trial 16 with value: 0.7901599327556406.
