[I 2026-01-04 01:36:19,139] Trial 15 finished with value: 0.6700782078452026 and parameters: {'p_crossover': 0.4685356604842782, 'p_subtree_mutation': 0.16803646747093648, 'p_hoist_mutation': 0.06669409764976833, 'p_point_mutation': 0.2555193654114683, 'population_size': 25000, 'generations': 50, 'function_set': ['add', 'sub', 'mul', 'div', 'abs', 'sqrt', 'log', 'inv', 'sin', 'cos'], 'parsimony_coefficient': 0.003801293272819374, 'tournament_size': 15}. Best is trial 9 with value: 0.7540397082023692.
📊 系统监控 - 负载: (25.9, 28.4, 30.53), 内存使用率: 19.1%📊 系统监控 - 负载: (25.9, 28.4, 30.53), 内存使用率: 19.3%📊 系统监控 - 负载: (25.99, 28.37, 30.51), 内存使用率: 19.2%📊 系统监控 - 负载: (26.07, 28.35, 30.49), 内存使用率: 19.1%📊 系统监控 - 负载: (26.07, 28.35, 30.49), 内存使用率: 19.2%📊 系统监控 - 负载: (26.06, 28.31, 30.47), 内存使用率: 19.2%📊 系统监控 - 负载: (26.06, 28.31, 30.47), 内存使用率: 19.3%📊 系统监控 - 负载: (25.9, 28.24, 30.44), 内存使用率: 19.2%📊 系统监控 - 负载: (26.06, 28.24, 30.42), 内存使用率: 19.2%📊 系统监控 - 负载: (26.06, 28.24, 30.42), 内存使用率: 19.2%📊 系统监控 - 负载: (26.06, 28.2, 30.4), 内存使用率: 19.2%📊 系统监控 - 负载: (26.06, 28.2, 30.4), 内存使用率: 19.3%📊 系统监控 - 负载: (25.97, 28.15, 30.37), 内存使用率: 19.3%📊 系统监控 - 负载: (25.58, 28.03, 30.32), 内存使用率: 19.3%📊 系统监控 - 负载: (25.58, 28.03, 30.32), 内存使用率: 19.3%📊 系统监控 - 负载: (25.61, 27.99, 30.3), 内存使用率: 19.3%📊 系统监控 - 负载: (25.61, 27.99, 30.3), 内存使用率: 19.2%📊 系统监控 - 负载: (25.8, 27.99, 30.28), 内存使用率: 19.2%📊 系统监控 - 负载: (25.74, 27.94, 30.26), 内存使用率: 19.2%📊 系统监控 - 负载: (25.74, 27.94, 30.26), 内存使用率: 19.3%📊 系统监控 - 负载: (25.76, 27.91, 30.23), 内存使用率: 19.1%📊 系统监控 - 负载: (25.76, 27.91, 30.23), 内存使用率: 19.1%📊 系统监控 - 负载: (25.62, 27.85, 30.2), 内存使用率: 19.1%📊 系统监控 - 负载: (25.73, 27.83, 30.18), 内存使用率: 19.3%📊 系统监控 - 负载: (25.73, 27.83, 30.18), 内存使用率: 19.2%📊 系统监控 - 负载: (25.59, 27.77, 30.15), 内存使用率: 19.2%📊 系统监控 - 负载: (25.59, 27.77, 30.15), 内存使用率: 19.1%📊 系统监控 - 负载: (25.7, 27.76, 30.13), 内存使用率: 19.2%📊 系统监控 - 负载: (25.65, 27.71, 30.1), 内存使用率: 19.3%📊 系统监控 - 负载: (25.65, 27.71, 30.1), 内存使用率: 19.1%📊 系统监控 - 负载: (25.52, 27.65, 30.07), 内存使用率: 19.1%📊 系统监控 - 负载: (25.52, 27.65, 30.07), 内存使用率: 19.1%📊 系统监控 - 负载: (25.31, 27.57, 30.03), 内存使用率: 19.1%📊 系统监控 - 负载: (25.05, 27.48, 29.99), 内存使用率: 19.3%📊 系统监控 - 负载: (25.05, 27.48, 29.99), 内存使用率: 19.2%📊 系统监控 - 负载: (25.04, 27.44, 29.96), 内存使用率: 19.2%📊 系统监控 - 负载: (25.04, 27.44, 29.96), 内存使用率: 18.9%📊 系统监控 - 负载: (24.96, 27.38, 29.93), 内存使用率: 19.0%📊 系统监控 - 负载: (25.12, 27.38, 29.92), 内存使用率: 19.0%📊 系统监控 - 负载: (25.12, 27.38, 29.92), 内存使用率: 19.0%📊 系统监控 - 负载: (25.11, 27.34, 29.89), 内存使用率: 19.0%📊 系统监控 - 负载: (25.11, 27.34, 29.89), 内存使用率: 19.0%📊 系统监控 - 负载: (25.19, 27.31, 29.87), 内存使用率: 19.1%📊 系统监控 - 负载: (25.09, 27.26, 29.84), 内存使用率: 19.1%📊 系统监控 - 负载: (25.09, 27.26, 29.84), 内存使用率: 19.0%📊 系统监控 - 负载: (25.16, 27.24, 29.82), 内存使用率: 19.1%📊 系统监控 - 负载: (25.16, 27.24, 29.82), 内存使用率: 19.2%📊 系统监控 - 负载: (25.23, 27.22, 29.8), 内存使用率: 19.1%📊 系统监控 - 负载: (25.21, 27.18, 29.77), 内存使用率: 19.2%📊 系统监控 - 负载: (25.21, 27.18, 29.77), 内存使用率: 19.2%📊 系统监控 - 负载: (25.35, 27.18, 29.76), 内存使用率: 19.0%📊 系统监控 - 负载: (25.35, 27.18, 29.76), 内存使用率: 19.1%📊 系统监控 - 负载: (25.25, 27.13, 29.72), 内存使用率: 19.1%📊 系统监控 - 负载: (24.91, 27.02, 29.68), 内存使用率: 19.3%📊 系统监控 - 负载: (24.91, 27.02, 29.68), 内存使用率: 19.2%📊 系统监控 - 负载: (24.83, 26.97, 29.65), 内存使用率: 18.7%📊 系统监控 - 负载: (24.83, 26.97, 29.65), 内存使用率: 18.6%📊 系统监控 - 负载: (24.61, 26.89, 29.61), 内存使用率: 18.6%📊 系统监控 - 负载: (24.32, 26.79, 29.56), 内存使用率: 18.6%📊 系统监控 - 负载: (24.32, 26.79, 29.56), 内存使用率: 18.7%📊 系统监控 - 负载: (24.37, 26.76, 29.54), 内存使用率: 18.6%📊 系统监控 - 负载: (24.37, 26.76, 29.54), 内存使用率: 18.7%📊 系统监控 - 负载: (24.26, 26.7, 29.5), 内存使用率: 18.6%📊 系统监控 - 负载: (24.16, 26.64, 29.47), 内存使用率: 18.3%📊 系统监控 - 负载: (24.16, 26.64, 29.47), 内存使用率: 18.4%📊 系统监控 - 负载: (24.15, 26.6, 29.44), 内存使用率: 18.4%📊 系统监控 - 负载: (24.15, 26.6, 29.44), 内存使用率: 18.4%📊 系统监控 - 负载: (24.38, 26.6, 29.42), 内存使用率: 18.3%📊 系统监控 - 负载: (24.19, 26.53, 29.38), 内存使用率: 18.4%📊 系统监控 - 负载: (24.19, 26.53, 29.38), 内存使用率: 18.3%📊 系统监控 - 负载: (24.09, 26.47, 29.35), 内存使用率: 18.4%📊 系统监控 - 负载: (24.09, 26.47, 29.35), 内存使用率: 18.4%📊 系统监控 - 负载: (24.16, 26.44, 29.33), 内存使用率: 18.4%📊 系统监控 - 负载: (23.99, 26.37, 29.29), 内存使用率: 18.5%📊 系统监控 - 负载: (23.99, 26.37, 29.29), 内存使用率: 18.6%📊 系统监控 - 负载: (23.91, 26.31, 29.25), 内存使用率: 18.6%📊 系统监控 - 负载: (23.91, 26.31, 29.25), 内存使用率: 18.4%📊 系统监控 - 负载: (24.0, 26.29, 29.23), 内存使用率: 18.5%📊 系统监控 - 负载: (23.68, 26.19, 29.18), 内存使用率: 18.6%📊 系统监控 - 负载: (23.68, 26.19, 29.18), 内存使用率: 18.6%📊 系统监控 - 负载: (23.54, 26.12, 29.14), 内存使用率: 18.3%
✅ 维度 5D 处理成功 (已完成: 1/10)
📊 系统监控 - 负载: (23.54, 26.12, 29.14), 内存使用率: 18.3%📊 系统监控 - 负载: (23.18, 26.0, 29.09), 内存使用率: 18.3%📊 系统监控 - 负载: (23.01, 25.92, 29.04), 内存使用率: 18.3%📊 系统监控 - 负载: (23.01, 25.92, 29.04), 内存使用率: 18.2%📊 系统监控 - 负载: (22.68, 25.8, 28.99), 内存使用率: 18.3%📊 系统监控 - 负载: (22.68, 25.8, 28.99), 内存使用率: 18.3%📊 系统监控 - 负载: (22.47, 25.71, 28.94), 内存使用率: 18.3%📊 系统监控 - 负载: (22.35, 25.63, 28.9), 内存使用率: 18.1%📊 系统监控 - 负载: (22.35, 25.63, 28.9), 内存使用率: 18.1%📊 系统监控 - 负载: (22.4, 25.58, 28.87), 内存使用率: 18.2%📊 系统监控 - 负载: (22.4, 25.58, 28.87), 内存使用率: 18.3%📊 系统监控 - 负载: (22.37, 25.52, 28.83), 内存使用率: 18.1%📊 系统监控 - 负载: (22.34, 25.47, 28.79), 内存使用率: 18.2%📊 系统监控 - 负载: (22.34, 25.47, 28.79), 内存使用率: 18.1%📊 系统监控 - 负载: (21.99, 25.34, 28.73), 内存使用率: 18.2%📊 系统监控 - 负载: (21.99, 25.34, 28.73), 内存使用率: 18.1%📊 系统监控 - 负载: (21.99, 25.29, 28.7), 内存使用率: 18.0%📊 系统监控 - 负载: (21.83, 25.2, 28.65), 内存使用率: 18.1%📊 系统监控 - 负载: (21.83, 25.2, 28.65), 内存使用率: 18.1%📊 系统监控 - 负载: (21.85, 25.14, 28.62), 内存使用率: 18.1%📊 系统监控 - 负载: (21.85, 25.14, 28.62), 内存使用率: 18.1%📊 系统监控 - 负载: (22.02, 25.13, 28.59), 内存使用率: 18.2%📊 系统监控 - 负载: (22.02, 25.07, 28.56), 内存使用率: 18.1%📊 系统监控 - 负载: (22.02, 25.07, 28.56), 内存使用率: 18.1%📊 系统监控 - 负载: (21.86, 24.99, 28.51), 内存使用率: 18.1%📊 系统监控 - 负载: (21.86, 24.99, 28.51), 内存使用率: 18.4%📊 系统监控 - 负载: (21.79, 24.92, 28.47), 内存使用率: 18.1%📊 系统监控 - 负载: (21.97, 24.91, 28.45), 内存使用率: 18.1%📊 系统监控 - 负载: (21.97, 24.91, 28.45), 内存使用率: 18.2%[I 2026-01-04 01:37:43,533] Trial 17 finished with value: -0.14717668102838932 and parameters: {'p_crossover': 0.4014220358959268, 'p_subtree_mutation': 0.19821394436756026, 'p_hoist_mutation': 0.05831866483779764, 'p_point_mutation': 0.2609478368312379, 'population_size': 15000, 'generations': 20, 'function_set': ['add', 'sub', 'mul', 'div', 'abs', 'sqrt'], 'parsimony_coefficient': 0.003138108340151624, 'tournament_size': 15}. Best is trial 9 with value: 0.7540397082023692.
[I 2026-01-04 01:39:35,541] Trial 18 finished with value: 0.6631396771029712 and parameters: {'p_crossover': 0.48636218733131964, 'p_subtree_mutation': 0.14446927138022553, 'p_hoist_mutation': 0.06628107740731827, 'p_point_mutation': 0.17720409112632768, 'population_size': 30000, 'generations': 20, 'function_set': ['add', 'sub', 'mul', 'div', 'abs', 'sqrt', 'log', 'inv', 'sin', 'cos'], 'parsimony_coefficient': 0.00024117984567695447, 'tournament_size': 10}. Best is trial 15 with value: 0.8464152774460387.
[I 2026-01-04 01:40:49,479] Trial 16 finished with value: 0.7478044782978457 and parameters: {'p_crossover': 0.41658073647250143, 'p_subtree_mutation': 0.14320946277099975, 'p_hoist_mutation': 0.09723428668438464, 'p_point_mutation': 0.2820881457692326, 'population_size': 20000, 'generations': 30, 'function_set': ['add', 'sub', 'mul', 'div', 'abs', 'sqrt'], 'parsimony_coefficient': 0.0001074040761915771, 'tournament_size': 15}. Best is trial 9 with value: 0.7540397082023692.
[I 2026-01-04 01:40:50,159] Trial 19 finished with value: 0.3627606319013315 and parameters: {'p_crossover': 0.6971724617514127, 'p_subtree_mutation': 0.1526884959733074, 'p_hoist_mutation': 0.02069451855817415, 'p_point_mutation': 0.11361793732555103, 'population_size': 25000, 'generations': 50, 'function_set': ['add', 'sub', 'mul', 'div', 'abs', 'sqrt'], 'parsimony_coefficient': 0.002813820638697426, 'tournament_size': 15}. Best is trial 9 with value: 0.7540397082023692.
📊 系统监控 - 负载: (21.89, 24.84, 28.41), 内存使用率: 18.2%📊 系统监控 - 负载: (21.89, 24.84, 28.41), 内存使用率: 18.1%📊 系统监控 - 负载: (21.74, 24.76, 28.36), 内存使用率: 18.2%📊 系统监控 - 负载: (21.84, 24.73, 28.33), 内存使用率: 18.1%📊 系统监控 - 负载: (21.84, 24.73, 28.33), 内存使用率: 18.2%📊 系统监控 - 负载: (21.93, 24.7, 28.3), 内存使用率: 18.3%📊 系统监控 - 负载: (21.93, 24.7, 28.3), 内存使用率: 18.2%📊 系统监控 - 负载: (21.78, 24.63, 28.26), 内存使用率: 18.2%📊 系统监控 - 负载: (21.63, 24.55, 28.21), 内存使用率: 18.3%📊 系统监控 - 负载: (21.63, 24.55, 28.21), 内存使用率: 18.1%📊 系统监控 - 负载: (21.66, 24.51, 28.18), 内存使用率: 18.1%📊 系统监控 - 负载: (21.66, 24.51, 28.18), 内存使用率: 18.2%📊 系统监控 - 负载: (21.77, 24.48, 28.15), 内存使用率: 18.3%📊 系统监控 - 负载: (21.71, 24.42, 28.11), 内存使用率: 18.3%📊 系统监控 - 负载: (21.71, 24.42, 28.11), 内存使用率: 18.3%📊 系统监控 - 负载: (21.73, 24.38, 28.08), 内存使用率: 18.2%📊 系统监控 - 负载: (21.73, 24.38, 28.08), 内存使用率: 18.2%📊 系统监控 - 负载: (21.59, 24.31, 28.04), 内存使用率: 18.2%📊 系统监控 - 负载: (21.63, 24.27, 28.01), 内存使用率: 18.3%📊 系统监控 - 负载: (21.63, 24.27, 28.01), 内存使用率: 18.3%📊 系统监控 - 负载: (21.66, 24.24, 27.97), 内存使用率: 18.3%📊 系统监控 - 负载: (21.66, 24.24, 27.97), 内存使用率: 18.2%📊 系统监控 - 负载: (21.84, 24.23, 27.95), 内存使用率: 18.3%📊 系统监控 - 负载: (21.62, 24.14, 27.9), 内存使用率: 18.3%📊 系统监控 - 负载: (21.62, 24.14, 27.9), 内存使用率: 18.2%📊 系统监控 - 负载: (21.49, 24.08, 27.86), 内存使用率: 18.3%📊 系统监控 - 负载: (21.49, 24.08, 27.86), 内存使用率: 18.3%📊 系统监控 - 负载: (21.37, 24.01, 27.82), 内存使用率: 18.4%📊 系统监控 - 负载: (21.34, 23.96, 27.78), 内存使用率: 18.4%📊 系统监控 - 负载: (21.34, 23.96, 27.78), 内存使用率: 18.4%📊 系统监控 - 负载: (21.47, 23.94, 27.76), 内存使用率: 18.3%📊 系统监控 - 负载: (21.47, 23.94, 27.76), 内存使用率: 18.3%📊 系统监控 - 负载: (21.51, 23.91, 27.73), 内存使用率: 18.4%📊 系统监控 - 负载: (21.23, 23.81, 27.67), 内存使用率: 18.4%📊 系统监控 - 负载: (21.23, 23.81, 27.67), 内存使用率: 18.3%📊 系统监控 - 负载: (21.37, 23.8, 27.65), 内存使用率: 18.3%📊 系统监控 - 负载: (21.37, 23.8, 27.65), 内存使用率: 18.3%📊 系统监控 - 负载: (21.5, 23.79, 27.62), 内存使用率: 18.3%📊 系统监控 - 负载: (21.62, 23.77, 27.6), 内存使用率: 18.4%📊 系统监控 - 负载: (21.62, 23.77, 27.6), 内存使用率: 18.2%📊 系统监控 - 负载: (21.57, 23.73, 27.56), 内存使用率: 18.4%📊 系统监控 - 负载: (21.57, 23.73, 27.56), 内存使用率: 18.4%📊 系统监控 - 负载: (21.53, 23.68, 27.53), 内存使用率: 18.4%📊 系统监控 - 负载: (21.57, 23.65, 27.5), 内存使用率: 18.3%📊 系统监控 - 负载: (21.57, 23.65, 27.5), 内存使用率: 18.2%📊 系统监控 - 负载: (21.68, 23.64, 27.47), 内存使用率: 18.0%📊 系统监控 - 负载: (21.68, 23.64, 27.47), 内存使用率: 17.9%📊 系统监控 - 负载: (21.47, 23.56, 27.43), 内存使用率: 18.0%📊 系统监控 - 负载: (21.67, 23.57, 27.41), 内存使用率: 17.9%📊 系统监控 - 负载: (21.67, 23.57, 27.41), 内存使用率: 18.0%📊 系统监控 - 负载: (21.62, 23.53, 27.38), 内存使用率: 17.9%📊 系统监控 - 负载: (21.41, 23.45, 27.33), 内存使用率: 18.1%📊 系统监控 - 负载: (21.41, 23.45, 27.33), 内存使用率: 18.0%📊 系统监控 - 负载: (21.29, 23.4, 27.29), 内存使用率: 17.9%📊 系统监控 - 负载: (21.29, 23.4, 27.29), 内存使用率: 18.0%📊 系统监控 - 负载: (21.35, 23.37, 27.26), 内存使用率: 18.0%📊 系统监控 - 负载: (21.48, 23.37, 27.24), 内存使用率: 18.1%📊 系统监控 - 负载: (21.48, 23.37, 27.24), 内存使用率: 17.9%📊 系统监控 - 负载: (21.6, 23.36, 27.22), 内存使用率: 17.9%📊 系统监控 - 负载: (21.6, 23.36, 27.22), 内存使用率: 18.0%📊 系统监控 - 负载: (21.48, 23.31, 27.18), 内存使用率: 18.2%📊 系统监控 - 负载: (21.52, 23.28, 27.15), 内存使用率: 18.0%📊 系统监控 - 负载: (21.52, 23.28, 27.15), 内存使用率: 18.1%📊 系统监控 - 负载: (21.64, 23.28, 27.13), 内存使用率: 18.1%📊 系统监控 - 负载: (21.64, 23.28, 27.13), 内存使用率: 18.0%📊 系统监控 - 负载: (21.43, 23.21, 27.09), 内存使用率: 18.0%📊 系统监控 - 负载: (21.55, 23.2, 27.06), 内存使用率: 18.1%📊 系统监控 - 负载: (21.55, 23.2, 27.06), 内存使用率: 18.0%📊 系统监控 - 负载: (21.59, 23.18, 27.04), 内存使用率: 18.0%📊 系统监控 - 负载: (21.59, 23.18, 27.04), 内存使用率: 18.1%📊 系统监控 - 负载: (21.7, 23.18, 27.01), 内存使用率: 17.8%📊 系统监控 - 负载: (21.96, 23.21, 27.0), 内存使用率: 17.7%📊 系统监控 - 负载: (21.96, 23.21, 27.0), 内存使用率: 17.7%📊 系统监控 - 负载: (21.81, 23.16, 26.97), 内存使用率: 17.7%📊 系统监控 - 负载: (21.81, 23.16, 26.97), 内存使用率: 17.9%📊 系统监控 - 负载: (21.9, 23.16, 26.94), 内存使用率: 17.7%📊 系统监控 - 负载: (21.91, 23.14, 26.92), 内存使用率: 17.8%📊 系统监控 - 负载: (21.91, 23.14, 26.92), 内存使用率: 17.9%📊 系统监控 - 负载: (21.84, 23.1, 26.89), 内存使用率: 17.9%📊 系统监控 - 负载: (21.84, 23.1, 26.89), 内存使用率: 17.7%📊 系统监控 - 负载: (22.01, 23.12, 26.87), 内存使用率: 17.7%📊 系统监控 - 负载: (22.01, 23.1, 26.84), 内存使用率: 17.8%📊 系统监控 - 负载: (22.01, 23.1, 26.84), 内存使用率: 17.8%📊 系统监控 - 负载: (21.69, 23.01, 26.8), 内存使用率: 17.9%📊 系统监控 - 负载: (21.69, 23.01, 26.8), 内存使用率: 17.9%📊 系统监控 - 负载: (21.63, 22.98, 26.77), 内存使用率: 17.9%📊 系统监控 - 负载: (21.42, 22.91, 26.72), 内存使用率: 18.0%📊 系统监控 - 负载: (21.42, 22.91, 26.72), 内存使用率: 17.9%📊 系统监控 - 负载: (21.47, 22.9, 26.7), 内存使用率: 17.8%📊 系统监控 - 负载: (21.47, 22.9, 26.7), 内存使用率: 18.0%📊 系统监控 - 负载: (21.67, 22.92, 26.68), 内存使用率: 17.8%📊 系统监控 - 负载: (21.46, 22.85, 26.64), 内存使用率: 17.9%📊 系统监控 - 负载: (21.46, 22.85, 26.64), 内存使用率: 18.0%📊 系统监控 - 负载: (21.5, 22.84, 26.62), 内存使用率: 17.8%📊 系统监控 - 负载: (21.5, 22.84, 26.62), 内存使用率: 17.8%📊 系统监控 - 负载: (21.46, 22.81, 26.59), 内存使用率: 17.9%📊 系统监控 - 负载: (21.26, 22.75, 26.55), 内存使用率: 17.8%📊 系统监控 - 负载: (21.26, 22.75, 26.55), 内存使用率: 18.0%📊 系统监控 - 负载: (21.48, 22.77, 26.53), 内存使用率: 17.9%📊 系统监控 - 负载: (21.48, 22.77, 26.53), 内存使用率: 18.0%📊 系统监控 - 负载: (21.53, 22.75, 26.51), 内存使用率: 18.0%📊 系统监控 - 负载: (21.4, 22.71, 26.47), 内存使用率: 17.9%📊 系统监控 - 负载: (21.4, 22.71, 26.47), 内存使用率: 17.9%📊 系统监控 - 负载: (21.61, 22.73, 26.46), 内存使用率: 17.9%📊 系统监控 - 负载: (21.61, 22.73, 26.46), 内存使用率: 17.9%📊 系统监控 - 负载: (21.56, 22.7, 26.43), 内存使用率: 17.9%📊 系统监控 - 负载: (21.52, 22.67, 26.4), 内存使用率: 17.9%📊 系统监控 - 负载: (21.52, 22.67, 26.4), 内存使用率: 17.9%📊 系统监控 - 负载: (21.4, 22.63, 26.37), 内存使用率: 18.0%📊 系统监控 - 负载: (21.4, 22.63, 26.37), 内存使用率: 18.0%📊 系统监控 - 负载: (21.36, 22.6, 26.34), 内存使用率: 18.0%[I 2026-01-04 01:44:26,754] Trial 15 finished with value: 0.6738230493262918 and parameters: {'p_crossover': 0.4685356604842782, 'p_subtree_mutation': 0.16803646747093648, 'p_hoist_mutation': 0.06669409764976833, 'p_point_mutation': 0.2555193654114683, 'population_size': 25000, 'generations': 50, 'function_set': ['add', 'sub', 'mul', 'div', 'abs', 'sqrt', 'log', 'inv', 'sin', 'cos'], 'parsimony_coefficient': 0.003801293272819374, 'tournament_size': 15}. Best is trial 9 with value: 0.7540397082023692.
[I 2026-01-04 01:44:45,605] Trial 18 finished with value: 0.7292991676819307 and parameters: {'p_crossover': 0.6273990921841212, 'p_subtree_mutation': 0.16965679611635812, 'p_hoist_mutation': 0.06840564508204969, 'p_point_mutation': 0.06705925955189627, 'population_size': 30000, 'generations': 30, 'function_set': ['add', 'sub', 'mul', 'div', 'abs', 'sqrt'], 'parsimony_coefficient': 0.000460280564169032, 'tournament_size': 10}. Best is trial 9 with value: 0.7540397082023692.
[I 2026-01-04 01:44:47,164] Trial 14 finished with value: 0.6355466242184674 and parameters: {'p_crossover': 0.46814170349526363, 'p_subtree_mutation': 0.11555452665476386, 'p_hoist_mutation': 0.024020541387386688, 'p_point_mutation': 0.39206500190247295, 'population_size': 30000, 'generations': 40, 'function_set': ['add', 'sub', 'mul', 'div', 'abs', 'sqrt'], 'parsimony_coefficient': 0.0006013837899177982, 'tournament_size': 15}. Best is trial 4 with value: 0.8314899623994423.
[I 2026-01-04 01:45:42,974] Trial 19 finished with value: 0.7503802956176622 and parameters: {'p_crossover': 0.5489444011639626, 'p_subtree_mutation': 0.1721358394011113, 'p_hoist_mutation': 0.09462242293292746, 'p_point_mutation': 0.1373583158359934, 'population_size': 25000, 'generations': 30, 'function_set': ['add', 'sub', 'mul', 'div', 'abs', 'sqrt'], 'parsimony_coefficient': 0.00016862989906409802, 'tournament_size': 10}. Best is trial 15 with value: 0.8464152774460387.
[I 2026-01-04 01:46:55,234] Trial 19 finished with value: 0.6747886830717205 and parameters: {'p_crossover': 0.6995045544487177, 'p_subtree_mutation': 0.15105368409637018, 'p_hoist_mutation': 0.03929285454086027, 'p_point_mutation': 0.05038123462979191, 'population_size': 15000, 'generations': 20, 'function_set': ['add', 'sub', 'mul', 'div', 'abs', 'sqrt'], 'parsimony_coefficient': 0.000863077628352016, 'tournament_size': 15}. Best is trial 9 with value: 0.7540397082023692.
[I 2026-01-04 01:47:20,740] Trial 18 finished with value: 0.7600139186271675 and parameters: {'p_crossover': 0.4456164786122544, 'p_subtree_mutation': 0.14446927138022553, 'p_hoist_mutation': 0.06628107740731827, 'p_point_mutation': 0.26940463328519637, 'population_size': 30000, 'generations': 50, 'function_set': ['add', 'sub', 'mul', 'div', 'abs', 'sqrt'], 'parsimony_coefficient': 0.0005498202388897898, 'tournament_size': 10}. Best is trial 16 with value: 0.7901599327556406.
[I 2026-01-04 01:47:21,496] Trial 18 finished with value: 0.7745072177186614 and parameters: {'p_crossover': 0.4456164786122544, 'p_subtree_mutation': 0.14446927138022553, 'p_hoist_mutation': 0.06628107740731827, 'p_point_mutation': 0.26940463328519637, 'population_size': 30000, 'generations': 50, 'function_set': ['add', 'sub', 'mul', 'div', 'abs', 'sqrt'], 'parsimony_coefficient': 0.0005498202388897898, 'tournament_size': 10}. Best is trial 16 with value: 0.7986607766985379.
[I 2026-01-04 01:47:44,415] Trial 17 finished with value: 0.8354501789566917 and parameters: {'p_crossover': 0.4014220358959268, 'p_subtree_mutation': 0.19821394436756026, 'p_hoist_mutation': 0.098614093764019, 'p_point_mutation': 0.23240399344434298, 'population_size': 30000, 'generations': 30, 'function_set': ['add', 'sub', 'mul', 'div', 'abs', 'sqrt'], 'parsimony_coefficient': 0.00011335431394085084, 'tournament_size': 15}. Best is trial 17 with value: 0.8354501789566917.
📊 系统监控 - 负载: (21.41, 22.59, 26.32), 内存使用率: 17.9%📊 系统监控 - 负载: (21.41, 22.59, 26.32), 内存使用率: 17.9%📊 系统监控 - 负载: (21.22, 22.53, 26.28), 内存使用率: 18.0%📊 系统监控 - 负载: (21.22, 22.53, 26.28), 内存使用率: 17.9%📊 系统监控 - 负载: (21.04, 22.47, 26.24), 内存使用率: 18.1%📊 系统监控 - 负载: (21.04, 22.45, 26.21), 内存使用率: 18.1%📊 系统监控 - 负载: (21.04, 22.45, 26.21), 内存使用率: 18.1%📊 系统监控 - 负载: (20.88, 22.39, 26.17), 内存使用率: 18.0%📊 系统监控 - 负载: (20.88, 22.39, 26.17), 内存使用率: 18.0%📊 系统监控 - 负载: (20.81, 22.35, 26.14), 内存使用率: 18.1%📊 系统监控 - 负载: (20.82, 22.33, 26.11), 内存使用率: 18.0%
✅ 维度 9D 处理成功 (已完成: 2/10)
