[I 2026-01-04 00:14:32,567] Trial 2 finished with value: 0.5969755919863878 and parameters: {'p_crossover': 0.5835558684167138, 'p_subtree_mutation': 0.12789877213040837, 'p_hoist_mutation': 0.03629301836816964, 'p_point_mutation': 0.12409754049025817, 'population_size': 15000, 'generations': 40, 'function_set': ['add', 'sub', 'mul', 'div', 'abs', 'sqrt', 'log', 'inv', 'sin', 'cos'], 'parsimony_coefficient': 0.0015304852121831463, 'tournament_size': 5}. Best is trial 2 with value: 0.5969755919863878.
[I 2026-01-04 00:14:37,761] Trial 2 finished with value: 0.512434065447287 and parameters: {'p_crossover': 0.5835558684167138, 'p_subtree_mutation': 0.12789877213040837, 'p_hoist_mutation': 0.03629301836816964, 'p_point_mutation': 0.12409754049025817, 'population_size': 15000, 'generations': 40, 'function_set': ['add', 'sub', 'mul', 'div', 'abs', 'sqrt', 'log', 'inv', 'sin', 'cos'], 'parsimony_coefficient': 0.0015304852121831463, 'tournament_size': 5}. Best is trial 2 with value: 0.512434065447287.
[I 2026-01-04 00:16:45,876] Trial 2 finished with value: 0.7177153126963034 and parameters: {'p_crossover': 0.5835558684167138, 'p_subtree_mutation': 0.12789877213040837, 'p_hoist_mutation': 0.03629301836816964, 'p_point_mutation': 0.12409754049025817, 'population_size': 15000, 'generations': 40, 'function_set': ['add', 'sub', 'mul', 'div', 'abs', 'sqrt', 'log', 'inv', 'sin', 'cos'], 'parsimony_coefficient': 0.0015304852121831463, 'tournament_size': 5}. Best is trial 2 with value: 0.7177153126963034.
[I 2026-01-04 00:16:54,118] Trial 2 finished with value: 0.5338073481441198 and parameters: {'p_crossover': 0.5835558684167138, 'p_subtree_mutation': 0.12789877213040837, 'p_hoist_mutation': 0.03629301836816964, 'p_point_mutation': 0.12409754049025817, 'population_size': 15000, 'generations': 40, 'function_set': ['add', 'sub', 'mul', 'div', 'abs', 'sqrt', 'log', 'inv', 'sin', 'cos'], 'parsimony_coefficient': 0.0015304852121831463, 'tournament_size': 5}. Best is trial 2 with value: 0.5338073481441198.
[I 2026-01-04 00:17:28,550] Trial 2 finished with value: 0.7081331884936131 and parameters: {'p_crossover': 0.5835558684167138, 'p_subtree_mutation': 0.12789877213040837, 'p_hoist_mutation': 0.03629301836816964, 'p_point_mutation': 0.12409754049025817, 'population_size': 15000, 'generations': 40, 'function_set': ['add', 'sub', 'mul', 'div', 'abs', 'sqrt', 'log', 'inv', 'sin', 'cos'], 'parsimony_coefficient': 0.0015304852121831463, 'tournament_size': 5}. Best is trial 2 with value: 0.7081331884936131.
[I 2026-01-04 00:18:22,883] Trial 2 finished with value: 0.4565761488528516 and parameters: {'p_crossover': 0.5835558684167138, 'p_subtree_mutation': 0.12789877213040837, 'p_hoist_mutation': 0.03629301836816964, 'p_point_mutation': 0.12409754049025817, 'population_size': 15000, 'generations': 40, 'function_set': ['add', 'sub', 'mul', 'div', 'abs', 'sqrt', 'log', 'inv', 'sin', 'cos'], 'parsimony_coefficient': 0.0015304852121831463, 'tournament_size': 5}. Best is trial 2 with value: 0.4565761488528516.
📊 系统监控 - 负载: (33.14, 38.65, 56.05), 内存使用率: 17.2%📊 系统监控 - 负载: (33.14, 38.65, 56.05), 内存使用率: 17.2%📊 系统监控 - 负载: (33.29, 38.59, 55.93), 内存使用率: 17.2%📊 系统监控 - 负载: (33.29, 38.59, 55.93), 内存使用率: 17.4%📊 系统监控 - 负载: (33.18, 38.48, 55.81), 内存使用率: 17.4%📊 系统监控 - 负载: (33.41, 38.44, 55.7), 内存使用率: 17.4%📊 系统监控 - 负载: (33.41, 38.44, 55.7), 内存使用率: 17.4%📊 系统监控 - 负载: (33.3, 38.33, 55.57), 内存使用率: 17.5%📊 系统监控 - 负载: (33.3, 38.33, 55.57), 内存使用率: 17.5%📊 系统监控 - 负载: (33.67, 38.33, 55.48), 内存使用率: 17.6%📊 系统监控 - 负载: (33.3, 38.17, 55.34), 内存使用率: 17.6%📊 系统监控 - 负载: (33.3, 38.17, 55.34), 内存使用率: 17.4%📊 系统监控 - 负载: (33.11, 38.05, 55.21), 内存使用率: 17.6%📊 系统监控 - 负载: (33.11, 38.05, 55.21), 内存使用率: 17.5%📊 系统监控 - 负载: (32.86, 37.92, 55.07), 内存使用率: 17.3%📊 系统监控 - 负载: (32.96, 37.86, 54.96), 内存使用率: 17.3%📊 系统监控 - 负载: (32.96, 37.86, 54.96), 内存使用率: 17.3%📊 系统监控 - 负载: (32.64, 37.71, 54.82), 内存使用率: 17.5%📊 系统监控 - 负载: (32.64, 37.71, 54.82), 内存使用率: 17.3%📊 系统监控 - 负载: (32.67, 37.63, 54.7), 内存使用率: 17.4%📊 系统监控 - 负载: (32.85, 37.59, 54.59), 内存使用率: 17.5%📊 系统监控 - 负载: (32.85, 37.59, 54.59), 内存使用率: 17.4%📊 系统监控 - 负载: (33.11, 37.56, 54.49), 内存使用率: 17.4%📊 系统监控 - 负载: (33.11, 37.56, 54.49), 内存使用率: 17.3%📊 系统监控 - 负载: (33.34, 37.53, 54.39), 内存使用率: 17.4%📊 系统监控 - 负载: (33.39, 37.48, 54.29), 内存使用率: 17.6%📊 系统监控 - 负载: (33.39, 37.48, 54.29), 内存使用率: 17.5%📊 系统监控 - 负载: (33.44, 37.42, 54.18), 内存使用率: 17.4%📊 系统监控 - 负载: (33.44, 37.42, 54.18), 内存使用率: 17.4%📊 系统监控 - 负载: (33.49, 37.36, 54.07), 内存使用率: 17.6%📊 系统监控 - 负载: (33.85, 37.37, 53.98), 内存使用率: 17.5%📊 系统监控 - 负载: (33.85, 37.37, 53.98), 内存使用率: 17.6%📊 系统监控 - 负载: (33.94, 37.33, 53.88), 内存使用率: 17.5%📊 系统监控 - 负载: (33.94, 37.33, 53.88), 内存使用率: 17.8%📊 系统监控 - 负载: (33.94, 37.28, 53.77), 内存使用率: 17.5%📊 系统监控 - 负载: (34.03, 37.24, 53.67), 内存使用率: 17.6%📊 系统监控 - 负载: (34.03, 37.24, 53.67), 内存使用率: 17.7%📊 系统监控 - 负载: (33.95, 37.17, 53.56), 内存使用率: 17.7%📊 系统监控 - 负载: (33.95, 37.17, 53.56), 内存使用率: 17.7%📊 系统监控 - 负载: (34.11, 37.15, 53.47), 内存使用率: 17.7%📊 系统监控 - 负载: (34.26, 37.13, 53.37), 内存使用率: 17.9%📊 系统监控 - 负载: (34.26, 37.13, 53.37), 内存使用率: 17.7%📊 系统监控 - 负载: (33.84, 37.0, 53.24), 内存使用率: 17.9%📊 系统监控 - 负载: (33.84, 37.0, 53.24), 内存使用率: 17.7%📊 系统监控 - 负载: (34.09, 37.0, 53.15), 内存使用率: 17.8%📊 系统监控 - 负载: (34.01, 36.93, 53.05), 内存使用率: 18.0%📊 系统监控 - 负载: (34.01, 36.93, 53.05), 内存使用率: 18.0%📊 系统监控 - 负载: (34.25, 36.93, 52.96), 内存使用率: 17.7%📊 系统监控 - 负载: (34.25, 36.93, 52.96), 内存使用率: 17.8%📊 系统监控 - 负载: (34.31, 36.9, 52.86), 内存使用率: 17.9%📊 系统监控 - 负载: (34.2, 36.83, 52.76), 内存使用率: 17.9%📊 系统监控 - 负载: (34.2, 36.83, 52.76), 内存使用率: 17.9%📊 系统监控 - 负载: (34.35, 36.82, 52.67), 内存使用率: 17.9%📊 系统监控 - 负载: (34.35, 36.82, 52.67), 内存使用率: 17.9%📊 系统监控 - 负载: (34.32, 36.77, 52.57), 内存使用率: 18.0%📊 系统监控 - 负载: (33.97, 36.66, 52.45), 内存使用率: 18.1%📊 系统监控 - 负载: (33.97, 36.66, 52.45), 内存使用率: 17.9%📊 系统监控 - 负载: (34.05, 36.63, 52.35), 内存使用率: 18.0%📊 系统监控 - 负载: (34.05, 36.63, 52.35), 内存使用率: 18.0%📊 系统监控 - 负载: (34.13, 36.61, 52.26), 内存使用率: 18.0%📊 系统监控 - 负载: (34.28, 36.6, 52.17), 内存使用率: 17.9%📊 系统监控 - 负载: (34.28, 36.6, 52.17), 内存使用率: 17.8%📊 系统监控 - 负载: (34.18, 36.54, 52.07), 内存使用率: 18.0%📊 系统监控 - 负载: (34.18, 36.54, 52.07), 内存使用率: 18.1%📊 系统监控 - 负载: (34.16, 36.49, 51.97), 内存使用率: 18.2%📊 系统监控 - 负载: (34.39, 36.5, 51.89), 内存使用率: 17.9%📊 系统监控 - 负载: (34.39, 36.5, 51.89), 内存使用率: 18.0%📊 系统监控 - 负载: (34.36, 36.46, 51.79), 内存使用率: 18.2%📊 系统监控 - 负载: (34.36, 36.46, 51.79), 内存使用率: 18.1%📊 系统监控 - 负载: (34.01, 36.35, 51.68), 内存使用率: 18.3%📊 系统监控 - 负载: (34.25, 36.36, 51.6), 内存使用率: 18.0%📊 系统监控 - 负载: (34.25, 36.36, 51.6), 内存使用率: 18.0%📊 系统监控 - 负载: (34.23, 36.33, 51.5), 内存使用率: 18.1%📊 系统监控 - 负载: (34.23, 36.33, 51.5), 内存使用率: 18.1%📊 系统监控 - 负载: (33.57, 36.15, 51.37), 内存使用率: 18.3%📊 系统监控 - 负载: (33.68, 36.14, 51.28), 内存使用率: 18.1%📊 系统监控 - 负载: (33.68, 36.14, 51.28), 内存使用率: 18.1%📊 系统监控 - 负载: (33.87, 36.13, 51.2), 内存使用率: 18.2%📊 系统监控 - 负载: (33.87, 36.13, 51.2), 内存使用率: 18.2%📊 系统监控 - 负载: (33.56, 36.03, 51.08), 内存使用率: 18.2%📊 系统监控 - 负载: (33.35, 35.95, 50.97), 内存使用率: 18.1%📊 系统监控 - 负载: (33.35, 35.95, 50.97), 内存使用率: 18.3%📊 系统监控 - 负载: (33.33, 35.9, 50.88), 内存使用率: 18.2%📊 系统监控 - 负载: (33.33, 35.9, 50.88), 内存使用率: 18.5%📊 系统监控 - 负载: (33.54, 35.9, 50.8), 内存使用率: 18.3%📊 系统监控 - 负载: (33.74, 35.9, 50.72), 内存使用率: 18.3%📊 系统监控 - 负载: (33.74, 35.9, 50.72), 内存使用率: 18.5%📊 系统监控 - 负载: (34.0, 35.92, 50.64), 内存使用率: 18.2%📊 系统监控 - 负载: (34.0, 35.92, 50.64), 内存使用率: 18.5%📊 系统监控 - 负载: (34.24, 35.94, 50.57), 内存使用率: 18.2%📊 系统监控 - 负载: (34.06, 35.87, 50.47), 内存使用率: 18.3%📊 系统监控 - 负载: (34.06, 35.87, 50.47), 内存使用率: 18.4%📊 系统监控 - 负载: (33.97, 35.82, 50.38), 内存使用率: 18.4%📊 系统监控 - 负载: (33.97, 35.82, 50.38), 内存使用率: 18.3%📊 系统监控 - 负载: (34.14, 35.83, 50.3), 内存使用率: 18.4%📊 系统监控 - 负载: (34.29, 35.83, 50.22), 内存使用率: 18.4%📊 系统监控 - 负载: (34.29, 35.83, 50.22), 内存使用率: 18.5%📊 系统监控 - 负载: (33.94, 35.73, 50.12), 内存使用率: 18.6%📊 系统监控 - 负载: (33.94, 35.73, 50.12), 内存使用率: 18.5%📊 系统监控 - 负载: (34.11, 35.74, 50.04), 内存使用率: 18.4%📊 系统监控 - 负载: (34.26, 35.74, 49.97), 内存使用率: 18.5%📊 系统监控 - 负载: (34.26, 35.74, 49.97), 内存使用率: 18.5%📊 系统监控 - 负载: (33.84, 35.63, 49.85), 内存使用率: 18.7%📊 系统监控 - 负载: (33.84, 35.63, 49.85), 内存使用率: 18.6%📊 系统监控 - 负载: (33.93, 35.62, 49.77), 内存使用率: 18.5%📊 系统监控 - 负载: (34.02, 35.61, 49.69), 内存使用率: 18.6%📊 系统监控 - 负载: (34.02, 35.61, 49.69), 内存使用率: 18.5%📊 系统监控 - 负载: (33.85, 35.55, 49.6), 内存使用率: 18.7%📊 系统监控 - 负载: (33.85, 35.55, 49.6), 内存使用率: 18.7%📊 系统监控 - 负载: (34.11, 35.57, 49.53), 内存使用率: 18.6%📊 系统监控 - 负载: (34.18, 35.56, 49.45), 内存使用率: 18.7%📊 系统监控 - 负载: (34.18, 35.56, 49.45), 内存使用率: 18.4%📊 系统监控 - 负载: (33.44, 35.39, 49.32), 内存使用率: 18.7%📊 系统监控 - 负载: (33.44, 35.39, 49.32), 内存使用率: 18.7%📊 系统监控 - 负载: (33.49, 35.37, 49.24), 内存使用率: 18.6%📊 系统监控 - 负载: (33.69, 35.38, 49.17), 内存使用率: 18.6%📊 系统监控 - 负载: (33.69, 35.38, 49.17), 内存使用率: 18.5%📊 系统监控 - 负载: (33.47, 35.3, 49.07), 内存使用率: 18.7%📊 系统监控 - 负载: (33.47, 35.3, 49.07), 内存使用率: 18.6%📊 系统监控 - 负载: (33.52, 35.28, 48.99), 内存使用率: 18.7%📊 系统监控 - 负载: (33.55, 35.26, 48.91), 内存使用率: 18.7%📊 系统监控 - 负载: (33.55, 35.26, 48.91), 内存使用率: 18.7%📊 系统监控 - 负载: (33.43, 35.21, 48.82), 内存使用率: 18.9%📊 系统监控 - 负载: (33.48, 35.19, 48.74), 内存使用率: 18.5%📊 系统监控 - 负载: (33.48, 35.19, 48.74), 内存使用率: 18.5%📊 系统监控 - 负载: (33.68, 35.2, 48.67), 内存使用率: 18.6%📊 系统监控 - 负载: (33.68, 35.2, 48.67), 内存使用率: 18.6%📊 系统监控 - 负载: (33.62, 35.16, 48.58), 内存使用率: 18.8%📊 系统监控 - 负载: (33.81, 35.18, 48.52), 内存使用率: 18.7%📊 系统监控 - 负载: (33.81, 35.18, 48.52), 内存使用率: 18.9%📊 系统监控 - 负载: (33.99, 35.19, 48.45), 内存使用率: 18.8%📊 系统监控 - 负载: (33.99, 35.19, 48.45), 内存使用率: 18.6%📊 系统监控 - 负载: (33.67, 35.1, 48.35), 内存使用率: 18.8%📊 系统监控 - 负载: (33.54, 35.05, 48.26), 内存使用率: 18.8%📊 系统监控 - 负载: (33.54, 35.05, 48.26), 内存使用率: 18.8%📊 系统监控 - 负载: (33.73, 35.07, 48.2), 内存使用率: 18.6%📊 系统监控 - 负载: (33.73, 35.07, 48.2), 内存使用率: 18.4%📊 系统监控 - 负载: (33.51, 35.0, 48.1), 内存使用率: 18.8%📊 系统监控 - 负载: (33.47, 34.97, 48.02), 内存使用率: 18.5%📊 系统监控 - 负载: (33.47, 34.97, 48.02), 内存使用率: 18.5%📊 系统监控 - 负载: (33.6, 34.97, 47.95), 内存使用率: 18.5%📊 系统监控 - 负载: (33.6, 34.97, 47.95), 内存使用率: 18.3%📊 系统监控 - 负载: (33.39, 34.9, 47.86), 内存使用率: 18.4%📊 系统监控 - 负载: (33.52, 34.9, 47.79), 内存使用率: 18.4%📊 系统监控 - 负载: (33.52, 34.9, 47.79), 内存使用率: 18.4%📊 系统监控 - 负载: (33.64, 34.91, 47.73), 内存使用率: 18.4%📊 系统监控 - 负载: (33.64, 34.91, 47.73), 内存使用率: 18.5%📊 系统监控 - 负载: (33.26, 34.81, 47.62), 内存使用率: 18.6%📊 系统监控 - 负载: (33.32, 34.79, 47.55), 内存使用率: 18.5%📊 系统监控 - 负载: (33.32, 34.79, 47.55), 内存使用率: 18.4%📊 系统监控 - 负载: (33.46, 34.8, 47.48), 内存使用率: 18.5%📊 系统监控 - 负载: (33.46, 34.8, 47.48), 内存使用率: 18.2%📊 系统监控 - 负载: (33.26, 34.73, 47.4), 内存使用率: 18.3%📊 系统监控 - 负载: (33.16, 34.69, 47.31), 内存使用率: 18.3%📊 系统监控 - 负载: (33.16, 34.69, 47.31), 内存使用率: 18.1%📊 系统监控 - 负载: (33.23, 34.68, 47.24), 内存使用率: 18.3%📊 系统监控 - 负载: (33.23, 34.68, 47.24), 内存使用率: 18.3%📊 系统监控 - 负载: (32.89, 34.58, 47.14), 内存使用率: 18.3%📊 系统监控 - 负载: (32.98, 34.57, 47.07), 内存使用率: 18.3%📊 系统监控 - 负载: (32.98, 34.57, 47.07), 内存使用率: 18.2%📊 系统监控 - 负载: (33.06, 34.56, 47.0), 内存使用率: 18.4%📊 系统监控 - 负载: (33.06, 34.56, 47.0), 内存使用率: 18.2%📊 系统监控 - 负载: (33.13, 34.56, 46.93), 内存使用率: 18.2%📊 系统监控 - 负载: (33.36, 34.58, 46.87), 内存使用率: 18.4%📊 系统监控 - 负载: (33.36, 34.58, 46.87), 内存使用率: 18.4%📊 系统监控 - 负载: (33.25, 34.54, 46.79), 内存使用率: 18.3%📊 系统监控 - 负载: (33.25, 34.54, 46.79), 内存使用率: 18.4%📊 系统监控 - 负载: (33.55, 34.58, 46.74), 内存使用率: 18.2%📊 系统监控 - 负载: (33.59, 34.57, 46.67), 内存使用率: 18.4%📊 系统监控 - 负载: (33.59, 34.57, 46.67), 内存使用率: 18.3%📊 系统监控 - 负载: (33.7, 34.57, 46.61), 内存使用率: 18.3%📊 系统监控 - 负载: (33.7, 34.57, 46.61), 内存使用率: 18.5%📊 系统监控 - 负载: (33.65, 34.55, 46.54), 内存使用率: 18.3%📊 系统监控 - 负载: (33.6, 34.52, 46.46), 内存使用率: 18.4%📊 系统监控 - 负载: (33.6, 34.52, 46.46), 内存使用率: 18.3%📊 系统监控 - 负载: (33.71, 34.53, 46.4), 内存使用率: 18.3%📊 系统监控 - 负载: (33.71, 34.53, 46.4), 内存使用率: 18.4%📊 系统监控 - 负载: (33.65, 34.5, 46.33), 内存使用率: 18.3%📊 系统监控 - 负载: (33.2, 34.4, 46.23), 内存使用率: 18.5%📊 系统监控 - 负载: (33.2, 34.4, 46.23), 内存使用率: 18.3%📊 系统监控 - 负载: (33.26, 34.39, 46.17), 内存使用率: 18.3%📊 系统监控 - 负载: (33.26, 34.39, 46.17), 内存使用率: 18.4%📊 系统监控 - 负载: (33.24, 34.37, 46.1), 内存使用率: 18.3%📊 系统监控 - 负载: (32.98, 34.29, 46.01), 内存使用率: 18.4%📊 系统监控 - 负载: (32.98, 34.29, 46.01), 内存使用率: 18.4%📊 系统监控 - 负载: (32.82, 34.24, 45.93), 内存使用率: 18.4%📊 系统监控 - 负载: (32.82, 34.24, 45.93), 内存使用率: 18.5%📊 系统监控 - 负载: (33.08, 34.27, 45.88), 内存使用率: 18.5%📊 系统监控 - 负载: (32.83, 34.2, 45.79), 内存使用率: 18.5%📊 系统监控 - 负载: (32.83, 34.2, 45.79), 内存使用率: 18.6%📊 系统监控 - 负载: (33.0, 34.21, 45.73), 内存使用率: 18.4%📊 系统监控 - 负载: (33.0, 34.21, 45.73), 内存使用率: 18.5%📊 系统监控 - 负载: (33.16, 34.22, 45.67), 内存使用率: 18.4%📊 系统监控 - 负载: (33.15, 34.2, 45.61), 内存使用率: 18.3%📊 系统监控 - 负载: (33.15, 34.2, 45.61), 内存使用率: 18.6%📊 系统监控 - 负载: (33.3, 34.22, 45.55), 内存使用率: 18.5%📊 系统监控 - 负载: (33.3, 34.22, 45.55), 内存使用率: 18.6%📊 系统监控 - 负载: (33.03, 34.15, 45.47), 内存使用率: 18.6%📊 系统监控 - 负载: (32.95, 34.11, 45.39), 内存使用率: 18.4%📊 系统监控 - 负载: (32.95, 34.11, 45.39), 内存使用率: 18.7%📊 系统监控 - 负载: (33.04, 34.11, 45.33), 内存使用率: 18.6%📊 系统监控 - 负载: (33.04, 34.11, 45.33), 内存使用率: 18.5%📊 系统监控 - 负载: (33.11, 34.11, 45.27), 内存使用率: 18.6%📊 系统监控 - 负载: (33.02, 34.07, 45.2), 内存使用率: 18.4%📊 系统监控 - 负载: (33.02, 34.07, 45.2), 内存使用率: 18.7%📊 系统监控 - 负载: (32.94, 34.04, 45.13), 内存使用率: 18.6%📊 系统监控 - 负载: (32.94, 34.04, 45.13), 内存使用率: 18.5%📊 系统监控 - 负载: (33.19, 34.07, 45.08), 内存使用率: 18.5%📊 系统监控 - 负载: (32.93, 34.0, 45.0), 内存使用率: 18.5%📊 系统监控 - 负载: (32.93, 34.0, 45.0), 内存使用率: 18.7%📊 系统监控 - 负载: (33.02, 34.0, 44.94), 内存使用率: 18.5%📊 系统监控 - 负载: (33.02, 34.0, 44.94), 内存使用率: 18.5%📊 系统监控 - 负载: (33.26, 34.04, 44.89), 内存使用率: 18.6%📊 系统监控 - 负载: (33.08, 33.99, 44.82), 内存使用率: 18.6%📊 系统监控 - 负载: (33.08, 33.99, 44.82), 内存使用率: 18.6%📊 系统监控 - 负载: (33.23, 34.0, 44.77), 内存使用率: 18.6%📊 系统监控 - 负载: (33.23, 34.0, 44.77), 内存使用率: 18.6%📊 系统监控 - 负载: (33.37, 34.02, 44.71), 内存使用率: 18.6%📊 系统监控 - 负载: (33.34, 34.0, 44.65), 内存使用率: 18.7%📊 系统监控 - 负载: (33.34, 34.0, 44.65), 内存使用率: 18.6%📊 系统监控 - 负载: (33.15, 33.95, 44.58), 内存使用率: 18.6%📊 系统监控 - 负载: (33.15, 33.95, 44.58), 内存使用率: 18.7%[I 2026-01-04 00:26:31,225] Trial 3 finished with value: 0.3620959514598816 and parameters: {'p_crossover': 0.5822634555704315, 'p_subtree_mutation': 0.1341048247374583, 'p_hoist_mutation': 0.015854643368675158, 'p_point_mutation': 0.25664551806862285, 'population_size': 30000, 'generations': 50, 'function_set': ['add', 'sub', 'mul', 'div', 'abs', 'sqrt'], 'parsimony_coefficient': 0.0023359635026261607, 'tournament_size': 10}. Best is trial 2 with value: 0.7136517365627509.
[I 2026-01-04 00:26:31,772] Trial 3 finished with value: 0.35290407263551177 and parameters: {'p_crossover': 0.5822634555704315, 'p_subtree_mutation': 0.1341048247374583, 'p_hoist_mutation': 0.015854643368675158, 'p_point_mutation': 0.25664551806862285, 'population_size': 30000, 'generations': 50, 'function_set': ['add', 'sub', 'mul', 'div', 'abs', 'sqrt'], 'parsimony_coefficient': 0.0023359635026261607, 'tournament_size': 10}. Best is trial 2 with value: 0.6450385612477955.
[I 2026-01-04 00:26:32,355] Trial 3 finished with value: 0.32540962455557454 and parameters: {'p_crossover': 0.5822634555704315, 'p_subtree_mutation': 0.1341048247374583, 'p_hoist_mutation': 0.015854643368675158, 'p_point_mutation': 0.25664551806862285, 'population_size': 30000, 'generations': 50, 'function_set': ['add', 'sub', 'mul', 'div', 'abs', 'sqrt'], 'parsimony_coefficient': 0.0023359635026261607, 'tournament_size': 10}. Best is trial 2 with value: 0.6891420874712471.
[I 2026-01-04 00:26:32,607] Trial 3 finished with value: 0.34328814806465313 and parameters: {'p_crossover': 0.5822634555704315, 'p_subtree_mutation': 0.1341048247374583, 'p_hoist_mutation': 0.015854643368675158, 'p_point_mutation': 0.25664551806862285, 'population_size': 30000, 'generations': 50, 'function_set': ['add', 'sub', 'mul', 'div', 'abs', 'sqrt'], 'parsimony_coefficient': 0.0023359635026261607, 'tournament_size': 10}. Best is trial 2 with value: 0.6878179423142134.
[I 2026-01-04 00:26:33,506] Trial 3 finished with value: 0.3064614311468651 and parameters: {'p_crossover': 0.5822634555704315, 'p_subtree_mutation': 0.1341048247374583, 'p_hoist_mutation': 0.015854643368675158, 'p_point_mutation': 0.25664551806862285, 'population_size': 30000, 'generations': 50, 'function_set': ['add', 'sub', 'mul', 'div', 'abs', 'sqrt'], 'parsimony_coefficient': 0.0023359635026261607, 'tournament_size': 10}. Best is trial 2 with value: 0.5969755919863878.
[I 2026-01-04 00:27:01,462] Trial 3 finished with value: 0.36664740069100094 and parameters: {'p_crossover': 0.5822634555704315, 'p_subtree_mutation': 0.1341048247374583, 'p_hoist_mutation': 0.015854643368675158, 'p_point_mutation': 0.25664551806862285, 'population_size': 30000, 'generations': 50, 'function_set': ['add', 'sub', 'mul', 'div', 'abs', 'sqrt'], 'parsimony_coefficient': 0.0023359635026261607, 'tournament_size': 10}. Best is trial 2 with value: 0.512434065447287.
[I 2026-01-04 00:29:28,580] Trial 4 finished with value: 0.37990927390658874 and parameters: {'p_crossover': 0.4366114704534337, 'p_subtree_mutation': 0.19903538202225401, 'p_hoist_mutation': 0.013094966900369657, 'p_point_mutation': 0.3239402099344859, 'population_size': 10000, 'generations': 40, 'function_set': ['add', 'sub', 'mul', 'div', 'abs', 'sqrt', 'log', 'inv', 'sin', 'cos'], 'parsimony_coefficient': 0.0012399967836846098, 'tournament_size': 5}. Best is trial 2 with value: 0.7136517365627509.
[W 2026-01-04 00:29:28,580] Trial 5 failed with parameters: {'p_crossover': 0.6908753883293675, 'p_subtree_mutation': 0.2550265646722229, 'p_hoist_mutation': 0.026017539532205917} because of the following error: ValueError('The `low` value must be smaller than or equal to the `high` value (low=0.05, high=0.028080507466203726).').
Traceback (most recent call last):
  File "/home/ggx/software/anaconda3/lib/python3.10/site-packages/optuna/study/_optimize.py", line 197, in _run_trial
    value_or_values = func(trial)
  File "/home/ggx/wls/DAC-code/CR-X/HCOOH-C/oupat-ST1/2.py", line 234, in objective
    p_point_mutation = trial.suggest_float('p_point_mutation', 0.05, remaining_prob - p_hoist_mutation)
  File "/home/ggx/software/anaconda3/lib/python3.10/site-packages/optuna/trial/_trial.py", line 160, in suggest_float
    distribution = FloatDistribution(low, high, log=log, step=step)
  File "/home/ggx/software/anaconda3/lib/python3.10/site-packages/optuna/distributions.py", line 143, in __init__
    raise ValueError(
ValueError: The `low` value must be smaller than or equal to the `high` value (low=0.05, high=0.028080507466203726).
[W 2026-01-04 00:29:28,581] Trial 5 failed with value None.
[I 2026-01-04 00:29:28,945] Trial 4 finished with value: 0.3490668061111656 and parameters: {'p_crossover': 0.4366114704534337, 'p_subtree_mutation': 0.19903538202225401, 'p_hoist_mutation': 0.013094966900369657, 'p_point_mutation': 0.3239402099344859, 'population_size': 10000, 'generations': 40, 'function_set': ['add', 'sub', 'mul', 'div', 'abs', 'sqrt', 'log', 'inv', 'sin', 'cos'], 'parsimony_coefficient': 0.0012399967836846098, 'tournament_size': 5}. Best is trial 2 with value: 0.6450385612477955.
[W 2026-01-04 00:29:28,946] Trial 5 failed with parameters: {'p_crossover': 0.6908753883293675, 'p_subtree_mutation': 0.2550265646722229, 'p_hoist_mutation': 0.026017539532205917} because of the following error: ValueError('The `low` value must be smaller than or equal to the `high` value (low=0.05, high=0.028080507466203726).').
Traceback (most recent call last):
  File "/home/ggx/software/anaconda3/lib/python3.10/site-packages/optuna/study/_optimize.py", line 197, in _run_trial
    value_or_values = func(trial)
  File "/home/ggx/wls/DAC-code/CR-X/HCOOH-C/oupat-ST1/2.py", line 234, in objective
    p_point_mutation = trial.suggest_float('p_point_mutation', 0.05, remaining_prob - p_hoist_mutation)
  File "/home/ggx/software/anaconda3/lib/python3.10/site-packages/optuna/trial/_trial.py", line 160, in suggest_float
    distribution = FloatDistribution(low, high, log=log, step=step)
  File "/home/ggx/software/anaconda3/lib/python3.10/site-packages/optuna/distributions.py", line 143, in __init__
    raise ValueError(
ValueError: The `low` value must be smaller than or equal to the `high` value (low=0.05, high=0.028080507466203726).
[W 2026-01-04 00:29:28,947] Trial 5 failed with value None.
[I 2026-01-04 00:29:31,411] Trial 4 finished with value: 0.3022707504803653 and parameters: {'p_crossover': 0.4366114704534337, 'p_subtree_mutation': 0.19903538202225401, 'p_hoist_mutation': 0.013094966900369657, 'p_point_mutation': 0.3239402099344859, 'population_size': 10000, 'generations': 40, 'function_set': ['add', 'sub', 'mul', 'div', 'abs', 'sqrt', 'log', 'inv', 'sin', 'cos'], 'parsimony_coefficient': 0.0012399967836846098, 'tournament_size': 5}. Best is trial 2 with value: 0.6891420874712471.
[W 2026-01-04 00:29:31,412] Trial 5 failed with parameters: {'p_crossover': 0.6908753883293675, 'p_subtree_mutation': 0.2550265646722229, 'p_hoist_mutation': 0.026017539532205917} because of the following error: ValueError('The `low` value must be smaller than or equal to the `high` value (low=0.05, high=0.028080507466203726).').
Traceback (most recent call last):
  File "/home/ggx/software/anaconda3/lib/python3.10/site-packages/optuna/study/_optimize.py", line 197, in _run_trial
    value_or_values = func(trial)
  File "/home/ggx/wls/DAC-code/CR-X/HCOOH-C/oupat-ST1/2.py", line 234, in objective
    p_point_mutation = trial.suggest_float('p_point_mutation', 0.05, remaining_prob - p_hoist_mutation)
  File "/home/ggx/software/anaconda3/lib/python3.10/site-packages/optuna/trial/_trial.py", line 160, in suggest_float
    distribution = FloatDistribution(low, high, log=log, step=step)
  File "/home/ggx/software/anaconda3/lib/python3.10/site-packages/optuna/distributions.py", line 143, in __init__
    raise ValueError(
ValueError: The `low` value must be smaller than or equal to the `high` value (low=0.05, high=0.028080507466203726).
[W 2026-01-04 00:29:31,413] Trial 5 failed with value None.
