[I 2026-01-04 00:34:49,126] Trial 4 finished with value: 0.34459086796611876 and parameters: {'p_crossover': 0.4366114704534337, 'p_subtree_mutation': 0.19903538202225401, 'p_hoist_mutation': 0.013094966900369657, 'p_point_mutation': 0.3239402099344859, 'population_size': 10000, 'generations': 40, 'function_set': ['add', 'sub', 'mul', 'div', 'abs', 'sqrt', 'log', 'inv', 'sin', 'cos'], 'parsimony_coefficient': 0.0012399967836846098, 'tournament_size': 5}. Best is trial 2 with value: 0.7177153126963034.
[W 2026-01-04 00:34:49,127] Trial 5 failed with parameters: {'p_crossover': 0.6908753883293675, 'p_subtree_mutation': 0.2550265646722229, 'p_hoist_mutation': 0.026017539532205917} because of the following error: ValueError('The `low` value must be smaller than or equal to the `high` value (low=0.05, high=0.028080507466203726).').
Traceback (most recent call last):
  File "/home/ggx/software/anaconda3/lib/python3.10/site-packages/optuna/study/_optimize.py", line 197, in _run_trial
    value_or_values = func(trial)
  File "/home/ggx/wls/DAC-code/CR-X/HCOOH-C/oupat-ST1/2.py", line 234, in objective
    p_point_mutation = trial.suggest_float('p_point_mutation', 0.05, remaining_prob - p_hoist_mutation)
  File "/home/ggx/software/anaconda3/lib/python3.10/site-packages/optuna/trial/_trial.py", line 160, in suggest_float
    distribution = FloatDistribution(low, high, log=log, step=step)
  File "/home/ggx/software/anaconda3/lib/python3.10/site-packages/optuna/distributions.py", line 143, in __init__
    raise ValueError(
ValueError: The `low` value must be smaller than or equal to the `high` value (low=0.05, high=0.028080507466203726).
[W 2026-01-04 00:34:49,128] Trial 5 failed with value None.
[I 2026-01-04 00:34:51,909] Trial 3 finished with value: 0.33029103894091427 and parameters: {'p_crossover': 0.5822634555704315, 'p_subtree_mutation': 0.1341048247374583, 'p_hoist_mutation': 0.015854643368675158, 'p_point_mutation': 0.25664551806862285, 'population_size': 30000, 'generations': 50, 'function_set': ['add', 'sub', 'mul', 'div', 'abs', 'sqrt'], 'parsimony_coefficient': 0.0023359635026261607, 'tournament_size': 10}. Best is trial 2 with value: 0.4565761488528516.
[I 2026-01-04 00:34:53,183] Trial 4 finished with value: 0.5053129562979795 and parameters: {'p_crossover': 0.4366114704534337, 'p_subtree_mutation': 0.19903538202225401, 'p_hoist_mutation': 0.013094966900369657, 'p_point_mutation': 0.3239402099344859, 'population_size': 10000, 'generations': 40, 'function_set': ['add', 'sub', 'mul', 'div', 'abs', 'sqrt', 'log', 'inv', 'sin', 'cos'], 'parsimony_coefficient': 0.0012399967836846098, 'tournament_size': 5}. Best is trial 2 with value: 0.5338073481441198.
[W 2026-01-04 00:34:53,184] Trial 5 failed with parameters: {'p_crossover': 0.6908753883293675, 'p_subtree_mutation': 0.2550265646722229, 'p_hoist_mutation': 0.026017539532205917} because of the following error: ValueError('The `low` value must be smaller than or equal to the `high` value (low=0.05, high=0.028080507466203726).').
Traceback (most recent call last):
  File "/home/ggx/software/anaconda3/lib/python3.10/site-packages/optuna/study/_optimize.py", line 197, in _run_trial
    value_or_values = func(trial)
  File "/home/ggx/wls/DAC-code/CR-X/HCOOH-C/oupat-ST1/2.py", line 234, in objective
    p_point_mutation = trial.suggest_float('p_point_mutation', 0.05, remaining_prob - p_hoist_mutation)
  File "/home/ggx/software/anaconda3/lib/python3.10/site-packages/optuna/trial/_trial.py", line 160, in suggest_float
    distribution = FloatDistribution(low, high, log=log, step=step)
  File "/home/ggx/software/anaconda3/lib/python3.10/site-packages/optuna/distributions.py", line 143, in __init__
    raise ValueError(
ValueError: The `low` value must be smaller than or equal to the `high` value (low=0.05, high=0.028080507466203726).
[W 2026-01-04 00:34:53,185] Trial 5 failed with value None.
[I 2026-01-04 00:35:48,985] Trial 6 finished with value: 0.46414956579702327 and parameters: {'p_crossover': 0.6684482051282946, 'p_subtree_mutation': 0.21957999576221704, 'p_hoist_mutation': 0.05239321597387967, 'p_point_mutation': 0.050847632787782336, 'population_size': 10000, 'generations': 10, 'function_set': ['add', 'sub', 'mul', 'div', 'abs', 'sqrt', 'log', 'inv', 'sin', 'cos'], 'parsimony_coefficient': 0.00034889766548903674, 'tournament_size': 15}. Best is trial 2 with value: 0.7177153126963034.
[I 2026-01-04 00:35:56,355] Trial 6 finished with value: -0.0624907130206675 and parameters: {'p_crossover': 0.6684482051282946, 'p_subtree_mutation': 0.21957999576221704, 'p_hoist_mutation': 0.05239321597387967, 'p_point_mutation': 0.050847632787782336, 'population_size': 10000, 'generations': 10, 'function_set': ['add', 'sub', 'mul', 'div', 'abs', 'sqrt', 'log', 'inv', 'sin', 'cos'], 'parsimony_coefficient': 0.00034889766548903674, 'tournament_size': 15}. Best is trial 2 with value: 0.5338073481441198.
📊 系统监控 - 负载: (32.04, 32.93, 40.89), 内存使用率: 18.0%📊 系统监控 - 负载: (32.04, 32.93, 40.89), 内存使用率: 17.9%📊 系统监控 - 负载: (32.12, 32.93, 40.85), 内存使用率: 18.1%📊 系统监控 - 负载: (31.71, 32.83, 40.77), 内存使用率: 18.3%📊 系统监控 - 负载: (31.71, 32.83, 40.77), 内存使用率: 18.0%📊 系统监控 - 负载: (31.89, 32.85, 40.74), 内存使用率: 17.9%📊 系统监控 - 负载: (31.89, 32.85, 40.74), 内存使用率: 18.0%📊 系统监控 - 负载: (31.66, 32.79, 40.68), 内存使用率: 17.9%📊 系统监控 - 负载: (31.93, 32.82, 40.64), 内存使用率: 17.8%📊 系统监控 - 负载: (31.93, 32.82, 40.64), 内存使用率: 18.0%📊 系统监控 - 负载: (31.45, 32.71, 40.57), 内存使用率: 18.2%📊 系统监控 - 负载: (31.45, 32.71, 40.57), 内存使用率: 18.0%📊 系统监控 - 负载: (31.58, 32.71, 40.53), 内存使用率: 17.9%📊 系统监控 - 负载: (31.77, 32.74, 40.49), 内存使用率: 17.8%📊 系统监控 - 负载: (31.77, 32.74, 40.49), 内存使用率: 17.8%📊 系统监控 - 负载: (31.87, 32.74, 40.45), 内存使用率: 17.7%📊 系统监控 - 负载: (31.87, 32.74, 40.45), 内存使用率: 17.9%📊 系统监控 - 负载: (31.8, 32.71, 40.4), 内存使用率: 17.9%📊 系统监控 - 负载: (32.06, 32.75, 40.37), 内存使用率: 17.8%📊 系统监控 - 负载: (32.06, 32.75, 40.37), 内存使用率: 17.8%📊 系统监控 - 负载: (31.97, 32.72, 40.32), 内存使用率: 17.9%📊 系统监控 - 负载: (31.97, 32.72, 40.32), 内存使用率: 18.0%📊 系统监控 - 负载: (31.89, 32.69, 40.27), 内存使用率: 17.9%📊 系统监控 - 负载: (32.22, 32.75, 40.25), 内存使用率: 17.9%📊 系统监控 - 负载: (32.22, 32.75, 40.25), 内存使用率: 18.0%📊 系统监控 - 负载: (32.04, 32.7, 40.19), 内存使用率: 18.1%📊 系统监控 - 负载: (32.04, 32.7, 40.19), 内存使用率: 17.9%📊 系统监控 - 负载: (32.12, 32.71, 40.15), 内存使用率: 17.8%📊 系统监控 - 负载: (32.19, 32.71, 40.12), 内存使用率: 17.7%📊 系统监控 - 负载: (32.19, 32.71, 40.12), 内存使用率: 17.7%📊 系统监控 - 负载: (31.62, 32.58, 40.03), 内存使用率: 17.6%📊 系统监控 - 负载: (31.62, 32.58, 40.03), 内存使用率: 17.6%📊 系统监控 - 负载: (31.89, 32.62, 40.01), 内存使用率: 17.5%📊 系统监控 - 负载: (31.74, 32.58, 39.95), 内存使用率: 17.7%📊 系统监控 - 负载: (31.74, 32.58, 39.95), 内存使用率: 17.7%📊 系统监控 - 负载: (31.92, 32.6, 39.92), 内存使用率: 17.7%📊 系统监控 - 负载: (31.92, 32.6, 39.92), 内存使用率: 17.6%📊 系统监控 - 负载: (32.08, 32.63, 39.89), 内存使用率: 17.6%📊 系统监控 - 负载: (31.92, 32.58, 39.84), 内存使用率: 17.6%📊 系统监控 - 负载: (31.92, 32.58, 39.84), 内存使用率: 17.6%📊 系统监控 - 负载: (31.92, 32.57, 39.79), 内存使用率: 17.6%📊 系统监控 - 负载: (31.92, 32.57, 39.79), 内存使用率: 17.7%📊 系统监控 - 负载: (31.85, 32.55, 39.75), 内存使用率: 17.7%📊 系统监控 - 负载: (31.7, 32.5, 39.7), 内存使用率: 17.6%📊 系统监控 - 负载: (31.7, 32.5, 39.7), 内存使用率: 17.6%📊 系统监控 - 负载: (31.81, 32.51, 39.66), 内存使用率: 17.6%📊 系统监控 - 负载: (31.81, 32.51, 39.66), 内存使用率: 17.7%📊 系统监控 - 负载: (31.82, 32.5, 39.62), 内存使用率: 17.8%📊 系统监控 - 负载: (31.6, 32.45, 39.56), 内存使用率: 18.0%📊 系统监控 - 负载: (31.6, 32.45, 39.56), 内存使用率: 17.7%📊 系统监控 - 负载: (31.95, 32.51, 39.54), 内存使用率: 17.7%📊 系统监控 - 负载: (31.95, 32.51, 39.54), 内存使用率: 17.8%📊 系统监控 - 负载: (31.71, 32.45, 39.49), 内存使用率: 17.9%📊 系统监控 - 负载: (31.65, 32.42, 39.44), 内存使用率: 17.7%📊 系统监控 - 负载: (31.65, 32.42, 39.44), 内存使用率: 17.7%📊 系统监控 - 负载: (31.68, 32.42, 39.4), 内存使用率: 17.8%📊 系统监控 - 负载: (31.68, 32.42, 39.4), 内存使用率: 17.9%📊 系统监控 - 负载: (31.63, 32.39, 39.35), 内存使用率: 17.8%📊 系统监控 - 负载: (31.82, 32.42, 39.33), 内存使用率: 17.7%📊 系统监控 - 负载: (31.82, 32.42, 39.33), 内存使用率: 17.8%📊 系统监控 - 负载: (31.75, 32.4, 39.28), 内存使用率: 17.9%📊 系统监控 - 负载: (31.75, 32.4, 39.28), 内存使用率: 17.9%📊 系统监控 - 负载: (31.61, 32.36, 39.23), 内存使用率: 17.8%📊 系统监控 - 负载: (31.56, 32.33, 39.19), 内存使用率: 17.8%📊 系统监控 - 负载: (31.56, 32.33, 39.19), 内存使用率: 17.6%📊 系统监控 - 负载: (31.84, 32.38, 39.16), 内存使用率: 17.5%📊 系统监控 - 负载: (31.84, 32.38, 39.16), 内存使用率: 17.8%📊 系统监控 - 负载: (31.61, 32.32, 39.11), 内存使用率: 17.9%📊 系统监控 - 负载: (31.64, 32.32, 39.07), 内存使用率: 17.8%📊 系统监控 - 负载: (31.64, 32.32, 39.07), 内存使用率: 17.7%📊 系统监控 - 负载: (31.91, 32.36, 39.05), 内存使用率: 17.8%📊 系统监控 - 负载: (31.91, 32.36, 39.05), 内存使用率: 17.9%📊 系统监控 - 负载: (31.68, 32.31, 39.0), 内存使用率: 17.8%📊 系统监控 - 负载: (31.54, 32.27, 38.95), 内存使用率: 17.8%📊 系统监控 - 负载: (31.54, 32.27, 38.95), 内存使用率: 17.9%📊 系统监控 - 负载: (31.74, 32.3, 38.92), 内存使用率: 17.7%📊 系统监控 - 负载: (31.74, 32.3, 38.92), 内存使用率: 17.8%📊 系统监控 - 负载: (31.92, 32.33, 38.89), 内存使用率: 17.8%📊 系统监控 - 负载: (32.01, 32.34, 38.86), 内存使用率: 17.8%📊 系统监控 - 负载: (32.01, 32.34, 38.86), 内存使用率: 17.8%📊 系统监控 - 负载: (31.85, 32.3, 38.82), 内存使用率: 17.8%📊 系统监控 - 负载: (31.85, 32.3, 38.82), 内存使用率: 17.8%📊 系统监控 - 负载: (31.86, 32.29, 38.78), 内存使用率: 17.7%📊 系统监控 - 负载: (31.95, 32.31, 38.75), 内存使用率: 17.9%📊 系统监控 - 负载: (31.95, 32.31, 38.75), 内存使用率: 17.8%📊 系统监控 - 负载: (32.12, 32.33, 38.72), 内存使用率: 17.8%📊 系统监控 - 负载: (32.12, 32.33, 38.72), 内存使用率: 17.7%📊 系统监控 - 负载: (32.19, 32.34, 38.69), 内存使用率: 17.8%📊 系统监控 - 负载: (32.17, 32.34, 38.66), 内存使用率: 17.7%📊 系统监控 - 负载: (32.17, 32.34, 38.66), 内存使用率: 17.6%📊 系统监控 - 负载: (32.32, 32.37, 38.63), 内存使用率: 17.5%📊 系统监控 - 负载: (32.32, 32.37, 38.63), 内存使用率: 17.6%📊 系统监控 - 负载: (32.29, 32.36, 38.59), 内存使用率: 17.6%📊 系统监控 - 负载: (32.27, 32.35, 38.56), 内存使用率: 17.6%📊 系统监控 - 负载: (32.27, 32.35, 38.56), 内存使用率: 17.7%📊 系统监控 - 负载: (32.33, 32.37, 38.53), 内存使用率: 17.8%📊 系统监控 - 负载: (32.33, 32.37, 38.53), 内存使用率: 17.7%📊 系统监控 - 负载: (32.46, 32.39, 38.5), 内存使用率: 17.7%📊 系统监控 - 负载: (32.5, 32.4, 38.47), 内存使用率: 17.6%📊 系统监控 - 负载: (32.5, 32.4, 38.47), 内存使用率: 17.7%📊 系统监控 - 负载: (32.3, 32.36, 38.43), 内存使用率: 17.8%📊 系统监控 - 负载: (32.3, 32.36, 38.43), 内存使用率: 17.8%📊 系统监控 - 负载: (32.28, 32.36, 38.39), 内存使用率: 17.8%📊 系统监控 - 负载: (32.1, 32.32, 38.35), 内存使用率: 17.7%📊 系统监控 - 负载: (32.1, 32.32, 38.35), 内存使用率: 17.9%📊 系统监控 - 负载: (31.93, 32.28, 38.31), 内存使用率: 17.7%📊 系统监控 - 负载: (31.93, 32.28, 38.31), 内存使用率: 17.8%📊 系统监控 - 负载: (32.01, 32.29, 38.28), 内存使用率: 17.8%📊 系统监控 - 负载: (32.17, 32.32, 38.25), 内存使用率: 17.8%📊 系统监控 - 负载: (32.17, 32.32, 38.25), 内存使用率: 17.7%📊 系统监控 - 负载: (32.16, 32.31, 38.22), 内存使用率: 17.9%[I 2026-01-04 00:38:11,821] Trial 4 finished with value: 0.3069033679921346 and parameters: {'p_crossover': 0.4366114704534337, 'p_subtree_mutation': 0.19903538202225401, 'p_hoist_mutation': 0.013094966900369657, 'p_point_mutation': 0.3239402099344859, 'population_size': 10000, 'generations': 40, 'function_set': ['add', 'sub', 'mul', 'div', 'abs', 'sqrt', 'log', 'inv', 'sin', 'cos'], 'parsimony_coefficient': 0.0012399967836846098, 'tournament_size': 5}. Best is trial 2 with value: 0.7081331884936131.
[W 2026-01-04 00:38:11,822] Trial 5 failed with parameters: {'p_crossover': 0.6908753883293675, 'p_subtree_mutation': 0.2550265646722229, 'p_hoist_mutation': 0.026017539532205917} because of the following error: ValueError('The `low` value must be smaller than or equal to the `high` value (low=0.05, high=0.028080507466203726).').
Traceback (most recent call last):
  File "/home/ggx/software/anaconda3/lib/python3.10/site-packages/optuna/study/_optimize.py", line 197, in _run_trial
    value_or_values = func(trial)
  File "/home/ggx/wls/DAC-code/CR-X/HCOOH-C/oupat-ST1/2.py", line 234, in objective
    p_point_mutation = trial.suggest_float('p_point_mutation', 0.05, remaining_prob - p_hoist_mutation)
  File "/home/ggx/software/anaconda3/lib/python3.10/site-packages/optuna/trial/_trial.py", line 160, in suggest_float
    distribution = FloatDistribution(low, high, log=log, step=step)
  File "/home/ggx/software/anaconda3/lib/python3.10/site-packages/optuna/distributions.py", line 143, in __init__
    raise ValueError(
ValueError: The `low` value must be smaller than or equal to the `high` value (low=0.05, high=0.028080507466203726).
[W 2026-01-04 00:38:11,824] Trial 5 failed with value None.
[I 2026-01-04 00:38:21,631] Trial 7 finished with value: 0.38085432318902246 and parameters: {'p_crossover': 0.5070259980080768, 'p_subtree_mutation': 0.15618690193747614, 'p_hoist_mutation': 0.058842647484242366, 'p_point_mutation': 0.08212289531575265, 'population_size': 25000, 'generations': 10, 'function_set': ['add', 'sub', 'mul', 'div', 'abs', 'sqrt'], 'parsimony_coefficient': 0.00024970737145052745, 'tournament_size': 5}. Best is trial 2 with value: 0.5338073481441198.
[I 2026-01-04 00:38:24,950] Trial 7 finished with value: 0.567792430180815 and parameters: {'p_crossover': 0.5070259980080768, 'p_subtree_mutation': 0.15618690193747614, 'p_hoist_mutation': 0.058842647484242366, 'p_point_mutation': 0.08212289531575265, 'population_size': 25000, 'generations': 10, 'function_set': ['add', 'sub', 'mul', 'div', 'abs', 'sqrt'], 'parsimony_coefficient': 0.00024970737145052745, 'tournament_size': 5}. Best is trial 2 with value: 0.7177153126963034.
[I 2026-01-04 00:39:14,276] Trial 6 finished with value: -0.22770038592336578 and parameters: {'p_crossover': 0.6684482051282946, 'p_subtree_mutation': 0.21957999576221704, 'p_hoist_mutation': 0.05239321597387967, 'p_point_mutation': 0.050847632787782336, 'population_size': 10000, 'generations': 10, 'function_set': ['add', 'sub', 'mul', 'div', 'abs', 'sqrt', 'log', 'inv', 'sin', 'cos'], 'parsimony_coefficient': 0.00034889766548903674, 'tournament_size': 15}. Best is trial 2 with value: 0.7081331884936131.
[I 2026-01-04 00:39:29,523] Trial 8 finished with value: 0.42381383477003115 and parameters: {'p_crossover': 0.6446384285364501, 'p_subtree_mutation': 0.24137146876952342, 'p_hoist_mutation': 0.04425972929442689, 'p_point_mutation': 0.0652174519321523, 'population_size': 5000, 'generations': 20, 'function_set': ['add', 'sub', 'mul', 'div', 'abs', 'sqrt', 'log', 'inv', 'sin', 'cos'], 'parsimony_coefficient': 0.0017643967683381545, 'tournament_size': 5}. Best is trial 2 with value: 0.5338073481441198.
[I 2026-01-04 00:39:33,371] Trial 8 finished with value: 0.4097277877246564 and parameters: {'p_crossover': 0.6446384285364501, 'p_subtree_mutation': 0.24137146876952342, 'p_hoist_mutation': 0.04425972929442689, 'p_point_mutation': 0.0652174519321523, 'population_size': 5000, 'generations': 20, 'function_set': ['add', 'sub', 'mul', 'div', 'abs', 'sqrt', 'log', 'inv', 'sin', 'cos'], 'parsimony_coefficient': 0.0017643967683381545, 'tournament_size': 5}. Best is trial 2 with value: 0.7177153126963034.
[I 2026-01-04 00:39:47,684] Trial 9 finished with value: 0.7540397082023692 and parameters: {'p_crossover': 0.4190675050858071, 'p_subtree_mutation': 0.16219646434313245, 'p_hoist_mutation': 0.039266498982407236, 'p_point_mutation': 0.2903830058212294, 'population_size': 20000, 'generations': 50, 'function_set': ['add', 'sub', 'mul', 'div', 'abs', 'sqrt'], 'parsimony_coefficient': 0.0026698666742744613, 'tournament_size': 15}. Best is trial 9 with value: 0.7540397082023692.
[I 2026-01-04 00:39:48,022] Trial 9 finished with value: 0.7540397082023692 and parameters: {'p_crossover': 0.4190675050858071, 'p_subtree_mutation': 0.16219646434313245, 'p_hoist_mutation': 0.039266498982407236, 'p_point_mutation': 0.2903830058212294, 'population_size': 20000, 'generations': 50, 'function_set': ['add', 'sub', 'mul', 'div', 'abs', 'sqrt'], 'parsimony_coefficient': 0.0026698666742744613, 'tournament_size': 15}. Best is trial 9 with value: 0.7540397082023692.
[I 2026-01-04 00:39:51,812] Trial 9 finished with value: 0.7540397082023692 and parameters: {'p_crossover': 0.4190675050858071, 'p_subtree_mutation': 0.16219646434313245, 'p_hoist_mutation': 0.039266498982407236, 'p_point_mutation': 0.2903830058212294, 'population_size': 20000, 'generations': 50, 'function_set': ['add', 'sub', 'mul', 'div', 'abs', 'sqrt'], 'parsimony_coefficient': 0.0026698666742744613, 'tournament_size': 15}. Best is trial 9 with value: 0.7540397082023692.
[I 2026-01-04 00:39:54,342] Trial 9 finished with value: 0.7540397082023692 and parameters: {'p_crossover': 0.4190675050858071, 'p_subtree_mutation': 0.16219646434313245, 'p_hoist_mutation': 0.039266498982407236, 'p_point_mutation': 0.2903830058212294, 'population_size': 20000, 'generations': 50, 'function_set': ['add', 'sub', 'mul', 'div', 'abs', 'sqrt'], 'parsimony_coefficient': 0.0026698666742744613, 'tournament_size': 15}. Best is trial 9 with value: 0.7540397082023692.
[I 2026-01-04 00:39:57,152] Trial 9 finished with value: 0.7540397082023692 and parameters: {'p_crossover': 0.4190675050858071, 'p_subtree_mutation': 0.16219646434313245, 'p_hoist_mutation': 0.039266498982407236, 'p_point_mutation': 0.2903830058212294, 'population_size': 20000, 'generations': 50, 'function_set': ['add', 'sub', 'mul', 'div', 'abs', 'sqrt'], 'parsimony_coefficient': 0.0026698666742744613, 'tournament_size': 15}. Best is trial 9 with value: 0.7540397082023692.
[I 2026-01-04 00:40:00,496] Trial 4 finished with value: 0.8314899623994423 and parameters: {'p_crossover': 0.4366114704534337, 'p_subtree_mutation': 0.19903538202225401, 'p_hoist_mutation': 0.013094966900369657, 'p_point_mutation': 0.3239402099344859, 'population_size': 10000, 'generations': 40, 'function_set': ['add', 'sub', 'mul', 'div', 'abs', 'sqrt', 'log', 'inv', 'sin', 'cos'], 'parsimony_coefficient': 0.0012399967836846098, 'tournament_size': 5}. Best is trial 4 with value: 0.8314899623994423.
[W 2026-01-04 00:40:00,497] Trial 5 failed with parameters: {'p_crossover': 0.6908753883293675, 'p_subtree_mutation': 0.2550265646722229, 'p_hoist_mutation': 0.026017539532205917} because of the following error: ValueError('The `low` value must be smaller than or equal to the `high` value (low=0.05, high=0.028080507466203726).').
Traceback (most recent call last):
  File "/home/ggx/software/anaconda3/lib/python3.10/site-packages/optuna/study/_optimize.py", line 197, in _run_trial
    value_or_values = func(trial)
  File "/home/ggx/wls/DAC-code/CR-X/HCOOH-C/oupat-ST1/2.py", line 234, in objective
    p_point_mutation = trial.suggest_float('p_point_mutation', 0.05, remaining_prob - p_hoist_mutation)
  File "/home/ggx/software/anaconda3/lib/python3.10/site-packages/optuna/trial/_trial.py", line 160, in suggest_float
    distribution = FloatDistribution(low, high, log=log, step=step)
  File "/home/ggx/software/anaconda3/lib/python3.10/site-packages/optuna/distributions.py", line 143, in __init__
    raise ValueError(
ValueError: The `low` value must be smaller than or equal to the `high` value (low=0.05, high=0.028080507466203726).
[W 2026-01-04 00:40:00,498] Trial 5 failed with value None.
[I 2026-01-04 00:40:45,996] Trial 10 finished with value: 0.49062603535502247 and parameters: {'p_crossover': 0.5683831592708488, 'p_subtree_mutation': 0.25419343599091215, 'p_hoist_mutation': 0.0488674920122158, 'p_point_mutation': 0.09106375452395912, 'population_size': 15000, 'generations': 10, 'function_set': ['add', 'sub', 'mul', 'div', 'abs', 'sqrt'], 'parsimony_coefficient': 0.0018742210985555703, 'tournament_size': 5}. Best is trial 9 with value: 0.7540397082023692.
[I 2026-01-04 00:40:47,610] Trial 10 finished with value: 0.3910643626536007 and parameters: {'p_crossover': 0.5683831592708488, 'p_subtree_mutation': 0.25419343599091215, 'p_hoist_mutation': 0.0488674920122158, 'p_point_mutation': 0.09106375452395912, 'population_size': 15000, 'generations': 10, 'function_set': ['add', 'sub', 'mul', 'div', 'abs', 'sqrt'], 'parsimony_coefficient': 0.0018742210985555703, 'tournament_size': 5}. Best is trial 9 with value: 0.7540397082023692.
[I 2026-01-04 00:40:50,269] Trial 10 finished with value: 0.3995642147891505 and parameters: {'p_crossover': 0.5683831592708488, 'p_subtree_mutation': 0.25419343599091215, 'p_hoist_mutation': 0.0488674920122158, 'p_point_mutation': 0.09106375452395912, 'population_size': 15000, 'generations': 10, 'function_set': ['add', 'sub', 'mul', 'div', 'abs', 'sqrt'], 'parsimony_coefficient': 0.0018742210985555703, 'tournament_size': 5}. Best is trial 9 with value: 0.7540397082023692.
[I 2026-01-04 00:40:53,018] Trial 10 finished with value: 0.34601506552053707 and parameters: {'p_crossover': 0.5683831592708488, 'p_subtree_mutation': 0.25419343599091215, 'p_hoist_mutation': 0.0488674920122158, 'p_point_mutation': 0.09106375452395912, 'population_size': 15000, 'generations': 10, 'function_set': ['add', 'sub', 'mul', 'div', 'abs', 'sqrt'], 'parsimony_coefficient': 0.0018742210985555703, 'tournament_size': 5}. Best is trial 9 with value: 0.7540397082023692.
[I 2026-01-04 00:40:55,993] Trial 10 finished with value: 0.4136668530531185 and parameters: {'p_crossover': 0.5683831592708488, 'p_subtree_mutation': 0.25419343599091215, 'p_hoist_mutation': 0.0488674920122158, 'p_point_mutation': 0.09106375452395912, 'population_size': 15000, 'generations': 10, 'function_set': ['add', 'sub', 'mul', 'div', 'abs', 'sqrt'], 'parsimony_coefficient': 0.0018742210985555703, 'tournament_size': 5}. Best is trial 9 with value: 0.7540397082023692.
[I 2026-01-04 00:40:58,917] Trial 9 finished with value: 0.7540397082023692 and parameters: {'p_crossover': 0.4190675050858071, 'p_subtree_mutation': 0.16219646434313245, 'p_hoist_mutation': 0.039266498982407236, 'p_point_mutation': 0.2903830058212294, 'population_size': 20000, 'generations': 50, 'function_set': ['add', 'sub', 'mul', 'div', 'abs', 'sqrt'], 'parsimony_coefficient': 0.0026698666742744613, 'tournament_size': 15}. Best is trial 4 with value: 0.7853161909093355.
