📊 系统监控 - 负载: (31.83, 31.9, 34.95), 内存使用率: 18.8%📊 系统监控 - 负载: (31.77, 31.88, 34.93), 内存使用率: 18.9%📊 系统监控 - 负载: (31.77, 31.88, 34.93), 内存使用率: 19.1%📊 系统监控 - 负载: (31.46, 31.82, 34.89), 内存使用率: 19.1%📊 系统监控 - 负载: (31.46, 31.82, 34.89), 内存使用率: 18.8%📊 系统监控 - 负载: (31.51, 31.82, 34.88), 内存使用率: 19.0%📊 系统监控 - 负载: (31.47, 31.81, 34.86), 内存使用率: 19.0%📊 系统监控 - 负载: (31.47, 31.81, 34.86), 内存使用率: 18.9%📊 系统监控 - 负载: (31.27, 31.76, 34.83), 内存使用率: 19.0%📊 系统监控 - 负载: (31.27, 31.76, 34.83), 内存使用率: 19.1%📊 系统监控 - 负载: (31.41, 31.78, 34.82), 内存使用率: 19.1%📊 系统监控 - 负载: (31.46, 31.79, 34.8), 内存使用率: 19.1%📊 系统监控 - 负载: (31.46, 31.79, 34.8), 内存使用率: 19.0%📊 系统监控 - 负载: (31.5, 31.79, 34.79), 内存使用率: 19.0%📊 系统监控 - 负载: (31.5, 31.79, 34.79), 内存使用率: 19.0%📊 系统监控 - 负载: (31.46, 31.78, 34.77), 内存使用率: 19.1%📊 系统监控 - 负载: (31.42, 31.76, 34.75), 内存使用率: 19.1%📊 系统监控 - 负载: (31.42, 31.76, 34.75), 内存使用率: 19.1%📊 系统监控 - 负载: (31.23, 31.72, 34.71), 内存使用率: 19.2%📊 系统监控 - 负载: (31.23, 31.72, 34.71), 内存使用率: 19.2%📊 系统监控 - 负载: (31.29, 31.72, 34.7), 内存使用率: 19.1%📊 系统监控 - 负载: (31.35, 31.73, 34.69), 内存使用率: 19.2%📊 系统监控 - 负载: (31.35, 31.73, 34.69), 内存使用率: 19.1%📊 系统监控 - 负载: (31.16, 31.68, 34.65), 内存使用率: 19.3%📊 系统监控 - 负载: (31.16, 31.68, 34.65), 内存使用率: 19.2%📊 系统监控 - 负载: (31.39, 31.72, 34.65), 内存使用率: 19.2%📊 系统监控 - 负载: (31.36, 31.71, 34.63), 内存使用率: 19.3%📊 系统监控 - 负载: (31.36, 31.71, 34.63), 内存使用率: 19.3%📊 系统监控 - 负载: (31.49, 31.73, 34.62), 内存使用率: 19.3%📊 系统监控 - 负载: (31.49, 31.73, 34.62), 内存使用率: 19.2%📊 系统监控 - 负载: (31.37, 31.7, 34.6), 内存使用率: 19.3%📊 系统监控 - 负载: (31.26, 31.67, 34.57), 内存使用率: 19.3%📊 系统监控 - 负载: (31.26, 31.67, 34.57), 内存使用率: 19.2%📊 系统监控 - 负载: (31.32, 31.68, 34.56), 内存使用率: 19.3%📊 系统监控 - 负载: (31.32, 31.68, 34.56), 内存使用率: 19.3%📊 系统监控 - 负载: (31.45, 31.7, 34.55), 内存使用率: 19.3%📊 系统监控 - 负载: (31.66, 31.74, 34.55), 内存使用率: 19.3%📊 系统监控 - 负载: (31.66, 31.74, 34.55), 内存使用率: 19.4%📊 系统监控 - 负载: (31.52, 31.71, 34.52), 内存使用率: 19.5%📊 系统监控 - 负载: (31.52, 31.71, 34.52), 内存使用率: 19.4%📊 系统监控 - 负载: (31.64, 31.73, 34.52), 内存使用率: 19.3%📊 系统监控 - 负载: (31.83, 31.77, 34.51), 内存使用率: 19.3%📊 系统监控 - 负载: (31.83, 31.77, 34.51), 内存使用率: 19.4%📊 系统监控 - 负载: (31.85, 31.77, 34.5), 内存使用率: 19.3%📊 系统监控 - 负载: (31.85, 31.77, 34.5), 内存使用率: 19.2%📊 系统监控 - 负载: (31.78, 31.76, 34.48), 内存使用率: 18.9%📊 系统监控 - 负载: (31.47, 31.7, 34.45), 内存使用率: 18.9%📊 系统监控 - 负载: (31.47, 31.7, 34.45), 内存使用率: 18.7%📊 系统监控 - 负载: (31.52, 31.7, 34.43), 内存使用率: 18.7%📊 系统监控 - 负载: (31.52, 31.7, 34.43), 内存使用率: 18.9%📊 系统监控 - 负载: (31.56, 31.71, 34.42), 内存使用率: 18.8%📊 系统监控 - 负载: (31.83, 31.76, 34.42), 内存使用率: 18.7%📊 系统监控 - 负载: (31.83, 31.76, 34.42), 内存使用率: 18.6%📊 系统监控 - 负载: (31.93, 31.78, 34.41), 内存使用率: 18.7%📊 系统监控 - 负载: (31.93, 31.78, 34.41), 内存使用率: 18.6%📊 系统监控 - 负载: (31.93, 31.79, 34.4), 内存使用率: 18.5%📊 系统监控 - 负载: (31.94, 31.79, 34.39), 内存使用率: 18.5%📊 系统监控 - 负载: (31.94, 31.79, 34.39), 内存使用率: 18.4%📊 系统监控 - 负载: (32.1, 31.83, 34.39), 内存使用率: 18.2%📊 系统监控 - 负载: (32.1, 31.83, 34.39), 内存使用率: 18.2%📊 系统监控 - 负载: (32.25, 31.86, 34.38), 内存使用率: 18.2%📊 系统监控 - 负载: (31.91, 31.8, 34.35), 内存使用率: 18.4%📊 系统监控 - 负载: (31.91, 31.8, 34.35), 内存使用率: 18.4%📊 系统监控 - 负载: (32.0, 31.82, 34.34), 内存使用率: 18.3%📊 系统监控 - 负载: (32.0, 31.82, 34.34), 内存使用率: 18.4%📊 系统监控 - 负载: (32.08, 31.84, 34.34), 内存使用率: 18.4%📊 系统监控 - 负载: (32.07, 31.84, 34.32), 内存使用率: 18.3%📊 系统监控 - 负载: (32.07, 31.84, 34.32), 内存使用率: 18.5%📊 系统监控 - 负载: (31.99, 31.83, 34.31), 内存使用率: 18.4%📊 系统监控 - 负载: (31.99, 31.83, 34.31), 内存使用率: 18.6%📊 系统监控 - 负载: (31.91, 31.81, 34.29), 内存使用率: 18.4%📊 系统监控 - 负载: (32.08, 31.85, 34.29), 内存使用率: 18.4%📊 系统监控 - 负载: (32.08, 31.85, 34.29), 内存使用率: 18.4%📊 系统监控 - 负载: (31.99, 31.83, 34.27), 内存使用率: 18.5%📊 系统监控 - 负载: (31.99, 31.83, 34.27), 内存使用率: 18.5%📊 系统监控 - 负载: (31.83, 31.8, 34.25), 内存使用率: 18.5%📊 系统监控 - 负载: (31.92, 31.82, 34.24), 内存使用率: 18.5%📊 系统监控 - 负载: (31.92, 31.82, 34.24), 内存使用率: 18.7%📊 系统监控 - 负载: (31.53, 31.74, 34.2), 内存使用率: 18.7%📊 系统监控 - 负载: (31.53, 31.74, 34.2), 内存使用率: 18.6%📊 系统监控 - 负载: (31.89, 31.81, 34.21), 内存使用率: 18.6%📊 系统监控 - 负载: (31.98, 31.83, 34.2), 内存使用率: 18.6%📊 系统监控 - 负载: (31.98, 31.83, 34.2), 内存使用率: 18.7%📊 系统监控 - 负载: (31.98, 31.84, 34.19), 内存使用率: 18.6%📊 系统监控 - 负载: (31.98, 31.84, 34.19), 内存使用率: 18.7%📊 系统监控 - 负载: (31.9, 31.82, 34.17), 内存使用率: 18.7%📊 系统监控 - 负载: (31.67, 31.78, 34.15), 内存使用率: 18.8%📊 系统监控 - 负载: (31.67, 31.78, 34.15), 内存使用率: 18.8%📊 系统监控 - 负载: (31.77, 31.8, 34.14), 内存使用率: 18.8%📊 系统监控 - 负载: (31.77, 31.8, 34.14), 内存使用率: 18.7%📊 系统监控 - 负载: (31.87, 31.82, 34.13), 内存使用率: 18.8%📊 系统监控 - 负载: (31.4, 31.72, 34.09), 内存使用率: 19.0%📊 系统监控 - 负载: (31.4, 31.72, 34.09), 内存使用率: 19.0%📊 系统监控 - 负载: (31.69, 31.77, 34.1), 内存使用率: 18.8%📊 系统监控 - 负载: (31.69, 31.77, 34.1), 内存使用率: 18.8%📊 系统监控 - 负载: (31.72, 31.78, 34.08), 内存使用率: 18.8%📊 系统监控 - 负载: (31.74, 31.78, 34.07), 内存使用率: 18.9%📊 系统监控 - 负载: (31.74, 31.78, 34.07), 内存使用率: 18.9%📊 系统监控 - 负载: (31.68, 31.77, 34.06), 内存使用率: 18.8%📊 系统监控 - 负载: (31.68, 31.77, 34.06), 内存使用率: 19.0%📊 系统监控 - 负载: (31.87, 31.81, 34.06), 内存使用率: 18.9%📊 系统监控 - 负载: (31.96, 31.83, 34.05), 内存使用率: 18.8%📊 系统监控 - 负载: (31.96, 31.83, 34.05), 内存使用率: 18.8%📊 系统监控 - 负载: (32.36, 31.91, 34.07), 内存使用率: 18.8%📊 系统监控 - 负载: (32.36, 31.91, 34.07), 内存使用率: 18.7%📊 系统监控 - 负载: (32.25, 31.9, 34.05), 内存使用率: 18.8%📊 系统监控 - 负载: (31.75, 31.8, 34.01), 内存使用率: 19.1%📊 系统监控 - 负载: (31.75, 31.8, 34.01), 内存使用率: 18.9%📊 系统监控 - 负载: (31.77, 31.8, 33.99), 内存使用率: 18.8%📊 系统监控 - 负载: (31.77, 31.8, 33.99), 内存使用率: 18.8%📊 系统监控 - 负载: (31.55, 31.76, 33.97), 内存使用率: 18.9%[I 2026-01-04 00:53:44,354] Trial 9 finished with value: 0.7540397082023692 and parameters: {'p_crossover': 0.4190675050858071, 'p_subtree_mutation': 0.16219646434313245, 'p_hoist_mutation': 0.039266498982407236, 'p_point_mutation': 0.2903830058212294, 'population_size': 20000, 'generations': 50, 'function_set': ['add', 'sub', 'mul', 'div', 'abs', 'sqrt'], 'parsimony_coefficient': 0.0026698666742744613, 'tournament_size': 15}. Best is trial 9 with value: 0.7540397082023692.
[I 2026-01-04 00:53:56,083] Trial 12 finished with value: -0.2642678957358827 and parameters: {'p_crossover': 0.4013204010120255, 'p_subtree_mutation': 0.17954916263772805, 'p_hoist_mutation': 0.029442118036749294, 'p_point_mutation': 0.3647836176515364, 'population_size': 20000, 'generations': 50, 'function_set': ['add', 'sub', 'mul', 'div', 'abs', 'sqrt'], 'parsimony_coefficient': 0.005520259255493473, 'tournament_size': 10}. Best is trial 4 with value: 0.7853161909093355.
[I 2026-01-04 00:55:17,310] Trial 10 finished with value: 0.42620040807297355 and parameters: {'p_crossover': 0.5683831592708488, 'p_subtree_mutation': 0.25419343599091215, 'p_hoist_mutation': 0.0488674920122158, 'p_point_mutation': 0.09106375452395912, 'population_size': 15000, 'generations': 10, 'function_set': ['add', 'sub', 'mul', 'div', 'abs', 'sqrt'], 'parsimony_coefficient': 0.0018742210985555703, 'tournament_size': 5}. Best is trial 9 with value: 0.7540397082023692.
[I 2026-01-04 00:55:36,208] Trial 12 finished with value: -0.16673201833641715 and parameters: {'p_crossover': 0.6215216634175063, 'p_subtree_mutation': 0.10593303854693217, 'p_hoist_mutation': 0.034149789251035734, 'p_point_mutation': 0.13710364359267707, 'population_size': 20000, 'generations': 40, 'function_set': ['add', 'sub', 'mul', 'div', 'abs', 'sqrt'], 'parsimony_coefficient': 0.005373713206635384, 'tournament_size': 10}. Best is trial 9 with value: 0.7540397082023692.
[I 2026-01-04 00:55:40,510] Trial 12 finished with value: -0.18946324243710183 and parameters: {'p_crossover': 0.6215216634175063, 'p_subtree_mutation': 0.10593303854693217, 'p_hoist_mutation': 0.034149789251035734, 'p_point_mutation': 0.13710364359267707, 'population_size': 20000, 'generations': 40, 'function_set': ['add', 'sub', 'mul', 'div', 'abs', 'sqrt'], 'parsimony_coefficient': 0.005373713206635384, 'tournament_size': 10}. Best is trial 9 with value: 0.7540397082023692.
[I 2026-01-04 00:55:41,384] Trial 12 finished with value: -0.388924165592539 and parameters: {'p_crossover': 0.6215216634175063, 'p_subtree_mutation': 0.10593303854693217, 'p_hoist_mutation': 0.034149789251035734, 'p_point_mutation': 0.13710364359267707, 'population_size': 20000, 'generations': 40, 'function_set': ['add', 'sub', 'mul', 'div', 'abs', 'sqrt'], 'parsimony_coefficient': 0.005373713206635384, 'tournament_size': 10}. Best is trial 9 with value: 0.7540397082023692.
[I 2026-01-04 00:55:46,614] Trial 12 finished with value: -0.27587343645912576 and parameters: {'p_crossover': 0.6215216634175063, 'p_subtree_mutation': 0.10593303854693217, 'p_hoist_mutation': 0.034149789251035734, 'p_point_mutation': 0.13710364359267707, 'population_size': 20000, 'generations': 40, 'function_set': ['add', 'sub', 'mul', 'div', 'abs', 'sqrt'], 'parsimony_coefficient': 0.005373713206635384, 'tournament_size': 10}. Best is trial 9 with value: 0.7540397082023692.
[I 2026-01-04 00:55:52,108] Trial 12 finished with value: -0.1872150158326148 and parameters: {'p_crossover': 0.6215216634175063, 'p_subtree_mutation': 0.10593303854693217, 'p_hoist_mutation': 0.034149789251035734, 'p_point_mutation': 0.13710364359267707, 'population_size': 20000, 'generations': 40, 'function_set': ['add', 'sub', 'mul', 'div', 'abs', 'sqrt'], 'parsimony_coefficient': 0.005373713206635384, 'tournament_size': 10}. Best is trial 9 with value: 0.7540397082023692.
[I 2026-01-04 00:57:05,007] Trial 9 finished with value: 0.7540397082023692 and parameters: {'p_crossover': 0.4190675050858071, 'p_subtree_mutation': 0.16219646434313245, 'p_hoist_mutation': 0.039266498982407236, 'p_point_mutation': 0.2903830058212294, 'population_size': 20000, 'generations': 50, 'function_set': ['add', 'sub', 'mul', 'div', 'abs', 'sqrt'], 'parsimony_coefficient': 0.0026698666742744613, 'tournament_size': 15}. Best is trial 4 with value: 0.8314899623994423.
📊 系统监控 - 负载: (31.34, 31.71, 33.94), 内存使用率: 19.1%📊 系统监控 - 负载: (31.34, 31.71, 33.94), 内存使用率: 18.9%📊 系统监控 - 负载: (31.56, 31.75, 33.94), 内存使用率: 18.8%📊 系统监控 - 负载: (31.56, 31.75, 33.94), 内存使用率: 19.0%📊 系统监控 - 负载: (31.75, 31.79, 33.94), 内存使用率: 18.9%📊 系统监控 - 负载: (31.61, 31.76, 33.92), 内存使用率: 19.1%📊 系统监控 - 负载: (31.61, 31.76, 33.92), 内存使用率: 19.1%📊 系统监控 - 负载: (31.8, 31.79, 33.92), 内存使用率: 18.9%📊 系统监控 - 负载: (31.8, 31.79, 33.92), 内存使用率: 18.9%📊 系统监控 - 负载: (31.98, 31.83, 33.92), 内存使用率: 19.1%📊 系统监控 - 负载: (31.82, 31.8, 33.9), 内存使用率: 19.1%📊 系统监控 - 负载: (31.82, 31.8, 33.9), 内存使用率: 19.0%📊 系统监控 - 负载: (32.0, 31.84, 33.9), 内存使用率: 19.1%📊 系统监控 - 负载: (32.0, 31.84, 33.9), 内存使用率: 18.9%📊 系统监控 - 负载: (31.92, 31.82, 33.89), 内存使用率: 18.9%📊 系统监控 - 负载: (31.68, 31.78, 33.86), 内存使用率: 19.1%📊 系统监控 - 负载: (31.68, 31.78, 33.86), 内存使用率: 19.1%📊 系统监控 - 负载: (31.79, 31.8, 33.85), 内存使用率: 18.9%📊 系统监控 - 负载: (31.79, 31.8, 33.85), 内存使用率: 19.1%📊 系统监控 - 负载: (31.64, 31.77, 33.83), 内存使用率: 19.0%📊 系统监控 - 负载: (31.51, 31.74, 33.81), 内存使用率: 18.9%📊 系统监控 - 负载: (31.51, 31.74, 33.81), 内存使用率: 19.2%📊 系统监控 - 负载: (31.63, 31.76, 33.81), 内存使用率: 18.9%📊 系统监控 - 负载: (31.63, 31.76, 33.81), 内存使用率: 18.8%📊 系统监控 - 负载: (31.9, 31.81, 33.82), 内存使用率: 18.9%📊 系统监控 - 负载: (32.07, 31.85, 33.82), 内存使用率: 18.6%📊 系统监控 - 负载: (32.07, 31.85, 33.82), 内存使用率: 18.6%📊 系统监控 - 负载: (32.22, 31.88, 33.82), 内存使用率: 18.7%📊 系统监控 - 负载: (32.22, 31.88, 33.82), 内存使用率: 18.6%📊 系统监控 - 负载: (32.29, 31.9, 33.81), 内存使用率: 18.7%📊 系统监控 - 负载: (32.1, 31.87, 33.79), 内存使用率: 18.8%📊 系统监控 - 负载: (32.1, 31.87, 33.79), 内存使用率: 18.7%📊 系统监控 - 负载: (32.1, 31.87, 33.78), 内存使用率: 18.8%📊 系统监控 - 负载: (32.1, 31.87, 33.78), 内存使用率: 18.6%📊 系统监控 - 负载: (32.09, 31.87, 33.77), 内存使用率: 18.7%📊 系统监控 - 负载: (32.0, 31.86, 33.76), 内存使用率: 18.7%📊 系统监控 - 负载: (32.0, 31.86, 33.76), 内存使用率: 18.7%📊 系统监控 - 负载: (31.84, 31.83, 33.74), 内存使用率: 18.8%📊 系统监控 - 负载: (31.84, 31.83, 33.74), 内存使用率: 18.9%📊 系统监控 - 负载: (31.61, 31.78, 33.71), 内存使用率: 18.7%📊 系统监控 - 负载: (31.56, 31.77, 33.7), 内存使用率: 18.8%📊 系统监控 - 负载: (31.56, 31.77, 33.7), 内存使用率: 18.7%📊 系统监控 - 负载: (31.68, 31.79, 33.69), 内存使用率: 18.7%📊 系统监控 - 负载: (31.68, 31.79, 33.69), 内存使用率: 18.9%📊 系统监控 - 负载: (31.62, 31.78, 33.68), 内存使用率: 18.8%📊 系统监控 - 负载: (31.66, 31.78, 33.67), 内存使用率: 18.7%📊 系统监控 - 负载: (31.66, 31.78, 33.67), 内存使用率: 18.7%📊 系统监控 - 负载: (31.6, 31.77, 33.66), 内存使用率: 18.8%📊 系统监控 - 负载: (31.6, 31.77, 33.66), 内存使用率: 18.8%📊 系统监控 - 负载: (32.04, 31.85, 33.67), 内存使用率: 18.8%📊 系统监控 - 负载: (31.79, 31.81, 33.65), 内存使用率: 19.0%📊 系统监控 - 负载: (31.79, 31.81, 33.65), 内存使用率: 18.8%📊 系统监控 - 负载: (31.81, 31.81, 33.64), 内存使用率: 19.0%📊 系统监控 - 负载: (31.82, 31.81, 33.63), 内存使用率: 18.9%📊 系统监控 - 负载: (31.82, 31.81, 33.63), 内存使用率: 19.0%📊 系统监控 - 负载: (31.68, 31.78, 33.61), 内存使用率: 19.1%📊 系统监控 - 负载: (31.68, 31.78, 33.61), 内存使用率: 19.1%📊 系统监控 - 负载: (31.78, 31.8, 33.61), 内存使用率: 19.0%📊 系统监控 - 负载: (31.56, 31.76, 33.58), 内存使用率: 18.9%📊 系统监控 - 负载: (31.56, 31.76, 33.58), 内存使用率: 18.9%📊 系统监控 - 负载: (31.44, 31.73, 33.57), 内存使用率: 18.8%📊 系统监控 - 负载: (31.44, 31.73, 33.57), 内存使用率: 19.0%📊 系统监控 - 负载: (31.8, 31.8, 33.58), 内存使用率: 18.7%📊 系统监控 - 负载: (31.82, 31.8, 33.57), 内存使用率: 18.8%📊 系统监控 - 负载: (31.82, 31.8, 33.57), 内存使用率: 18.8%📊 系统监控 - 负载: (31.59, 31.75, 33.55), 内存使用率: 18.8%📊 系统监控 - 负载: (31.59, 31.75, 33.55), 内存使用率: 18.8%📊 系统监控 - 负载: (31.62, 31.76, 33.54), 内存使用率: 19.0%📊 系统监控 - 负载: (31.89, 31.81, 33.55), 内存使用率: 19.0%📊 系统监控 - 负载: (31.89, 31.81, 33.55), 内存使用率: 18.9%📊 系统监控 - 负载: (31.9, 31.82, 33.54), 内存使用率: 18.8%📊 系统监控 - 负载: (31.9, 31.82, 33.54), 内存使用率: 19.0%📊 系统监控 - 负载: (31.99, 31.83, 33.53), 内存使用率: 18.8%📊 系统监控 - 负载: (31.75, 31.79, 33.51), 内存使用率: 19.0%📊 系统监控 - 负载: (31.75, 31.79, 33.51), 内存使用率: 18.9%📊 系统监控 - 负载: (31.69, 31.77, 33.5), 内存使用率: 18.8%📊 系统监控 - 负载: (31.69, 31.77, 33.5), 内存使用率: 19.0%📊 系统监控 - 负载: (32.04, 31.85, 33.51), 内存使用率: 18.9%📊 系统监控 - 负载: (31.79, 31.8, 33.49), 内存使用率: 18.9%📊 系统监控 - 负载: (31.79, 31.8, 33.49), 内存使用率: 19.0%📊 系统监控 - 负载: (31.73, 31.78, 33.47), 内存使用率: 18.9%📊 系统监控 - 负载: (31.73, 31.78, 33.47), 内存使用率: 18.9%📊 系统监控 - 负载: (31.99, 31.84, 33.48), 内存使用率: 18.9%📊 系统监控 - 负载: (31.99, 31.84, 33.47), 内存使用率: 19.0%📊 系统监控 - 负载: (31.99, 31.84, 33.47), 内存使用率: 19.1%📊 系统监控 - 负载: (31.75, 31.79, 33.45), 内存使用率: 19.0%📊 系统监控 - 负载: (31.75, 31.79, 33.45), 内存使用率: 19.2%📊 系统监控 - 负载: (31.77, 31.8, 33.44), 内存使用率: 19.0%📊 系统监控 - 负载: (31.95, 31.83, 33.44), 内存使用率: 19.0%📊 系统监控 - 负载: (31.95, 31.83, 33.44), 内存使用率: 19.0%📊 系统监控 - 负载: (32.11, 31.87, 33.45), 内存使用率: 19.0%📊 系统监控 - 负载: (32.11, 31.87, 33.45), 内存使用率: 19.0%📊 系统监控 - 负载: (31.95, 31.84, 33.43), 内存使用率: 19.1%📊 系统监控 - 负载: (31.79, 31.81, 33.41), 内存使用率: 19.2%📊 系统监控 - 负载: (31.79, 31.81, 33.41), 内存使用率: 19.1%📊 系统监控 - 负载: (32.05, 31.86, 33.42), 内存使用率: 19.1%📊 系统监控 - 负载: (32.05, 31.86, 33.42), 内存使用率: 19.0%📊 系统监控 - 负载: (31.96, 31.85, 33.4), 内存使用率: 19.1%📊 系统监控 - 负载: (31.81, 31.82, 33.39), 内存使用率: 19.0%📊 系统监控 - 负载: (31.81, 31.82, 33.39), 内存使用率: 19.2%📊 系统监控 - 负载: (31.9, 31.84, 33.38), 内存使用率: 18.9%📊 系统监控 - 负载: (31.9, 31.84, 33.38), 内存使用率: 18.9%📊 系统监控 - 负载: (31.99, 31.85, 33.38), 内存使用率: 19.0%📊 系统监控 - 负载: (32.23, 31.91, 33.39), 内存使用率: 18.9%📊 系统监控 - 负载: (32.23, 31.91, 33.39), 内存使用率: 19.0%📊 系统监控 - 负载: (32.05, 31.88, 33.37), 内存使用率: 19.0%📊 系统监控 - 负载: (32.05, 31.88, 33.37), 内存使用率: 19.0%📊 系统监控 - 负载: (32.05, 31.88, 33.37), 内存使用率: 19.0%📊 系统监控 - 负载: (32.28, 31.93, 33.37), 内存使用率: 18.9%📊 系统监控 - 负载: (32.28, 31.93, 33.37), 内存使用率: 18.9%📊 系统监控 - 负载: (32.1, 31.9, 33.36), 内存使用率: 19.0%[I 2026-01-04 00:58:44,459] Trial 10 finished with value: -0.1316645351433825 and parameters: {'p_crossover': 0.5683831592708488, 'p_subtree_mutation': 0.25419343599091215, 'p_hoist_mutation': 0.0488674920122158, 'p_point_mutation': 0.09106375452395912, 'population_size': 15000, 'generations': 10, 'function_set': ['add', 'sub', 'mul', 'div', 'abs', 'sqrt'], 'parsimony_coefficient': 0.0018742210985555703, 'tournament_size': 5}. Best is trial 4 with value: 0.8314899623994423.
[I 2026-01-04 01:01:22,679] Trial 13 finished with value: 0.7120782490453208 and parameters: {'p_crossover': 0.5199915224537204, 'p_subtree_mutation': 0.10257653957358094, 'p_hoist_mutation': 0.030082084453688603, 'p_point_mutation': 0.3281318852801107, 'population_size': 20000, 'generations': 40, 'function_set': ['add', 'sub', 'mul', 'div', 'abs', 'sqrt', 'log', 'inv', 'sin', 'cos'], 'parsimony_coefficient': 0.00407741487376939, 'tournament_size': 15}. Best is trial 9 with value: 0.7540397082023692.
[I 2026-01-04 01:01:27,438] Trial 13 finished with value: 0.7120782490453208 and parameters: {'p_crossover': 0.5199915224537204, 'p_subtree_mutation': 0.10257653957358094, 'p_hoist_mutation': 0.030082084453688603, 'p_point_mutation': 0.3281318852801107, 'population_size': 20000, 'generations': 40, 'function_set': ['add', 'sub', 'mul', 'div', 'abs', 'sqrt', 'log', 'inv', 'sin', 'cos'], 'parsimony_coefficient': 0.00407741487376939, 'tournament_size': 15}. Best is trial 9 with value: 0.7540397082023692.
[I 2026-01-04 01:01:27,781] Trial 13 finished with value: 0.7120782490453208 and parameters: {'p_crossover': 0.5199915224537204, 'p_subtree_mutation': 0.10257653957358094, 'p_hoist_mutation': 0.030082084453688603, 'p_point_mutation': 0.3281318852801107, 'population_size': 20000, 'generations': 40, 'function_set': ['add', 'sub', 'mul', 'div', 'abs', 'sqrt', 'log', 'inv', 'sin', 'cos'], 'parsimony_coefficient': 0.00407741487376939, 'tournament_size': 15}. Best is trial 9 with value: 0.7540397082023692.
[I 2026-01-04 01:01:33,751] Trial 13 finished with value: 0.7120782490453208 and parameters: {'p_crossover': 0.5199915224537204, 'p_subtree_mutation': 0.10257653957358094, 'p_hoist_mutation': 0.030082084453688603, 'p_point_mutation': 0.3281318852801107, 'population_size': 20000, 'generations': 40, 'function_set': ['add', 'sub', 'mul', 'div', 'abs', 'sqrt', 'log', 'inv', 'sin', 'cos'], 'parsimony_coefficient': 0.00407741487376939, 'tournament_size': 15}. Best is trial 9 with value: 0.7540397082023692.
[I 2026-01-04 01:01:42,558] Trial 13 finished with value: 0.7120782490453208 and parameters: {'p_crossover': 0.5199915224537204, 'p_subtree_mutation': 0.10257653957358094, 'p_hoist_mutation': 0.030082084453688603, 'p_point_mutation': 0.3281318852801107, 'population_size': 20000, 'generations': 40, 'function_set': ['add', 'sub', 'mul', 'div', 'abs', 'sqrt', 'log', 'inv', 'sin', 'cos'], 'parsimony_coefficient': 0.00407741487376939, 'tournament_size': 15}. Best is trial 9 with value: 0.7540397082023692.
[I 2026-01-04 01:03:09,162] Trial 11 finished with value: -0.9937119933875322 and parameters: {'p_crossover': 0.4622856524864553, 'p_subtree_mutation': 0.17447000049355868, 'p_hoist_mutation': 0.029276562477471773, 'p_point_mutation': 0.2070368367358509, 'population_size': 25000, 'generations': 50, 'function_set': ['add', 'sub', 'mul', 'div', 'abs', 'sqrt'], 'parsimony_coefficient': 0.008494122721861107, 'tournament_size': 10}. Best is trial 9 with value: 0.7540397082023692.
[I 2026-01-04 01:03:10,606] Trial 11 finished with value: -0.9937119933875322 and parameters: {'p_crossover': 0.4622856524864553, 'p_subtree_mutation': 0.17447000049355868, 'p_hoist_mutation': 0.029276562477471773, 'p_point_mutation': 0.2070368367358509, 'population_size': 25000, 'generations': 50, 'function_set': ['add', 'sub', 'mul', 'div', 'abs', 'sqrt'], 'parsimony_coefficient': 0.008494122721861107, 'tournament_size': 10}. Best is trial 9 with value: 0.7540397082023692.
[I 2026-01-04 01:03:36,344] Trial 13 finished with value: 0.7980895871066556 and parameters: {'p_crossover': 0.4607023317423387, 'p_subtree_mutation': 0.10257653957358094, 'p_hoist_mutation': 0.024828992329462646, 'p_point_mutation': 0.34807236336998915, 'population_size': 25000, 'generations': 40, 'function_set': ['add', 'sub', 'mul', 'div', 'abs', 'sqrt'], 'parsimony_coefficient': 0.00011672711987380462, 'tournament_size': 15}. Best is trial 13 with value: 0.7980895871066556.
