📊 系统监控 - 负载: (32.1, 31.9, 33.36), 内存使用率: 19.0%📊 系统监控 - 负载: (32.01, 31.88, 33.34), 内存使用率: 19.0%📊 系统监控 - 负载: (32.41, 31.97, 33.36), 内存使用率: 19.1%📊 系统监控 - 负载: (32.41, 31.97, 33.36), 内存使用率: 18.9%📊 系统监控 - 负载: (32.46, 31.98, 33.36), 内存使用率: 19.0%📊 系统监控 - 负载: (32.46, 31.98, 33.36), 内存使用率: 19.0%📊 系统监控 - 负载: (32.26, 31.95, 33.34), 内存使用率: 19.1%📊 系统监控 - 负载: (31.92, 31.89, 33.31), 内存使用率: 19.2%📊 系统监控 - 负载: (31.92, 31.89, 33.31), 内存使用率: 19.1%📊 系统监控 - 负载: (31.93, 31.89, 33.31), 内存使用率: 19.0%📊 系统监控 - 负载: (31.93, 31.89, 33.31), 内存使用率: 19.0%📊 系统监控 - 负载: (32.01, 31.91, 33.31), 内存使用率: 19.1%📊 系统监控 - 负载: (32.17, 31.94, 33.31), 内存使用率: 19.2%📊 系统监控 - 负载: (32.17, 31.94, 33.31), 内存使用率: 19.1%📊 系统监控 - 负载: (32.0, 31.91, 33.29), 内存使用率: 19.2%📊 系统监控 - 负载: (32.0, 31.91, 33.29), 内存使用率: 19.1%📊 系统监控 - 负载: (32.16, 31.94, 33.3), 内存使用率: 19.1%📊 系统监控 - 负载: (32.15, 31.94, 33.29), 内存使用率: 19.0%📊 系统监控 - 负载: (32.15, 31.94, 33.29), 内存使用率: 19.1%📊 系统监控 - 负载: (32.13, 31.95, 33.28), 内存使用率: 19.2%📊 系统监控 - 负载: (32.13, 31.95, 33.28), 内存使用率: 19.2%📊 系统监控 - 负载: (32.2, 31.96, 33.28), 内存使用率: 19.2%📊 系统监控 - 负载: (32.11, 31.95, 33.27), 内存使用率: 19.1%📊 系统监控 - 负载: (32.11, 31.95, 33.27), 内存使用率: 19.1%📊 系统监控 - 负载: (32.18, 31.96, 33.27), 内存使用率: 19.3%📊 系统监控 - 负载: (32.18, 31.96, 33.27), 内存使用率: 19.2%📊 系统监控 - 负载: (32.24, 31.98, 33.27), 内存使用率: 19.3%📊 系统监控 - 负载: (32.14, 31.97, 33.25), 内存使用率: 19.3%📊 系统监控 - 负载: (32.14, 31.97, 33.25), 内存使用率: 19.4%📊 系统监控 - 负载: (32.45, 32.03, 33.27), 内存使用率: 19.2%📊 系统监控 - 负载: (32.45, 32.03, 33.27), 内存使用率: 19.3%📊 系统监控 - 负载: (32.66, 32.08, 33.28), 内存使用率: 19.4%📊 系统监控 - 负载: (32.68, 32.1, 33.28), 内存使用率: 19.3%📊 系统监控 - 负载: (32.68, 32.1, 33.28), 内存使用率: 19.4%📊 系统监控 - 负载: (32.55, 32.08, 33.26), 内存使用率: 19.3%📊 系统监控 - 负载: (32.55, 32.08, 33.26), 内存使用率: 19.4%📊 系统监控 - 负载: (32.35, 32.04, 33.25), 内存使用率: 19.4%📊 系统监控 - 负载: (32.32, 32.04, 33.24), 内存使用率: 19.3%📊 系统监控 - 负载: (32.32, 32.04, 33.24), 内存使用率: 19.3%📊 系统监控 - 负载: (32.21, 32.03, 33.23), 内存使用率: 19.3%📊 系统监控 - 负载: (32.21, 32.03, 33.23), 内存使用率: 19.5%📊 系统监控 - 负载: (31.88, 31.96, 33.2), 内存使用率: 19.5%📊 系统监控 - 负载: (31.89, 31.96, 33.19), 内存使用率: 19.5%📊 系统监控 - 负载: (31.89, 31.96, 33.19), 内存使用率: 19.4%📊 系统监控 - 负载: (31.97, 31.98, 33.19), 内存使用率: 19.3%📊 系统监控 - 负载: (31.97, 31.98, 33.19), 内存使用率: 19.4%📊 系统监控 - 负载: (32.06, 31.99, 33.19), 内存使用率: 19.4%📊 系统监控 - 负载: (31.81, 31.94, 33.17), 内存使用率: 19.6%📊 系统监控 - 负载: (31.81, 31.94, 33.17), 内存使用率: 19.8%📊 系统监控 - 负载: (31.75, 31.93, 33.16), 内存使用率: 19.5%📊 系统监控 - 负载: (31.75, 31.93, 33.16), 内存使用率: 19.5%📊 系统监控 - 负载: (32.01, 31.98, 33.17), 内存使用率: 19.4%📊 系统监控 - 负载: (32.17, 32.01, 33.17), 内存使用率: 19.4%📊 系统监控 - 负载: (32.17, 32.01, 33.17), 内存使用率: 19.5%📊 系统监控 - 负载: (32.39, 32.06, 33.18), 内存使用率: 19.5%📊 系统监控 - 负载: (32.39, 32.06, 33.18), 内存使用率: 19.6%📊 系统监控 - 负载: (32.28, 32.05, 33.17), 内存使用率: 19.7%📊 系统监控 - 负载: (32.42, 32.08, 33.17), 内存使用率: 19.7%📊 系统监控 - 负载: (32.42, 32.08, 33.17), 内存使用率: 19.4%📊 系统监控 - 负载: (32.31, 32.06, 33.16), 内存使用率: 19.4%📊 系统监控 - 负载: (32.31, 32.06, 33.16), 内存使用率: 19.4%📊 系统监控 - 负载: (32.36, 32.08, 33.16), 内存使用率: 19.4%📊 系统监控 - 负载: (32.25, 32.06, 33.15), 内存使用率: 19.3%📊 系统监控 - 负载: (32.25, 32.06, 33.15), 内存使用率: 19.4%📊 系统监控 - 负载: (32.07, 32.02, 33.13), 内存使用率: 19.2%📊 系统监控 - 负载: (32.07, 32.02, 33.13), 内存使用率: 19.2%📊 系统监控 - 负载: (32.07, 32.02, 33.13), 内存使用率: 19.3%📊 系统监控 - 负载: (32.14, 32.04, 33.13), 内存使用率: 19.2%📊 系统监控 - 负载: (32.14, 32.04, 33.13), 内存使用率: 19.1%📊 系统监控 - 负载: (32.13, 32.04, 33.12), 内存使用率: 19.1%📊 系统监控 - 负载: (32.13, 32.04, 33.12), 内存使用率: 19.2%📊 系统监控 - 负载: (32.12, 32.04, 33.11), 内存使用率: 19.2%📊 系统监控 - 负载: (32.03, 32.02, 33.1), 内存使用率: 19.1%📊 系统监控 - 负载: (32.03, 32.02, 33.1), 内存使用率: 19.0%📊 系统监控 - 负载: (32.11, 32.04, 33.1), 内存使用率: 19.1%📊 系统监控 - 负载: (32.11, 32.04, 33.1), 内存使用率: 19.0%📊 系统监控 - 负载: (32.02, 32.02, 33.09), 内存使用率: 19.0%📊 系统监控 - 负载: (31.62, 31.94, 33.06), 内存使用率: 19.2%📊 系统监控 - 负载: (31.62, 31.94, 33.06), 内存使用率: 19.1%📊 系统监控 - 负载: (31.73, 31.95, 33.06), 内存使用率: 19.2%📊 系统监控 - 负载: (31.73, 31.95, 33.06), 内存使用率: 19.1%📊 系统监控 - 负载: (31.91, 31.99, 33.06), 内存使用率: 19.1%📊 系统监控 - 负载: (31.84, 31.97, 33.05), 内存使用率: 19.1%📊 系统监控 - 负载: (31.84, 31.97, 33.05), 内存使用率: 19.2%📊 系统监控 - 负载: (32.01, 32.0, 33.06), 内存使用率: 19.3%📊 系统监控 - 负载: (32.01, 32.0, 33.06), 内存使用率: 19.2%📊 系统监控 - 负载: (32.01, 32.0, 33.05), 内存使用率: 19.2%📊 系统监控 - 负载: (31.85, 31.97, 33.03), 内存使用率: 19.3%📊 系统监控 - 负载: (31.85, 31.97, 33.03), 内存使用率: 19.3%📊 系统监控 - 负载: (32.1, 32.02, 33.04), 内存使用率: 19.2%📊 系统监控 - 负载: (32.1, 32.02, 33.04), 内存使用率: 19.3%📊 系统监控 - 负载: (32.17, 32.04, 33.04), 内存使用率: 19.3%📊 系统监控 - 负载: (32.24, 32.05, 33.04), 内存使用率: 19.2%📊 系统监控 - 负载: (32.24, 32.05, 33.04), 内存使用率: 19.3%📊 系统监控 - 负载: (32.22, 32.05, 33.04), 内存使用率: 19.3%📊 系统监控 - 负载: (32.22, 32.05, 33.04), 内存使用率: 19.5%📊 系统监控 - 负载: (32.12, 32.04, 33.03), 内存使用率: 19.4%📊 系统监控 - 负载: (31.95, 32.0, 33.01), 内存使用率: 19.3%📊 系统监控 - 负载: (31.95, 32.0, 33.01), 内存使用率: 19.0%📊 系统监控 - 负载: (32.12, 32.04, 33.02), 内存使用率: 19.0%📊 系统监控 - 负载: (32.12, 32.04, 33.02), 内存使用率: 19.0%📊 系统监控 - 负载: (32.19, 32.05, 33.02), 内存使用率: 19.0%📊 系统监控 - 负载: (31.77, 31.97, 32.99), 内存使用率: 19.2%📊 系统监控 - 负载: (31.77, 31.97, 32.99), 内存使用率: 19.2%📊 系统监控 - 负载: (32.11, 32.03, 33.0), 内存使用率: 18.8%📊 系统监控 - 负载: (32.11, 32.03, 33.0), 内存使用率: 18.8%📊 系统监控 - 负载: (31.94, 32.0, 32.99), 内存使用率: 18.9%📊 系统监控 - 负载: (31.87, 31.98, 32.97), 内存使用率: 18.8%📊 系统监控 - 负载: (31.87, 31.98, 32.97), 内存使用率: 18.9%📊 系统监控 - 负载: (32.04, 32.02, 32.98), 内存使用率: 18.8%📊 系统监控 - 负载: (32.04, 32.02, 32.98), 内存使用率: 18.9%[I 2026-01-04 01:05:07,138] Trial 14 finished with value: 0.7441544152827817 and parameters: {'p_crossover': 0.6988049595242306, 'p_subtree_mutation': 0.14202147758836592, 'p_hoist_mutation': 0.038084289381334645, 'p_point_mutation': 0.11442569493098509, 'population_size': 15000, 'generations': 30, 'function_set': ['add', 'sub', 'mul', 'div', 'abs', 'sqrt'], 'parsimony_coefficient': 0.0006337411963587618, 'tournament_size': 15}. Best is trial 9 with value: 0.7540397082023692.
[I 2026-01-04 01:05:37,907] Trial 11 finished with value: -0.6170381591734199 and parameters: {'p_crossover': 0.4622856524864553, 'p_subtree_mutation': 0.1946654642909337, 'p_hoist_mutation': 0.010679258738466382, 'p_point_mutation': 0.2061530392988695, 'population_size': 20000, 'generations': 30, 'function_set': ['add', 'sub', 'mul', 'div', 'abs', 'sqrt', 'log', 'inv', 'sin', 'cos'], 'parsimony_coefficient': 0.0075054129314782204, 'tournament_size': 10}. Best is trial 4 with value: 0.8314899623994423.
[I 2026-01-04 01:05:44,182] Trial 14 finished with value: 0.08887906686527519 and parameters: {'p_crossover': 0.5028397864798949, 'p_subtree_mutation': 0.11012816917276207, 'p_hoist_mutation': 0.024020541387386688, 'p_point_mutation': 0.3628119389209192, 'population_size': 20000, 'generations': 30, 'function_set': ['add', 'sub', 'mul', 'div', 'abs', 'sqrt'], 'parsimony_coefficient': 0.004160617933755995, 'tournament_size': 15}. Best is trial 9 with value: 0.7540397082023692.
[I 2026-01-04 01:05:44,617] Trial 14 finished with value: 0.09741989704758003 and parameters: {'p_crossover': 0.5028397864798949, 'p_subtree_mutation': 0.11012816917276207, 'p_hoist_mutation': 0.024020541387386688, 'p_point_mutation': 0.3628119389209192, 'population_size': 20000, 'generations': 30, 'function_set': ['add', 'sub', 'mul', 'div', 'abs', 'sqrt'], 'parsimony_coefficient': 0.004160617933755995, 'tournament_size': 15}. Best is trial 9 with value: 0.7540397082023692.
[I 2026-01-04 01:05:50,117] Trial 14 finished with value: 0.06724808517211944 and parameters: {'p_crossover': 0.5028397864798949, 'p_subtree_mutation': 0.11012816917276207, 'p_hoist_mutation': 0.024020541387386688, 'p_point_mutation': 0.3628119389209192, 'population_size': 20000, 'generations': 30, 'function_set': ['add', 'sub', 'mul', 'div', 'abs', 'sqrt'], 'parsimony_coefficient': 0.004160617933755995, 'tournament_size': 15}. Best is trial 9 with value: 0.7540397082023692.
[I 2026-01-04 01:06:00,798] Trial 14 finished with value: 0.6827995826379423 and parameters: {'p_crossover': 0.5028397864798949, 'p_subtree_mutation': 0.11012816917276207, 'p_hoist_mutation': 0.024020541387386688, 'p_point_mutation': 0.3628119389209192, 'population_size': 20000, 'generations': 30, 'function_set': ['add', 'sub', 'mul', 'div', 'abs', 'sqrt'], 'parsimony_coefficient': 0.004160617933755995, 'tournament_size': 15}. Best is trial 9 with value: 0.7540397082023692.
[I 2026-01-04 01:08:24,892] Trial 11 finished with value: -0.9937119933875322 and parameters: {'p_crossover': 0.4622856524864553, 'p_subtree_mutation': 0.17447000049355868, 'p_hoist_mutation': 0.029276562477471773, 'p_point_mutation': 0.2070368367358509, 'population_size': 25000, 'generations': 50, 'function_set': ['add', 'sub', 'mul', 'div', 'abs', 'sqrt'], 'parsimony_coefficient': 0.008494122721861107, 'tournament_size': 10}. Best is trial 9 with value: 0.7540397082023692.
📊 系统监控 - 负载: (31.79, 31.97, 32.96), 内存使用率: 18.9%📊 系统监控 - 负载: (31.81, 31.97, 32.95), 内存使用率: 18.8%📊 系统监控 - 负载: (31.81, 31.97, 32.95), 内存使用率: 18.9%📊 系统监控 - 负载: (31.91, 31.98, 32.95), 内存使用率: 18.9%📊 系统监控 - 负载: (31.91, 31.98, 32.95), 内存使用率: 18.9%📊 系统监控 - 负载: (32.07, 32.02, 32.96), 内存使用率: 19.1%📊 系统监控 - 负载: (31.91, 31.98, 32.94), 内存使用率: 18.9%📊 系统监控 - 负载: (31.91, 31.98, 32.94), 内存使用率: 18.8%📊 系统监控 - 负载: (32.07, 32.02, 32.95), 内存使用率: 18.9%📊 系统监控 - 负载: (32.07, 32.02, 32.94), 内存使用率: 18.9%📊 系统监控 - 负载: (32.07, 32.02, 32.94), 内存使用率: 18.9%📊 系统监控 - 负载: (32.06, 32.02, 32.94), 内存使用率: 18.9%📊 系统监控 - 负载: (32.06, 32.02, 32.94), 内存使用率: 18.9%📊 系统监控 - 负载: (32.14, 32.03, 32.94), 内存使用率: 18.9%📊 系统监控 - 负载: (32.05, 32.02, 32.93), 内存使用率: 19.0%📊 系统监控 - 负载: (32.05, 32.02, 32.93), 内存使用率: 19.0%📊 系统监控 - 负载: (32.12, 32.03, 32.93), 内存使用率: 18.9%📊 系统监控 - 负载: (32.12, 32.03, 32.93), 内存使用率: 19.0%📊 系统监控 - 负载: (32.19, 32.05, 32.93), 内存使用率: 19.0%📊 系统监控 - 负载: (32.18, 32.05, 32.93), 内存使用率: 19.1%📊 系统监控 - 负载: (32.18, 32.05, 32.93), 内存使用率: 19.1%📊 系统监控 - 负载: (32.24, 32.06, 32.93), 内存使用率: 19.0%📊 系统监控 - 负载: (32.24, 32.06, 32.93), 内存使用率: 19.0%📊 系统监控 - 负载: (32.54, 32.13, 32.94), 内存使用率: 19.0%📊 系统监控 - 负载: (32.02, 32.03, 32.91), 内存使用率: 19.1%📊 系统监控 - 负载: (32.02, 32.03, 32.91), 内存使用率: 19.1%📊 系统监控 - 负载: (31.7, 31.96, 32.88), 内存使用率: 19.2%📊 系统监控 - 负载: (31.7, 31.96, 32.88), 内存使用率: 19.0%📊 系统监控 - 负载: (31.72, 31.96, 32.87), 内存使用率: 19.0%📊 系统监控 - 负载: (31.91, 31.99, 32.88), 内存使用率: 19.0%📊 系统监控 - 负载: (31.91, 31.99, 32.88), 内存使用率: 19.0%📊 系统监控 - 负载: (31.75, 31.96, 32.87), 内存使用率: 19.0%📊 系统监控 - 负载: (31.75, 31.96, 32.87), 内存使用率: 19.0%📊 系统监控 - 负载: (31.45, 31.9, 32.84), 内存使用率: 19.0%📊 系统监控 - 负载: (31.34, 31.86, 32.82), 内存使用率: 19.1%📊 系统监控 - 负载: (31.34, 31.86, 32.82), 内存使用率: 19.2%📊 系统监控 - 负载: (31.47, 31.88, 32.82), 内存使用率: 19.2%📊 系统监控 - 负载: (31.47, 31.88, 32.82), 内存使用率: 19.0%📊 系统监控 - 负载: (31.35, 31.85, 32.81), 内存使用率: 19.0%📊 系统监控 - 负载: (31.32, 31.84, 32.8), 内存使用率: 19.1%📊 系统监控 - 负载: (31.32, 31.84, 32.8), 内存使用率: 19.0%📊 系统监控 - 负载: (31.3, 31.82, 32.79), 内存使用率: 19.1%📊 系统监控 - 负载: (31.3, 31.82, 32.79), 内存使用率: 19.1%📊 系统监控 - 负载: (31.43, 31.84, 32.79), 内存使用率: 19.0%📊 系统监控 - 负载: (31.8, 31.91, 32.81), 内存使用率: 19.0%📊 系统监控 - 负载: (31.8, 31.91, 32.81), 内存使用率: 18.9%📊 系统监控 - 负载: (31.98, 31.95, 32.81), 内存使用率: 18.9%📊 系统监控 - 负载: (31.98, 31.95, 32.81), 内存使用率: 18.9%📊 系统监控 - 负载: (31.98, 31.95, 32.81), 内存使用率: 18.9%📊 系统监控 - 负载: (31.82, 31.92, 32.79), 内存使用率: 19.0%📊 系统监控 - 负载: (31.82, 31.92, 32.79), 内存使用率: 18.8%📊 系统监控 - 负载: (31.83, 31.92, 32.79), 内存使用率: 18.8%📊 系统监控 - 负载: (31.83, 31.92, 32.79), 内存使用率: 18.9%📊 系统监控 - 负载: (31.85, 31.92, 32.79), 内存使用率: 18.8%📊 系统监控 - 负载: (31.7, 31.89, 32.77), 内存使用率: 19.0%📊 系统监控 - 负载: (31.7, 31.89, 32.77), 内存使用率: 18.7%📊 系统监控 - 负载: (31.88, 31.92, 32.78), 内存使用率: 18.8%📊 系统监控 - 负载: (31.88, 31.92, 32.78), 内存使用率: 18.8%📊 系统监控 - 负载: (31.89, 31.92, 32.77), 内存使用率: 19.0%📊 系统监控 - 负载: (31.66, 31.88, 32.75), 内存使用率: 19.0%📊 系统监控 - 负载: (31.66, 31.88, 32.75), 内存使用率: 18.9%📊 系统监控 - 负载: (31.69, 31.88, 32.75), 内存使用率: 18.9%📊 系统监控 - 负载: (31.69, 31.88, 32.75), 内存使用率: 18.8%📊 系统监控 - 负载: (31.87, 31.91, 32.76), 内存使用率: 18.7%📊 系统监控 - 负载: (31.96, 31.93, 32.76), 内存使用率: 18.8%📊 系统监控 - 负载: (31.96, 31.93, 32.76), 内存使用率: 18.8%📊 系统监控 - 负载: (32.05, 31.95, 32.76), 内存使用率: 18.8%📊 系统监控 - 负载: (32.05, 31.95, 32.76), 内存使用率: 18.8%📊 系统监控 - 负载: (32.2, 31.98, 32.77), 内存使用率: 18.8%📊 系统监控 - 负载: (32.11, 31.97, 32.76), 内存使用率: 18.8%📊 系统监控 - 负载: (32.11, 31.97, 32.76), 内存使用率: 18.8%📊 系统监控 - 负载: (32.1, 31.97, 32.75), 内存使用率: 18.8%📊 系统监控 - 负载: (32.1, 31.97, 32.75), 内存使用率: 18.6%📊 系统监控 - 负载: (32.33, 32.02, 32.76), 内存使用率: 18.8%📊 系统监控 - 负载: (32.22, 32.0, 32.76), 内存使用率: 18.7%📊 系统监控 - 负载: (32.22, 32.0, 32.76), 内存使用率: 18.8%📊 系统监控 - 负载: (32.21, 32.0, 32.75), 内存使用率: 18.8%📊 系统监控 - 负载: (32.21, 32.0, 32.75), 内存使用率: 18.8%📊 系统监控 - 负载: (32.35, 32.03, 32.76), 内存使用率: 18.8%📊 系统监控 - 负载: (32.32, 32.03, 32.75), 内存使用率: 18.8%📊 系统监控 - 负载: (32.32, 32.03, 32.75), 内存使用率: 19.0%📊 系统监控 - 负载: (32.54, 32.08, 32.77), 内存使用率: 18.9%📊 系统监控 - 负载: (32.54, 32.08, 32.77), 内存使用率: 19.0%📊 系统监控 - 负载: (32.25, 32.03, 32.75), 内存使用率: 18.9%📊 系统监控 - 负载: (32.15, 32.01, 32.74), 内存使用率: 18.9%📊 系统监控 - 负载: (32.15, 32.01, 32.74), 内存使用率: 18.9%📊 系统监控 - 负载: (32.14, 32.01, 32.73), 内存使用率: 19.0%📊 系统监控 - 负载: (32.14, 32.01, 32.73), 内存使用率: 19.1%📊 系统监控 - 负载: (31.89, 31.96, 32.71), 内存使用率: 19.1%📊 系统监控 - 负载: (32.06, 32.0, 32.72), 内存使用率: 18.9%📊 系统监控 - 负载: (32.06, 32.0, 32.72), 内存使用率: 18.7%📊 系统监控 - 负载: (32.13, 32.01, 32.72), 内存使用率: 18.8%📊 系统监控 - 负载: (32.13, 32.01, 32.72), 内存使用率: 19.0%📊 系统监控 - 负载: (31.8, 31.95, 32.7), 内存使用率: 18.9%📊 系统监控 - 负载: (31.74, 31.93, 32.69), 内存使用率: 18.8%📊 系统监控 - 负载: (31.74, 31.93, 32.69), 内存使用率: 18.9%📊 系统监控 - 负载: (31.84, 31.95, 32.69), 内存使用率: 18.9%📊 系统监控 - 负载: (31.84, 31.95, 32.69), 内存使用率: 18.8%📊 系统监控 - 负载: (31.85, 31.95, 32.68), 内存使用率: 18.9%📊 系统监控 - 负载: (31.94, 31.97, 32.69), 内存使用率: 18.9%📊 系统监控 - 负载: (31.94, 31.97, 32.69), 内存使用率: 18.9%📊 系统监控 - 负载: (32.11, 32.0, 32.69), 内存使用率: 18.9%📊 系统监控 - 负载: (32.11, 32.0, 32.69), 内存使用率: 18.9%📊 系统监控 - 负载: (32.1, 32.0, 32.69), 内存使用率: 19.0%📊 系统监控 - 负载: (32.09, 32.0, 32.68), 内存使用率: 19.1%📊 系统监控 - 负载: (32.09, 32.0, 32.68), 内存使用率: 19.0%📊 系统监控 - 负载: (32.08, 32.0, 32.68), 内存使用率: 18.9%📊 系统监控 - 负载: (32.08, 32.0, 32.68), 内存使用率: 18.9%📊 系统监控 - 负载: (32.24, 32.04, 32.69), 内存使用率: 18.9%📊 系统监控 - 负载: (31.98, 31.98, 32.67), 内存使用率: 18.9%📊 系统监控 - 负载: (31.98, 31.98, 32.67), 内存使用率: 19.1%[I 2026-01-04 01:10:06,041] Trial 15 finished with value: 0.6785802647309107 and parameters: {'p_crossover': 0.6927476156168851, 'p_subtree_mutation': 0.1724638216158683, 'p_hoist_mutation': 0.02508297131266519, 'p_point_mutation': 0.10763646127570506, 'population_size': 20000, 'generations': 30, 'function_set': ['add', 'sub', 'mul', 'div', 'abs', 'sqrt'], 'parsimony_coefficient': 0.0005887566238745407, 'tournament_size': 15}. Best is trial 9 with value: 0.7540397082023692.
[I 2026-01-04 01:11:08,250] Trial 12 finished with value: -0.2731589632198396 and parameters: {'p_crossover': 0.6215216634175063, 'p_subtree_mutation': 0.10593303854693217, 'p_hoist_mutation': 0.034149789251035734, 'p_point_mutation': 0.13710364359267707, 'population_size': 20000, 'generations': 40, 'function_set': ['add', 'sub', 'mul', 'div', 'abs', 'sqrt'], 'parsimony_coefficient': 0.005373713206635384, 'tournament_size': 10}. Best is trial 9 with value: 0.7540397082023692.
[I 2026-01-04 01:11:23,423] Trial 12 finished with value: -0.3220682534604025 and parameters: {'p_crossover': 0.6215216634175063, 'p_subtree_mutation': 0.10593303854693217, 'p_hoist_mutation': 0.034149789251035734, 'p_point_mutation': 0.13710364359267707, 'population_size': 20000, 'generations': 40, 'function_set': ['add', 'sub', 'mul', 'div', 'abs', 'sqrt'], 'parsimony_coefficient': 0.005373713206635384, 'tournament_size': 10}. Best is trial 9 with value: 0.7540397082023692.
[I 2026-01-04 01:13:43,122] Trial 14 finished with value: 0.6273826334009365 and parameters: {'p_crossover': 0.46814170349526363, 'p_subtree_mutation': 0.11555452665476386, 'p_hoist_mutation': 0.024020541387386688, 'p_point_mutation': 0.39206500190247295, 'population_size': 30000, 'generations': 40, 'function_set': ['add', 'sub', 'mul', 'div', 'abs', 'sqrt'], 'parsimony_coefficient': 0.0006013837899177982, 'tournament_size': 15}. Best is trial 13 with value: 0.7980895871066556.
[I 2026-01-04 01:14:51,254] Trial 15 finished with value: 0.7031894864994004 and parameters: {'p_crossover': 0.4685356604842782, 'p_subtree_mutation': 0.16803646747093648, 'p_hoist_mutation': 0.06669409764976833, 'p_point_mutation': 0.2555193654114683, 'population_size': 25000, 'generations': 50, 'function_set': ['add', 'sub', 'mul', 'div', 'abs', 'sqrt', 'log', 'inv', 'sin', 'cos'], 'parsimony_coefficient': 0.003801293272819374, 'tournament_size': 15}. Best is trial 9 with value: 0.7540397082023692.
[I 2026-01-04 01:14:54,965] Trial 15 finished with value: 0.7251860419038496 and parameters: {'p_crossover': 0.4685356604842782, 'p_subtree_mutation': 0.16803646747093648, 'p_hoist_mutation': 0.06669409764976833, 'p_point_mutation': 0.2555193654114683, 'population_size': 25000, 'generations': 50, 'function_set': ['add', 'sub', 'mul', 'div', 'abs', 'sqrt', 'log', 'inv', 'sin', 'cos'], 'parsimony_coefficient': 0.003801293272819374, 'tournament_size': 15}. Best is trial 9 with value: 0.7540397082023692.
[I 2026-01-04 01:14:58,537] Trial 15 finished with value: 0.7187982047197936 and parameters: {'p_crossover': 0.4685356604842782, 'p_subtree_mutation': 0.16803646747093648, 'p_hoist_mutation': 0.06669409764976833, 'p_point_mutation': 0.2555193654114683, 'population_size': 25000, 'generations': 50, 'function_set': ['add', 'sub', 'mul', 'div', 'abs', 'sqrt', 'log', 'inv', 'sin', 'cos'], 'parsimony_coefficient': 0.003801293272819374, 'tournament_size': 15}. Best is trial 9 with value: 0.7540397082023692.
